CRITICAL - 2025-05-28 20:30:05 --> Error: Call to undefined method App\Controllers\Auth::template()
[Method: GET, Route: auth/forgotPassword]
in APPPATH\Controllers\Auth.php on line 61.
 1 SYSTEMPATH\CodeIgniter.php(933): App\Controllers\Auth->forgotPassword()
 2 SYSTEMPATH\CodeIgniter.php(507): CodeIgniter\CodeIgniter->runController(Object(App\Controllers\Auth))
 3 SYSTEMPATH\CodeIgniter.php(354): CodeIgniter\CodeIgniter->handleRequest(null, Object(Config\Cache), false)
 4 SYSTEMPATH\Boot.php(334): CodeIgniter\CodeIgniter->run()
 5 SYSTEMPATH\Boot.php(67): CodeIgniter\Boot::runCodeIgniter(Object(CodeIgniter\CodeIgniter))
 6 FCPATH\index.php(59): CodeIgniter\Boot::bootWeb(Object(Config\Paths))
CRITICAL - 2025-05-28 20:37:44 --> CodeIgniter\View\Exceptions\ViewException: Invalid file: "forgot_password.php"
[Method: GET, Route: home/forgotPassword]
in SYSTEMPATH\Exceptions\FrameworkException.php on line 39.
 1 SYSTEMPATH\View\View.php(212): CodeIgniter\Exceptions\FrameworkException::forInvalidFile('forgot_password.php')
 2 SYSTEMPATH\Common.php(1173): CodeIgniter\View\View->render('forgot_password', [], true)
 3 APPPATH\Controllers\BaseController.php(62): view('forgot_password', [...])
 4 APPPATH\Controllers\Home.php(26): App\Controllers\BaseController->template('forgot_password', [...])
 5 SYSTEMPATH\CodeIgniter.php(933): App\Controllers\Home->forgotPassword()
 6 SYSTEMPATH\CodeIgniter.php(507): CodeIgniter\CodeIgniter->runController(Object(App\Controllers\Home))
 7 SYSTEMPATH\CodeIgniter.php(354): CodeIgniter\CodeIgniter->handleRequest(null, Object(Config\Cache), false)
 8 SYSTEMPATH\Boot.php(334): CodeIgniter\CodeIgniter->run()
 9 SYSTEMPATH\Boot.php(67): CodeIgniter\Boot::runCodeIgniter(Object(CodeIgniter\CodeIgniter))
10 FCPATH\index.php(59): CodeIgniter\Boot::bootWeb(Object(Config\Paths))
