CRITICAL - 2025-06-10 22:33:10 --> ErrorException: Undefined array key "email"
[Method: POST, Route: api/invite/1]
in APPPATH\Controllers\Api\Team.php on line 77.
 1 APPPATH\Controllers\Api\Team.php(77): CodeIgniter\Debug\Exceptions->errorHandler(2, 'Undefined array key "email"', 'C:\\xampp\\htdocs\\notes-saas\\app\\Controllers\\Api\\Team.php', 77)
 2 SYSTEMPATH\CodeIgniter.php(933): App\Controllers\Api\Team->invite('1')
 3 SYSTEMPATH\CodeIgniter.php(507): CodeIgniter\CodeIgniter->runController(Object(App\Controllers\Api\Team))
 4 SYSTEMPATH\CodeIgniter.php(354): CodeIgniter\CodeIgniter->handleRequest(null, Object(Config\Cache), false)
 5 SYSTEMPATH\Boot.php(334): CodeIgniter\CodeIgniter->run()
 6 SYSTEMPATH\Boot.php(67): CodeIgniter\Boot::runCodeIgniter(Object(CodeIgniter\CodeIgniter))
 7 FCPATH\index.php(59): CodeIgniter\Boot::bootWeb(Object(Config\Paths))
CRITICAL - 2025-06-10 22:36:01 --> ErrorException: Undefined array key "email"
[Method: POST, Route: api/invite/1]
in APPPATH\Controllers\Api\Team.php on line 77.
 1 APPPATH\Controllers\Api\Team.php(77): CodeIgniter\Debug\Exceptions->errorHandler(2, 'Undefined array key "email"', 'C:\\xampp\\htdocs\\notes-saas\\app\\Controllers\\Api\\Team.php', 77)
 2 SYSTEMPATH\CodeIgniter.php(933): App\Controllers\Api\Team->invite('1')
 3 SYSTEMPATH\CodeIgniter.php(507): CodeIgniter\CodeIgniter->runController(Object(App\Controllers\Api\Team))
 4 SYSTEMPATH\CodeIgniter.php(354): CodeIgniter\CodeIgniter->handleRequest(null, Object(Config\Cache), false)
 5 SYSTEMPATH\Boot.php(334): CodeIgniter\CodeIgniter->run()
 6 SYSTEMPATH\Boot.php(67): CodeIgniter\Boot::runCodeIgniter(Object(CodeIgniter\CodeIgniter))
 7 FCPATH\index.php(59): CodeIgniter\Boot::bootWeb(Object(Config\Paths))
