ERROR - 2025-06-21 07:58:16 --> CodeIgniter\View\Exceptions\ViewException: Invalid file: "C:\xampp\htdocs\notes-saas\app\Commands//Views.php" in C:\xampp\htdocs\notes-saas\vendor\codeigniter4\framework\system\Exceptions\FrameworkException.php:39
Stack trace:
#0 C:\xampp\htdocs\notes-saas\vendor\codeigniter4\framework\system\View\View.php(212): CodeIgniter\Exceptions\FrameworkException::forInvalidFile('C:\\xampp\\htdocs...')
#1 C:\xampp\htdocs\notes-saas\vendor\codeigniter4\framework\system\Common.php(1173): CodeIgniter\View\View->render('C:\\xampp\\htdocs...', Array, true)
#2 C:\xampp\htdocs\notes-saas\vendor\codeigniter4\framework\system\CLI\GeneratorTrait.php(347): view('C:\\xampp\\htdocs...', Array, Array)
#3 C:\xampp\htdocs\notes-saas\vendor\codeigniter4\framework\system\CLI\GeneratorTrait.php(390): App\Commands\FactoryGenerator->renderTemplate(Array)
#4 C:\xampp\htdocs\notes-saas\vendor\codeigniter4\framework\system\CLI\GeneratorTrait.php(253): App\Commands\FactoryGenerator->parseTemplate('App\\Database\\Fa...')
#5 C:\xampp\htdocs\notes-saas\vendor\codeigniter4\framework\system\CLI\GeneratorTrait.php(400): App\Commands\FactoryGenerator->prepare('App\\Database\\Fa...')
#6 C:\xampp\htdocs\notes-saas\vendor\codeigniter4\framework\system\CLI\GeneratorTrait.php(135): App\Commands\FactoryGenerator->buildContent('App\\Database\\Fa...')
#7 C:\xampp\htdocs\notes-saas\app\Commands\FactoryGenerator.php(48): App\Commands\FactoryGenerator->generateClass(Array)
#8 C:\xampp\htdocs\notes-saas\vendor\codeigniter4\framework\system\CLI\Commands.php(74): App\Commands\FactoryGenerator->run(Array)
#9 C:\xampp\htdocs\notes-saas\vendor\codeigniter4\framework\system\CLI\Console.php(47): CodeIgniter\CLI\Commands->run('make:factory', Array)
#10 C:\xampp\htdocs\notes-saas\vendor\codeigniter4\framework\system\Boot.php(360): CodeIgniter\CLI\Console->run()
#11 C:\xampp\htdocs\notes-saas\vendor\codeigniter4\framework\system\Boot.php(104): CodeIgniter\Boot::runCommand(Object(CodeIgniter\CLI\Console))
#12 C:\xampp\htdocs\notes-saas\spark(87): CodeIgniter\Boot::bootSpark(Object(Config\Paths))
#13 {main}
ERROR - 2025-06-21 07:59:57 --> CodeIgniter\View\Exceptions\ViewException: Invalid file: "C:\xampp\htdocs\notes-saas\app\Commands//Views.php" in C:\xampp\htdocs\notes-saas\vendor\codeigniter4\framework\system\Exceptions\FrameworkException.php:39
Stack trace:
#0 C:\xampp\htdocs\notes-saas\vendor\codeigniter4\framework\system\View\View.php(212): CodeIgniter\Exceptions\FrameworkException::forInvalidFile('C:\\xampp\\htdocs...')
#1 C:\xampp\htdocs\notes-saas\vendor\codeigniter4\framework\system\Common.php(1173): CodeIgniter\View\View->render('C:\\xampp\\htdocs...', Array, true)
#2 C:\xampp\htdocs\notes-saas\vendor\codeigniter4\framework\system\CLI\GeneratorTrait.php(347): view('C:\\xampp\\htdocs...', Array, Array)
#3 C:\xampp\htdocs\notes-saas\vendor\codeigniter4\framework\system\CLI\GeneratorTrait.php(390): App\Commands\FactoryGenerator->renderTemplate(Array)
#4 C:\xampp\htdocs\notes-saas\vendor\codeigniter4\framework\system\CLI\GeneratorTrait.php(253): App\Commands\FactoryGenerator->parseTemplate('App\\Database\\Fa...')
#5 C:\xampp\htdocs\notes-saas\vendor\codeigniter4\framework\system\CLI\GeneratorTrait.php(400): App\Commands\FactoryGenerator->prepare('App\\Database\\Fa...')
#6 C:\xampp\htdocs\notes-saas\vendor\codeigniter4\framework\system\CLI\GeneratorTrait.php(135): App\Commands\FactoryGenerator->buildContent('App\\Database\\Fa...')
#7 C:\xampp\htdocs\notes-saas\app\Commands\FactoryGenerator.php(48): App\Commands\FactoryGenerator->generateClass(Array)
#8 C:\xampp\htdocs\notes-saas\vendor\codeigniter4\framework\system\CLI\Commands.php(74): App\Commands\FactoryGenerator->run(Array)
#9 C:\xampp\htdocs\notes-saas\vendor\codeigniter4\framework\system\CLI\Console.php(47): CodeIgniter\CLI\Commands->run('make:factory', Array)
#10 C:\xampp\htdocs\notes-saas\vendor\codeigniter4\framework\system\Boot.php(360): CodeIgniter\CLI\Console->run()
#11 C:\xampp\htdocs\notes-saas\vendor\codeigniter4\framework\system\Boot.php(104): CodeIgniter\Boot::runCommand(Object(CodeIgniter\CLI\Console))
#12 C:\xampp\htdocs\notes-saas\spark(87): CodeIgniter\Boot::bootSpark(Object(Config\Paths))
#13 {main}
ERROR - 2025-06-21 08:01:05 --> CodeIgniter\View\Exceptions\ViewException: Invalid file: "C:\xampp\htdocs\notes-saas\app\Commands//Views.php" in C:\xampp\htdocs\notes-saas\vendor\codeigniter4\framework\system\Exceptions\FrameworkException.php:39
Stack trace:
#0 C:\xampp\htdocs\notes-saas\vendor\codeigniter4\framework\system\View\View.php(212): CodeIgniter\Exceptions\FrameworkException::forInvalidFile('C:\\xampp\\htdocs...')
#1 C:\xampp\htdocs\notes-saas\vendor\codeigniter4\framework\system\Common.php(1173): CodeIgniter\View\View->render('C:\\xampp\\htdocs...', Array, true)
#2 C:\xampp\htdocs\notes-saas\vendor\codeigniter4\framework\system\CLI\GeneratorTrait.php(347): view('C:\\xampp\\htdocs...', Array, Array)
#3 C:\xampp\htdocs\notes-saas\vendor\codeigniter4\framework\system\CLI\GeneratorTrait.php(390): App\Commands\FactoryGenerator->renderTemplate(Array)
#4 C:\xampp\htdocs\notes-saas\vendor\codeigniter4\framework\system\CLI\GeneratorTrait.php(253): App\Commands\FactoryGenerator->parseTemplate('App\\Database\\Fa...')
#5 C:\xampp\htdocs\notes-saas\vendor\codeigniter4\framework\system\CLI\GeneratorTrait.php(400): App\Commands\FactoryGenerator->prepare('App\\Database\\Fa...')
#6 C:\xampp\htdocs\notes-saas\vendor\codeigniter4\framework\system\CLI\GeneratorTrait.php(135): App\Commands\FactoryGenerator->buildContent('App\\Database\\Fa...')
#7 C:\xampp\htdocs\notes-saas\app\Commands\FactoryGenerator.php(48): App\Commands\FactoryGenerator->generateClass(Array)
#8 C:\xampp\htdocs\notes-saas\vendor\codeigniter4\framework\system\CLI\Commands.php(74): App\Commands\FactoryGenerator->run(Array)
#9 C:\xampp\htdocs\notes-saas\vendor\codeigniter4\framework\system\CLI\Console.php(47): CodeIgniter\CLI\Commands->run('make:factory', Array)
#10 C:\xampp\htdocs\notes-saas\vendor\codeigniter4\framework\system\Boot.php(360): CodeIgniter\CLI\Console->run()
#11 C:\xampp\htdocs\notes-saas\vendor\codeigniter4\framework\system\Boot.php(104): CodeIgniter\Boot::runCommand(Object(CodeIgniter\CLI\Console))
#12 C:\xampp\htdocs\notes-saas\spark(87): CodeIgniter\Boot::bootSpark(Object(Config\Paths))
#13 {main}
CRITICAL - 2025-06-21 08:01:05 --> CodeIgniter\View\Exceptions\ViewException: Invalid file: "CodeIgniter\Commands\Generators\Views\factory.tpl.php"
[Method: CLI, Route: make:factory/autoFactory]
in SYSTEMPATH\Exceptions\FrameworkException.php on line 39.
 1 SYSTEMPATH\View\View.php(212): CodeIgniter\Exceptions\FrameworkException::forInvalidFile('CodeIgniter\\Commands\\Generators\\Views\\factory.tpl.php')
 2 SYSTEMPATH\Common.php(1173): CodeIgniter\View\View->render('CodeIgniter\\Commands\\Generators\\Views\\factory.tpl.php', [...], true)
 3 SYSTEMPATH\CLI\GeneratorTrait.php(354): view('CodeIgniter\\Commands\\Generators\\Views\\factory.tpl.php', [], [...])
 4 SYSTEMPATH\CLI\GeneratorTrait.php(390): App\Commands\FactoryGenerator->renderTemplate([])
 5 SYSTEMPATH\CLI\GeneratorTrait.php(253): App\Commands\FactoryGenerator->parseTemplate('App\\Database\\Factories\\AutoFactory')
 6 SYSTEMPATH\CLI\GeneratorTrait.php(400): App\Commands\FactoryGenerator->prepare('App\\Database\\Factories\\AutoFactory')
 7 SYSTEMPATH\CLI\GeneratorTrait.php(135): App\Commands\FactoryGenerator->buildContent('App\\Database\\Factories\\AutoFactory')
 8 APPPATH\Commands\FactoryGenerator.php(48): App\Commands\FactoryGenerator->generateClass([...])
 9 SYSTEMPATH\CLI\Commands.php(74): App\Commands\FactoryGenerator->run([...])
10 SYSTEMPATH\CLI\Console.php(47): CodeIgniter\CLI\Commands->run('make:factory', [...])
11 SYSTEMPATH\Boot.php(360): CodeIgniter\CLI\Console->run()
12 SYSTEMPATH\Boot.php(104): CodeIgniter\Boot::runCommand(Object(CodeIgniter\CLI\Console))
13 ROOTPATH\spark(87): CodeIgniter\Boot::bootSpark(Object(Config\Paths))
ERROR - 2025-06-21 08:02:19 --> CodeIgniter\View\Exceptions\ViewException: Invalid file: "C:\xampp\htdocs\notes-saas\app\Commands/Views.php" in C:\xampp\htdocs\notes-saas\vendor\codeigniter4\framework\system\Exceptions\FrameworkException.php:39
Stack trace:
#0 C:\xampp\htdocs\notes-saas\vendor\codeigniter4\framework\system\View\View.php(212): CodeIgniter\Exceptions\FrameworkException::forInvalidFile('C:\\xampp\\htdocs...')
#1 C:\xampp\htdocs\notes-saas\vendor\codeigniter4\framework\system\Common.php(1173): CodeIgniter\View\View->render('C:\\xampp\\htdocs...', Array, true)
#2 C:\xampp\htdocs\notes-saas\vendor\codeigniter4\framework\system\CLI\GeneratorTrait.php(347): view('C:\\xampp\\htdocs...', Array, Array)
#3 C:\xampp\htdocs\notes-saas\vendor\codeigniter4\framework\system\CLI\GeneratorTrait.php(390): App\Commands\FactoryGenerator->renderTemplate(Array)
#4 C:\xampp\htdocs\notes-saas\vendor\codeigniter4\framework\system\CLI\GeneratorTrait.php(253): App\Commands\FactoryGenerator->parseTemplate('App\\Database\\Fa...')
#5 C:\xampp\htdocs\notes-saas\vendor\codeigniter4\framework\system\CLI\GeneratorTrait.php(400): App\Commands\FactoryGenerator->prepare('App\\Database\\Fa...')
#6 C:\xampp\htdocs\notes-saas\vendor\codeigniter4\framework\system\CLI\GeneratorTrait.php(135): App\Commands\FactoryGenerator->buildContent('App\\Database\\Fa...')
#7 C:\xampp\htdocs\notes-saas\app\Commands\FactoryGenerator.php(48): App\Commands\FactoryGenerator->generateClass(Array)
#8 C:\xampp\htdocs\notes-saas\vendor\codeigniter4\framework\system\CLI\Commands.php(74): App\Commands\FactoryGenerator->run(Array)
#9 C:\xampp\htdocs\notes-saas\vendor\codeigniter4\framework\system\CLI\Console.php(47): CodeIgniter\CLI\Commands->run('make:factory', Array)
#10 C:\xampp\htdocs\notes-saas\vendor\codeigniter4\framework\system\Boot.php(360): CodeIgniter\CLI\Console->run()
#11 C:\xampp\htdocs\notes-saas\vendor\codeigniter4\framework\system\Boot.php(104): CodeIgniter\Boot::runCommand(Object(CodeIgniter\CLI\Console))
#12 C:\xampp\htdocs\notes-saas\spark(87): CodeIgniter\Boot::bootSpark(Object(Config\Paths))
#13 {main}
CRITICAL - 2025-06-21 08:02:19 --> CodeIgniter\View\Exceptions\ViewException: Invalid file: "CodeIgniter\Commands\Generators\Views\factory.tpl.php"
[Method: CLI, Route: make:factory/autoFactory]
in SYSTEMPATH\Exceptions\FrameworkException.php on line 39.
 1 SYSTEMPATH\View\View.php(212): CodeIgniter\Exceptions\FrameworkException::forInvalidFile('CodeIgniter\\Commands\\Generators\\Views\\factory.tpl.php')
 2 SYSTEMPATH\Common.php(1173): CodeIgniter\View\View->render('CodeIgniter\\Commands\\Generators\\Views\\factory.tpl.php', [...], true)
 3 SYSTEMPATH\CLI\GeneratorTrait.php(354): view('CodeIgniter\\Commands\\Generators\\Views\\factory.tpl.php', [], [...])
 4 SYSTEMPATH\CLI\GeneratorTrait.php(390): App\Commands\FactoryGenerator->renderTemplate([])
 5 SYSTEMPATH\CLI\GeneratorTrait.php(253): App\Commands\FactoryGenerator->parseTemplate('App\\Database\\Factories\\AutoFactory')
 6 SYSTEMPATH\CLI\GeneratorTrait.php(400): App\Commands\FactoryGenerator->prepare('App\\Database\\Factories\\AutoFactory')
 7 SYSTEMPATH\CLI\GeneratorTrait.php(135): App\Commands\FactoryGenerator->buildContent('App\\Database\\Factories\\AutoFactory')
 8 APPPATH\Commands\FactoryGenerator.php(48): App\Commands\FactoryGenerator->generateClass([...])
 9 SYSTEMPATH\CLI\Commands.php(74): App\Commands\FactoryGenerator->run([...])
10 SYSTEMPATH\CLI\Console.php(47): CodeIgniter\CLI\Commands->run('make:factory', [...])
11 SYSTEMPATH\Boot.php(360): CodeIgniter\CLI\Console->run()
12 SYSTEMPATH\Boot.php(104): CodeIgniter\Boot::runCommand(Object(CodeIgniter\CLI\Console))
13 ROOTPATH\spark(87): CodeIgniter\Boot::bootSpark(Object(Config\Paths))
CRITICAL - 2025-06-21 08:08:22 --> TypeError: CodeIgniter\CLI\CLI::color(): Argument #1 ($text) must be of type string, int given, called in C:\xampp\htdocs\notes-saas\app\Commands\FactoryGenerator.php on line 46
[Method: CLI, Route: make:factory/autoFactory]
in SYSTEMPATH\CLI\CLI.php on line 582.
 1 APPPATH\Commands\FactoryGenerator.php(46): CodeIgniter\CLI\CLI::color(141, 'yellow')
 2 SYSTEMPATH\CLI\Commands.php(74): App\Commands\FactoryGenerator->run([...])
 3 SYSTEMPATH\CLI\Console.php(47): CodeIgniter\CLI\Commands->run('make:factory', [...])
 4 SYSTEMPATH\Boot.php(360): CodeIgniter\CLI\Console->run()
 5 SYSTEMPATH\Boot.php(104): CodeIgniter\Boot::runCommand(Object(CodeIgniter\CLI\Console))
 6 ROOTPATH\spark(87): CodeIgniter\Boot::bootSpark(Object(Config\Paths))
CRITICAL - 2025-06-21 08:09:42 --> TypeError: CodeIgniter\CLI\CLI::color(): Argument #1 ($text) must be of type string, int given, called in C:\xampp\htdocs\notes-saas\app\Commands\FactoryGenerator.php on line 55
[Method: CLI, Route: make:factory/autoFactory]
in SYSTEMPATH\CLI\CLI.php on line 582.
 1 APPPATH\Commands\FactoryGenerator.php(55): CodeIgniter\CLI\CLI::color(141, 'yellow')
 2 SYSTEMPATH\CLI\Commands.php(74): App\Commands\FactoryGenerator->run([...])
 3 SYSTEMPATH\CLI\Console.php(47): CodeIgniter\CLI\Commands->run('make:factory', [...])
 4 SYSTEMPATH\Boot.php(360): CodeIgniter\CLI\Console->run()
 5 SYSTEMPATH\Boot.php(104): CodeIgniter\Boot::runCommand(Object(CodeIgniter\CLI\Console))
 6 ROOTPATH\spark(87): CodeIgniter\Boot::bootSpark(Object(Config\Paths))
CRITICAL - 2025-06-21 08:10:19 --> TypeError: CodeIgniter\CLI\CLI::color(): Argument #1 ($text) must be of type string, int given, called in C:\xampp\htdocs\notes-saas\app\Commands\FactoryGenerator.php on line 55
[Method: CLI, Route: make:factory/autoFactory]
in SYSTEMPATH\CLI\CLI.php on line 582.
 1 APPPATH\Commands\FactoryGenerator.php(55): CodeIgniter\CLI\CLI::color(141, 'yellow')
 2 SYSTEMPATH\CLI\Commands.php(74): App\Commands\FactoryGenerator->run([...])
 3 SYSTEMPATH\CLI\Console.php(47): CodeIgniter\CLI\Commands->run('make:factory', [...])
 4 SYSTEMPATH\Boot.php(360): CodeIgniter\CLI\Console->run()
 5 SYSTEMPATH\Boot.php(104): CodeIgniter\Boot::runCommand(Object(CodeIgniter\CLI\Console))
 6 ROOTPATH\spark(87): CodeIgniter\Boot::bootSpark(Object(Config\Paths))
ERROR - 2025-06-21 08:11:42 --> CodeIgniter\View\Exceptions\ViewException: Invalid file: "C:\xampp\htdocs\notes-saas\app\Commands\Views.php" in C:\xampp\htdocs\notes-saas\vendor\codeigniter4\framework\system\Exceptions\FrameworkException.php:39
Stack trace:
#0 C:\xampp\htdocs\notes-saas\vendor\codeigniter4\framework\system\View\View.php(212): CodeIgniter\Exceptions\FrameworkException::forInvalidFile('C:\\xampp\\htdocs...')
#1 C:\xampp\htdocs\notes-saas\vendor\codeigniter4\framework\system\Common.php(1173): CodeIgniter\View\View->render('C:\\xampp\\htdocs...', Array, true)
#2 C:\xampp\htdocs\notes-saas\vendor\codeigniter4\framework\system\CLI\GeneratorTrait.php(347): view('C:\\xampp\\htdocs...', Array, Array)
#3 C:\xampp\htdocs\notes-saas\vendor\codeigniter4\framework\system\CLI\GeneratorTrait.php(390): App\Commands\FactoryGenerator->renderTemplate(Array)
#4 C:\xampp\htdocs\notes-saas\vendor\codeigniter4\framework\system\CLI\GeneratorTrait.php(253): App\Commands\FactoryGenerator->parseTemplate('App\\Database\\Fa...')
#5 C:\xampp\htdocs\notes-saas\vendor\codeigniter4\framework\system\CLI\GeneratorTrait.php(400): App\Commands\FactoryGenerator->prepare('App\\Database\\Fa...')
#6 C:\xampp\htdocs\notes-saas\vendor\codeigniter4\framework\system\CLI\GeneratorTrait.php(135): App\Commands\FactoryGenerator->buildContent('App\\Database\\Fa...')
#7 C:\xampp\htdocs\notes-saas\app\Commands\FactoryGenerator.php(51): App\Commands\FactoryGenerator->generateClass(Array)
#8 C:\xampp\htdocs\notes-saas\vendor\codeigniter4\framework\system\CLI\Commands.php(74): App\Commands\FactoryGenerator->run(Array)
#9 C:\xampp\htdocs\notes-saas\vendor\codeigniter4\framework\system\CLI\Console.php(47): CodeIgniter\CLI\Commands->run('make:factory', Array)
#10 C:\xampp\htdocs\notes-saas\vendor\codeigniter4\framework\system\Boot.php(360): CodeIgniter\CLI\Console->run()
#11 C:\xampp\htdocs\notes-saas\vendor\codeigniter4\framework\system\Boot.php(104): CodeIgniter\Boot::runCommand(Object(CodeIgniter\CLI\Console))
#12 C:\xampp\htdocs\notes-saas\spark(87): CodeIgniter\Boot::bootSpark(Object(Config\Paths))
#13 {main}
CRITICAL - 2025-06-21 08:11:42 --> CodeIgniter\View\Exceptions\ViewException: Invalid file: "CodeIgniter\Commands\Generators\Views\factory.tpl.php"
[Method: CLI, Route: make:factory/autoFactory]
in SYSTEMPATH\Exceptions\FrameworkException.php on line 39.
 1 SYSTEMPATH\View\View.php(212): CodeIgniter\Exceptions\FrameworkException::forInvalidFile('CodeIgniter\\Commands\\Generators\\Views\\factory.tpl.php')
 2 SYSTEMPATH\Common.php(1173): CodeIgniter\View\View->render('CodeIgniter\\Commands\\Generators\\Views\\factory.tpl.php', [...], true)
 3 SYSTEMPATH\CLI\GeneratorTrait.php(354): view('CodeIgniter\\Commands\\Generators\\Views\\factory.tpl.php', [], [...])
 4 SYSTEMPATH\CLI\GeneratorTrait.php(390): App\Commands\FactoryGenerator->renderTemplate([])
 5 SYSTEMPATH\CLI\GeneratorTrait.php(253): App\Commands\FactoryGenerator->parseTemplate('App\\Database\\Factories\\AutoFactory')
 6 SYSTEMPATH\CLI\GeneratorTrait.php(400): App\Commands\FactoryGenerator->prepare('App\\Database\\Factories\\AutoFactory')
 7 SYSTEMPATH\CLI\GeneratorTrait.php(135): App\Commands\FactoryGenerator->buildContent('App\\Database\\Factories\\AutoFactory')
 8 APPPATH\Commands\FactoryGenerator.php(51): App\Commands\FactoryGenerator->generateClass([...])
 9 SYSTEMPATH\CLI\Commands.php(74): App\Commands\FactoryGenerator->run([...])
10 SYSTEMPATH\CLI\Console.php(47): CodeIgniter\CLI\Commands->run('make:factory', [...])
11 SYSTEMPATH\Boot.php(360): CodeIgniter\CLI\Console->run()
12 SYSTEMPATH\Boot.php(104): CodeIgniter\Boot::runCommand(Object(CodeIgniter\CLI\Console))
13 ROOTPATH\spark(87): CodeIgniter\Boot::bootSpark(Object(Config\Paths))
ERROR - 2025-06-21 08:13:29 --> CodeIgniter\View\Exceptions\ViewException: Invalid file: "C:\xampp\htdocs\notes-saas\app\Commands\Views.php" in C:\xampp\htdocs\notes-saas\vendor\codeigniter4\framework\system\Exceptions\FrameworkException.php:39
Stack trace:
#0 C:\xampp\htdocs\notes-saas\vendor\codeigniter4\framework\system\View\View.php(212): CodeIgniter\Exceptions\FrameworkException::forInvalidFile('C:\\xampp\\htdocs...')
#1 C:\xampp\htdocs\notes-saas\vendor\codeigniter4\framework\system\Common.php(1173): CodeIgniter\View\View->render('C:\\xampp\\htdocs...', Array, true)
#2 C:\xampp\htdocs\notes-saas\vendor\codeigniter4\framework\system\CLI\GeneratorTrait.php(347): view('C:\\xampp\\htdocs...', Array, Array)
#3 C:\xampp\htdocs\notes-saas\vendor\codeigniter4\framework\system\CLI\GeneratorTrait.php(390): App\Commands\FactoryGenerator->renderTemplate(Array)
#4 C:\xampp\htdocs\notes-saas\vendor\codeigniter4\framework\system\CLI\GeneratorTrait.php(253): App\Commands\FactoryGenerator->parseTemplate('App\\Database\\Fa...')
#5 C:\xampp\htdocs\notes-saas\vendor\codeigniter4\framework\system\CLI\GeneratorTrait.php(400): App\Commands\FactoryGenerator->prepare('App\\Database\\Fa...')
#6 C:\xampp\htdocs\notes-saas\vendor\codeigniter4\framework\system\CLI\GeneratorTrait.php(135): App\Commands\FactoryGenerator->buildContent('App\\Database\\Fa...')
#7 C:\xampp\htdocs\notes-saas\app\Commands\FactoryGenerator.php(51): App\Commands\FactoryGenerator->generateClass(Array)
#8 C:\xampp\htdocs\notes-saas\vendor\codeigniter4\framework\system\CLI\Commands.php(74): App\Commands\FactoryGenerator->run(Array)
#9 C:\xampp\htdocs\notes-saas\vendor\codeigniter4\framework\system\CLI\Console.php(47): CodeIgniter\CLI\Commands->run('make:factory', Array)
#10 C:\xampp\htdocs\notes-saas\vendor\codeigniter4\framework\system\Boot.php(360): CodeIgniter\CLI\Console->run()
#11 C:\xampp\htdocs\notes-saas\vendor\codeigniter4\framework\system\Boot.php(104): CodeIgniter\Boot::runCommand(Object(CodeIgniter\CLI\Console))
#12 C:\xampp\htdocs\notes-saas\spark(87): CodeIgniter\Boot::bootSpark(Object(Config\Paths))
#13 {main}
CRITICAL - 2025-06-21 08:13:29 --> CodeIgniter\View\Exceptions\ViewException: Invalid file: "CodeIgniter\Commands\Generators\Views\factory.tpl.php"
[Method: CLI, Route: make:factory/autoFactory]
in SYSTEMPATH\Exceptions\FrameworkException.php on line 39.
 1 SYSTEMPATH\View\View.php(212): CodeIgniter\Exceptions\FrameworkException::forInvalidFile('CodeIgniter\\Commands\\Generators\\Views\\factory.tpl.php')
 2 SYSTEMPATH\Common.php(1173): CodeIgniter\View\View->render('CodeIgniter\\Commands\\Generators\\Views\\factory.tpl.php', [...], true)
 3 SYSTEMPATH\CLI\GeneratorTrait.php(354): view('CodeIgniter\\Commands\\Generators\\Views\\factory.tpl.php', [], [...])
 4 SYSTEMPATH\CLI\GeneratorTrait.php(390): App\Commands\FactoryGenerator->renderTemplate([])
 5 SYSTEMPATH\CLI\GeneratorTrait.php(253): App\Commands\FactoryGenerator->parseTemplate('App\\Database\\Factories\\AutoFactory')
 6 SYSTEMPATH\CLI\GeneratorTrait.php(400): App\Commands\FactoryGenerator->prepare('App\\Database\\Factories\\AutoFactory')
 7 SYSTEMPATH\CLI\GeneratorTrait.php(135): App\Commands\FactoryGenerator->buildContent('App\\Database\\Factories\\AutoFactory')
 8 APPPATH\Commands\FactoryGenerator.php(51): App\Commands\FactoryGenerator->generateClass([...])
 9 SYSTEMPATH\CLI\Commands.php(74): App\Commands\FactoryGenerator->run([...])
10 SYSTEMPATH\CLI\Console.php(47): CodeIgniter\CLI\Commands->run('make:factory', [...])
11 SYSTEMPATH\Boot.php(360): CodeIgniter\CLI\Console->run()
12 SYSTEMPATH\Boot.php(104): CodeIgniter\Boot::runCommand(Object(CodeIgniter\CLI\Console))
13 ROOTPATH\spark(87): CodeIgniter\Boot::bootSpark(Object(Config\Paths))
ERROR - 2025-06-21 08:18:43 --> CodeIgniter\View\Exceptions\ViewException: Invalid file: "C:\xampp\htdocs\notes-saas\app\Commands\Templates.php" in C:\xampp\htdocs\notes-saas\vendor\codeigniter4\framework\system\Exceptions\FrameworkException.php:39
Stack trace:
#0 C:\xampp\htdocs\notes-saas\vendor\codeigniter4\framework\system\View\View.php(212): CodeIgniter\Exceptions\FrameworkException::forInvalidFile('C:\\xampp\\htdocs...')
#1 C:\xampp\htdocs\notes-saas\vendor\codeigniter4\framework\system\Common.php(1173): CodeIgniter\View\View->render('C:\\xampp\\htdocs...', Array, true)
#2 C:\xampp\htdocs\notes-saas\vendor\codeigniter4\framework\system\CLI\GeneratorTrait.php(347): view('C:\\xampp\\htdocs...', Array, Array)
#3 C:\xampp\htdocs\notes-saas\vendor\codeigniter4\framework\system\CLI\GeneratorTrait.php(390): App\Commands\FactoryGenerator->renderTemplate(Array)
#4 C:\xampp\htdocs\notes-saas\vendor\codeigniter4\framework\system\CLI\GeneratorTrait.php(253): App\Commands\FactoryGenerator->parseTemplate('App\\Database\\Fa...')
#5 C:\xampp\htdocs\notes-saas\vendor\codeigniter4\framework\system\CLI\GeneratorTrait.php(400): App\Commands\FactoryGenerator->prepare('App\\Database\\Fa...')
#6 C:\xampp\htdocs\notes-saas\vendor\codeigniter4\framework\system\CLI\GeneratorTrait.php(135): App\Commands\FactoryGenerator->buildContent('App\\Database\\Fa...')
#7 C:\xampp\htdocs\notes-saas\app\Commands\FactoryGenerator.php(51): App\Commands\FactoryGenerator->generateClass(Array)
#8 C:\xampp\htdocs\notes-saas\vendor\codeigniter4\framework\system\CLI\Commands.php(74): App\Commands\FactoryGenerator->run(Array)
#9 C:\xampp\htdocs\notes-saas\vendor\codeigniter4\framework\system\CLI\Console.php(47): CodeIgniter\CLI\Commands->run('make:factory', Array)
#10 C:\xampp\htdocs\notes-saas\vendor\codeigniter4\framework\system\Boot.php(360): CodeIgniter\CLI\Console->run()
#11 C:\xampp\htdocs\notes-saas\vendor\codeigniter4\framework\system\Boot.php(104): CodeIgniter\Boot::runCommand(Object(CodeIgniter\CLI\Console))
#12 C:\xampp\htdocs\notes-saas\spark(87): CodeIgniter\Boot::bootSpark(Object(Config\Paths))
#13 {main}
CRITICAL - 2025-06-21 08:18:43 --> CodeIgniter\View\Exceptions\ViewException: Invalid file: "CodeIgniter\Commands\Generators\Views\factory.tpl.php"
[Method: CLI, Route: make:factory/autoFactory]
in SYSTEMPATH\Exceptions\FrameworkException.php on line 39.
 1 SYSTEMPATH\View\View.php(212): CodeIgniter\Exceptions\FrameworkException::forInvalidFile('CodeIgniter\\Commands\\Generators\\Views\\factory.tpl.php')
 2 SYSTEMPATH\Common.php(1173): CodeIgniter\View\View->render('CodeIgniter\\Commands\\Generators\\Views\\factory.tpl.php', [...], true)
 3 SYSTEMPATH\CLI\GeneratorTrait.php(354): view('CodeIgniter\\Commands\\Generators\\Views\\factory.tpl.php', [], [...])
 4 SYSTEMPATH\CLI\GeneratorTrait.php(390): App\Commands\FactoryGenerator->renderTemplate([])
 5 SYSTEMPATH\CLI\GeneratorTrait.php(253): App\Commands\FactoryGenerator->parseTemplate('App\\Database\\Factories\\AutoFactory')
 6 SYSTEMPATH\CLI\GeneratorTrait.php(400): App\Commands\FactoryGenerator->prepare('App\\Database\\Factories\\AutoFactory')
 7 SYSTEMPATH\CLI\GeneratorTrait.php(135): App\Commands\FactoryGenerator->buildContent('App\\Database\\Factories\\AutoFactory')
 8 APPPATH\Commands\FactoryGenerator.php(51): App\Commands\FactoryGenerator->generateClass([...])
 9 SYSTEMPATH\CLI\Commands.php(74): App\Commands\FactoryGenerator->run([...])
10 SYSTEMPATH\CLI\Console.php(47): CodeIgniter\CLI\Commands->run('make:factory', [...])
11 SYSTEMPATH\Boot.php(360): CodeIgniter\CLI\Console->run()
12 SYSTEMPATH\Boot.php(104): CodeIgniter\Boot::runCommand(Object(CodeIgniter\CLI\Console))
13 ROOTPATH\spark(87): CodeIgniter\Boot::bootSpark(Object(Config\Paths))
ERROR - 2025-06-21 08:20:15 --> CodeIgniter\View\Exceptions\ViewException: Invalid file: "C:\xampp\htdocs\notes-saas\app\Commands/Templates.php" in C:\xampp\htdocs\notes-saas\vendor\codeigniter4\framework\system\Exceptions\FrameworkException.php:39
Stack trace:
#0 C:\xampp\htdocs\notes-saas\vendor\codeigniter4\framework\system\View\View.php(212): CodeIgniter\Exceptions\FrameworkException::forInvalidFile('C:\\xampp\\htdocs...')
#1 C:\xampp\htdocs\notes-saas\vendor\codeigniter4\framework\system\Common.php(1173): CodeIgniter\View\View->render('C:\\xampp\\htdocs...', Array, true)
#2 C:\xampp\htdocs\notes-saas\vendor\codeigniter4\framework\system\CLI\GeneratorTrait.php(347): view('C:\\xampp\\htdocs...', Array, Array)
#3 C:\xampp\htdocs\notes-saas\vendor\codeigniter4\framework\system\CLI\GeneratorTrait.php(390): App\Commands\FactoryGenerator->renderTemplate(Array)
#4 C:\xampp\htdocs\notes-saas\vendor\codeigniter4\framework\system\CLI\GeneratorTrait.php(253): App\Commands\FactoryGenerator->parseTemplate('App\\Database\\Fa...')
#5 C:\xampp\htdocs\notes-saas\vendor\codeigniter4\framework\system\CLI\GeneratorTrait.php(400): App\Commands\FactoryGenerator->prepare('App\\Database\\Fa...')
#6 C:\xampp\htdocs\notes-saas\vendor\codeigniter4\framework\system\CLI\GeneratorTrait.php(135): App\Commands\FactoryGenerator->buildContent('App\\Database\\Fa...')
#7 C:\xampp\htdocs\notes-saas\app\Commands\FactoryGenerator.php(51): App\Commands\FactoryGenerator->generateClass(Array)
#8 C:\xampp\htdocs\notes-saas\vendor\codeigniter4\framework\system\CLI\Commands.php(74): App\Commands\FactoryGenerator->run(Array)
#9 C:\xampp\htdocs\notes-saas\vendor\codeigniter4\framework\system\CLI\Console.php(47): CodeIgniter\CLI\Commands->run('make:factory', Array)
#10 C:\xampp\htdocs\notes-saas\vendor\codeigniter4\framework\system\Boot.php(360): CodeIgniter\CLI\Console->run()
#11 C:\xampp\htdocs\notes-saas\vendor\codeigniter4\framework\system\Boot.php(104): CodeIgniter\Boot::runCommand(Object(CodeIgniter\CLI\Console))
#12 C:\xampp\htdocs\notes-saas\spark(87): CodeIgniter\Boot::bootSpark(Object(Config\Paths))
#13 {main}
CRITICAL - 2025-06-21 08:20:15 --> CodeIgniter\View\Exceptions\ViewException: Invalid file: "CodeIgniter\Commands\Generators\Views\factory.tpl.php"
[Method: CLI, Route: make:factory/autoFactory]
in SYSTEMPATH\Exceptions\FrameworkException.php on line 39.
 1 SYSTEMPATH\View\View.php(212): CodeIgniter\Exceptions\FrameworkException::forInvalidFile('CodeIgniter\\Commands\\Generators\\Views\\factory.tpl.php')
 2 SYSTEMPATH\Common.php(1173): CodeIgniter\View\View->render('CodeIgniter\\Commands\\Generators\\Views\\factory.tpl.php', [...], true)
 3 SYSTEMPATH\CLI\GeneratorTrait.php(354): view('CodeIgniter\\Commands\\Generators\\Views\\factory.tpl.php', [], [...])
 4 SYSTEMPATH\CLI\GeneratorTrait.php(390): App\Commands\FactoryGenerator->renderTemplate([])
 5 SYSTEMPATH\CLI\GeneratorTrait.php(253): App\Commands\FactoryGenerator->parseTemplate('App\\Database\\Factories\\AutoFactory')
 6 SYSTEMPATH\CLI\GeneratorTrait.php(400): App\Commands\FactoryGenerator->prepare('App\\Database\\Factories\\AutoFactory')
 7 SYSTEMPATH\CLI\GeneratorTrait.php(135): App\Commands\FactoryGenerator->buildContent('App\\Database\\Factories\\AutoFactory')
 8 APPPATH\Commands\FactoryGenerator.php(51): App\Commands\FactoryGenerator->generateClass([...])
 9 SYSTEMPATH\CLI\Commands.php(74): App\Commands\FactoryGenerator->run([...])
10 SYSTEMPATH\CLI\Console.php(47): CodeIgniter\CLI\Commands->run('make:factory', [...])
11 SYSTEMPATH\Boot.php(360): CodeIgniter\CLI\Console->run()
12 SYSTEMPATH\Boot.php(104): CodeIgniter\Boot::runCommand(Object(CodeIgniter\CLI\Console))
13 ROOTPATH\spark(87): CodeIgniter\Boot::bootSpark(Object(Config\Paths))
ERROR - 2025-06-21 08:23:44 --> ErrorException: Undefined array key "make:factory" in C:\xampp\htdocs\notes-saas\vendor\codeigniter4\framework\system\CLI\GeneratorTrait.php:345
Stack trace:
#0 C:\xampp\htdocs\notes-saas\vendor\codeigniter4\framework\system\CLI\GeneratorTrait.php(345): CodeIgniter\Debug\Exceptions->errorHandler(2, 'Undefined array...', 'C:\\xampp\\htdocs...', 345)
#1 C:\xampp\htdocs\notes-saas\vendor\codeigniter4\framework\system\CLI\GeneratorTrait.php(390): App\Commands\FactoryGenerator->renderTemplate(Array)
#2 C:\xampp\htdocs\notes-saas\vendor\codeigniter4\framework\system\CLI\GeneratorTrait.php(253): App\Commands\FactoryGenerator->parseTemplate('App\\Database\\Fa...')
#3 C:\xampp\htdocs\notes-saas\vendor\codeigniter4\framework\system\CLI\GeneratorTrait.php(400): App\Commands\FactoryGenerator->prepare('App\\Database\\Fa...')
#4 C:\xampp\htdocs\notes-saas\vendor\codeigniter4\framework\system\CLI\GeneratorTrait.php(135): App\Commands\FactoryGenerator->buildContent('App\\Database\\Fa...')
#5 C:\xampp\htdocs\notes-saas\app\Commands\FactoryGenerator.php(51): App\Commands\FactoryGenerator->generateClass(Array)
#6 C:\xampp\htdocs\notes-saas\vendor\codeigniter4\framework\system\CLI\Commands.php(74): App\Commands\FactoryGenerator->run(Array)
#7 C:\xampp\htdocs\notes-saas\vendor\codeigniter4\framework\system\CLI\Console.php(47): CodeIgniter\CLI\Commands->run('make:factory', Array)
#8 C:\xampp\htdocs\notes-saas\vendor\codeigniter4\framework\system\Boot.php(360): CodeIgniter\CLI\Console->run()
#9 C:\xampp\htdocs\notes-saas\vendor\codeigniter4\framework\system\Boot.php(104): CodeIgniter\Boot::runCommand(Object(CodeIgniter\CLI\Console))
#10 C:\xampp\htdocs\notes-saas\spark(87): CodeIgniter\Boot::bootSpark(Object(Config\Paths))
#11 {main}
CRITICAL - 2025-06-21 08:23:44 --> CodeIgniter\View\Exceptions\ViewException: Invalid file: "CodeIgniter\Commands\Generators\Views\factory.tpl.php"
[Method: CLI, Route: make:factory/autoFactory]
in SYSTEMPATH\Exceptions\FrameworkException.php on line 39.
 1 SYSTEMPATH\View\View.php(212): CodeIgniter\Exceptions\FrameworkException::forInvalidFile('CodeIgniter\\Commands\\Generators\\Views\\factory.tpl.php')
 2 SYSTEMPATH\Common.php(1173): CodeIgniter\View\View->render('CodeIgniter\\Commands\\Generators\\Views\\factory.tpl.php', [...], true)
 3 SYSTEMPATH\CLI\GeneratorTrait.php(354): view('CodeIgniter\\Commands\\Generators\\Views\\factory.tpl.php', [], [...])
 4 SYSTEMPATH\CLI\GeneratorTrait.php(390): App\Commands\FactoryGenerator->renderTemplate([])
 5 SYSTEMPATH\CLI\GeneratorTrait.php(253): App\Commands\FactoryGenerator->parseTemplate('App\\Database\\Factories\\AutoFactory')
 6 SYSTEMPATH\CLI\GeneratorTrait.php(400): App\Commands\FactoryGenerator->prepare('App\\Database\\Factories\\AutoFactory')
 7 SYSTEMPATH\CLI\GeneratorTrait.php(135): App\Commands\FactoryGenerator->buildContent('App\\Database\\Factories\\AutoFactory')
 8 APPPATH\Commands\FactoryGenerator.php(51): App\Commands\FactoryGenerator->generateClass([...])
 9 SYSTEMPATH\CLI\Commands.php(74): App\Commands\FactoryGenerator->run([...])
10 SYSTEMPATH\CLI\Console.php(47): CodeIgniter\CLI\Commands->run('make:factory', [...])
11 SYSTEMPATH\Boot.php(360): CodeIgniter\CLI\Console->run()
12 SYSTEMPATH\Boot.php(104): CodeIgniter\Boot::runCommand(Object(CodeIgniter\CLI\Console))
13 ROOTPATH\spark(87): CodeIgniter\Boot::bootSpark(Object(Config\Paths))
CRITICAL - 2025-06-21 08:25:11 --> ParseError: syntax error, unexpected variable "$this"
[Method: CLI, Route: make:factory/autoFactory]
in APPPATH\Commands\FactoryGenerator.php on line 49.
 1 VENDORPATH\composer\ClassLoader.php(432): Composer\Autoload\ClassLoader::Composer\Autoload\{closure}('C:\\xampp\\htdocs\\notes-saas\\vendor\\composer/../../app/Commands/FactoryGenerator.php')
 2 [internal function]: Composer\Autoload\ClassLoader->loadClass('App\\Commands\\FactoryGenerator')
 3 SYSTEMPATH\Autoloader\FileLocator.php(306): class_exists('App\\Commands\\FactoryGenerator')
 4 SYSTEMPATH\CLI\Commands.php(117): CodeIgniter\Autoloader\FileLocator->findQualifiedNameFromPath('C:\\xampp\\htdocs\\notes-saas\\app\\Commands\\FactoryGenerator.php')
 5 SYSTEMPATH\CLI\Commands.php(51): CodeIgniter\CLI\Commands->discoverCommands()
 6 SYSTEMPATH\Config\Services.php(178): CodeIgniter\CLI\Commands->__construct()
 7 SYSTEMPATH\Config\BaseService.php(312): CodeIgniter\Config\Services::commands(false)
 8 SYSTEMPATH\Config\BaseService.php(251): CodeIgniter\Config\BaseService::__callStatic('commands', [...])
 9 SYSTEMPATH\Config\Services.php(175): CodeIgniter\Config\BaseService::getSharedInstance('commands')
10 SYSTEMPATH\Config\BaseService.php(321): CodeIgniter\Config\Services::commands()
11 SYSTEMPATH\Config\BaseService.php(202): CodeIgniter\Config\BaseService::__callStatic('commands', [])
12 SYSTEMPATH\Common.php(1000): CodeIgniter\Config\BaseService::get('commands')
13 SYSTEMPATH\CLI\Console.php(47): service('commands')
14 SYSTEMPATH\Boot.php(360): CodeIgniter\CLI\Console->run()
15 SYSTEMPATH\Boot.php(104): CodeIgniter\Boot::runCommand(Object(CodeIgniter\CLI\Console))
16 ROOTPATH\spark(87): CodeIgniter\Boot::bootSpark(Object(Config\Paths))
CRITICAL - 2025-06-21 08:25:46 --> ParseError: syntax error, unexpected variable "$this"
[Method: CLI, Route: make:factory/autoFactory]
in APPPATH\Commands\FactoryGenerator.php on line 49.
 1 VENDORPATH\composer\ClassLoader.php(432): Composer\Autoload\ClassLoader::Composer\Autoload\{closure}('C:\\xampp\\htdocs\\notes-saas\\vendor\\composer/../../app/Commands/FactoryGenerator.php')
 2 [internal function]: Composer\Autoload\ClassLoader->loadClass('App\\Commands\\FactoryGenerator')
 3 SYSTEMPATH\Autoloader\FileLocator.php(306): class_exists('App\\Commands\\FactoryGenerator')
 4 SYSTEMPATH\CLI\Commands.php(117): CodeIgniter\Autoloader\FileLocator->findQualifiedNameFromPath('C:\\xampp\\htdocs\\notes-saas\\app\\Commands\\FactoryGenerator.php')
 5 SYSTEMPATH\CLI\Commands.php(51): CodeIgniter\CLI\Commands->discoverCommands()
 6 SYSTEMPATH\Config\Services.php(178): CodeIgniter\CLI\Commands->__construct()
 7 SYSTEMPATH\Config\BaseService.php(312): CodeIgniter\Config\Services::commands(false)
 8 SYSTEMPATH\Config\BaseService.php(251): CodeIgniter\Config\BaseService::__callStatic('commands', [...])
 9 SYSTEMPATH\Config\Services.php(175): CodeIgniter\Config\BaseService::getSharedInstance('commands')
10 SYSTEMPATH\Config\BaseService.php(321): CodeIgniter\Config\Services::commands()
11 SYSTEMPATH\Config\BaseService.php(202): CodeIgniter\Config\BaseService::__callStatic('commands', [])
12 SYSTEMPATH\Common.php(1000): CodeIgniter\Config\BaseService::get('commands')
13 SYSTEMPATH\CLI\Console.php(47): service('commands')
14 SYSTEMPATH\Boot.php(360): CodeIgniter\CLI\Console->run()
15 SYSTEMPATH\Boot.php(104): CodeIgniter\Boot::runCommand(Object(CodeIgniter\CLI\Console))
16 ROOTPATH\spark(87): CodeIgniter\Boot::bootSpark(Object(Config\Paths))
ERROR - 2025-06-21 08:26:35 --> ErrorException: Undefined array key "make:factory" in C:\xampp\htdocs\notes-saas\vendor\codeigniter4\framework\system\CLI\GeneratorTrait.php:345
Stack trace:
#0 C:\xampp\htdocs\notes-saas\vendor\codeigniter4\framework\system\CLI\GeneratorTrait.php(345): CodeIgniter\Debug\Exceptions->errorHandler(2, 'Undefined array...', 'C:\\xampp\\htdocs...', 345)
#1 C:\xampp\htdocs\notes-saas\vendor\codeigniter4\framework\system\CLI\GeneratorTrait.php(390): App\Commands\FactoryGenerator->renderTemplate(Array)
#2 C:\xampp\htdocs\notes-saas\vendor\codeigniter4\framework\system\CLI\GeneratorTrait.php(253): App\Commands\FactoryGenerator->parseTemplate('App\\Database\\Fa...')
#3 C:\xampp\htdocs\notes-saas\vendor\codeigniter4\framework\system\CLI\GeneratorTrait.php(400): App\Commands\FactoryGenerator->prepare('App\\Database\\Fa...')
#4 C:\xampp\htdocs\notes-saas\vendor\codeigniter4\framework\system\CLI\GeneratorTrait.php(135): App\Commands\FactoryGenerator->buildContent('App\\Database\\Fa...')
#5 C:\xampp\htdocs\notes-saas\app\Commands\FactoryGenerator.php(53): App\Commands\FactoryGenerator->generateClass(Array)
#6 C:\xampp\htdocs\notes-saas\vendor\codeigniter4\framework\system\CLI\Commands.php(74): App\Commands\FactoryGenerator->run(Array)
#7 C:\xampp\htdocs\notes-saas\vendor\codeigniter4\framework\system\CLI\Console.php(47): CodeIgniter\CLI\Commands->run('make:factory', Array)
#8 C:\xampp\htdocs\notes-saas\vendor\codeigniter4\framework\system\Boot.php(360): CodeIgniter\CLI\Console->run()
#9 C:\xampp\htdocs\notes-saas\vendor\codeigniter4\framework\system\Boot.php(104): CodeIgniter\Boot::runCommand(Object(CodeIgniter\CLI\Console))
#10 C:\xampp\htdocs\notes-saas\spark(87): CodeIgniter\Boot::bootSpark(Object(Config\Paths))
#11 {main}
CRITICAL - 2025-06-21 08:26:35 --> CodeIgniter\View\Exceptions\ViewException: Invalid file: "CodeIgniter\Commands\Generators\Views\factory.tpl.php"
[Method: CLI, Route: make:factory/autoFactory]
in SYSTEMPATH\Exceptions\FrameworkException.php on line 39.
 1 SYSTEMPATH\View\View.php(212): CodeIgniter\Exceptions\FrameworkException::forInvalidFile('CodeIgniter\\Commands\\Generators\\Views\\factory.tpl.php')
 2 SYSTEMPATH\Common.php(1173): CodeIgniter\View\View->render('CodeIgniter\\Commands\\Generators\\Views\\factory.tpl.php', [...], true)
 3 SYSTEMPATH\CLI\GeneratorTrait.php(354): view('CodeIgniter\\Commands\\Generators\\Views\\factory.tpl.php', [], [...])
 4 SYSTEMPATH\CLI\GeneratorTrait.php(390): App\Commands\FactoryGenerator->renderTemplate([])
 5 SYSTEMPATH\CLI\GeneratorTrait.php(253): App\Commands\FactoryGenerator->parseTemplate('App\\Database\\Factories\\AutoFactory')
 6 SYSTEMPATH\CLI\GeneratorTrait.php(400): App\Commands\FactoryGenerator->prepare('App\\Database\\Factories\\AutoFactory')
 7 SYSTEMPATH\CLI\GeneratorTrait.php(135): App\Commands\FactoryGenerator->buildContent('App\\Database\\Factories\\AutoFactory')
 8 APPPATH\Commands\FactoryGenerator.php(53): App\Commands\FactoryGenerator->generateClass([...])
 9 SYSTEMPATH\CLI\Commands.php(74): App\Commands\FactoryGenerator->run([...])
10 SYSTEMPATH\CLI\Console.php(47): CodeIgniter\CLI\Commands->run('make:factory', [...])
11 SYSTEMPATH\Boot.php(360): CodeIgniter\CLI\Console->run()
12 SYSTEMPATH\Boot.php(104): CodeIgniter\Boot::runCommand(Object(CodeIgniter\CLI\Console))
13 ROOTPATH\spark(87): CodeIgniter\Boot::bootSpark(Object(Config\Paths))
ERROR - 2025-06-21 08:33:55 --> CodeIgniter\View\Exceptions\ViewException: Invalid file: "C:\xampp\htdocs\notes-saas\app\Commands/Templates.php" in C:\xampp\htdocs\notes-saas\vendor\codeigniter4\framework\system\Exceptions\FrameworkException.php:39
Stack trace:
#0 C:\xampp\htdocs\notes-saas\vendor\codeigniter4\framework\system\View\View.php(212): CodeIgniter\Exceptions\FrameworkException::forInvalidFile('C:\\xampp\\htdocs...')
#1 C:\xampp\htdocs\notes-saas\vendor\codeigniter4\framework\system\Common.php(1173): CodeIgniter\View\View->render('C:\\xampp\\htdocs...', Array, true)
#2 C:\xampp\htdocs\notes-saas\vendor\codeigniter4\framework\system\CLI\GeneratorTrait.php(347): view('C:\\xampp\\htdocs...', Array, Array)
#3 C:\xampp\htdocs\notes-saas\vendor\codeigniter4\framework\system\CLI\GeneratorTrait.php(390): App\Commands\FactoryGenerator->renderTemplate(Array)
#4 C:\xampp\htdocs\notes-saas\vendor\codeigniter4\framework\system\CLI\GeneratorTrait.php(253): App\Commands\FactoryGenerator->parseTemplate('App\\Database\\Fa...')
#5 C:\xampp\htdocs\notes-saas\vendor\codeigniter4\framework\system\CLI\GeneratorTrait.php(400): App\Commands\FactoryGenerator->prepare('App\\Database\\Fa...')
#6 C:\xampp\htdocs\notes-saas\vendor\codeigniter4\framework\system\CLI\GeneratorTrait.php(135): App\Commands\FactoryGenerator->buildContent('App\\Database\\Fa...')
#7 C:\xampp\htdocs\notes-saas\app\Commands\FactoryGenerator.php(52): App\Commands\FactoryGenerator->generateClass(Array)
#8 C:\xampp\htdocs\notes-saas\vendor\codeigniter4\framework\system\CLI\Commands.php(74): App\Commands\FactoryGenerator->run(Array)
#9 C:\xampp\htdocs\notes-saas\vendor\codeigniter4\framework\system\CLI\Console.php(47): CodeIgniter\CLI\Commands->run('make:factory', Array)
#10 C:\xampp\htdocs\notes-saas\vendor\codeigniter4\framework\system\Boot.php(360): CodeIgniter\CLI\Console->run()
#11 C:\xampp\htdocs\notes-saas\vendor\codeigniter4\framework\system\Boot.php(104): CodeIgniter\Boot::runCommand(Object(CodeIgniter\CLI\Console))
#12 C:\xampp\htdocs\notes-saas\spark(87): CodeIgniter\Boot::bootSpark(Object(Config\Paths))
#13 {main}
CRITICAL - 2025-06-21 08:33:55 --> CodeIgniter\View\Exceptions\ViewException: Invalid file: "CodeIgniter\Commands\Generators\Views\factory.tpl.php"
[Method: CLI, Route: make:factory/autoFactory]
in SYSTEMPATH\Exceptions\FrameworkException.php on line 39.
 1 SYSTEMPATH\View\View.php(212): CodeIgniter\Exceptions\FrameworkException::forInvalidFile('CodeIgniter\\Commands\\Generators\\Views\\factory.tpl.php')
 2 SYSTEMPATH\Common.php(1173): CodeIgniter\View\View->render('CodeIgniter\\Commands\\Generators\\Views\\factory.tpl.php', [...], true)
 3 SYSTEMPATH\CLI\GeneratorTrait.php(354): view('CodeIgniter\\Commands\\Generators\\Views\\factory.tpl.php', [], [...])
 4 SYSTEMPATH\CLI\GeneratorTrait.php(390): App\Commands\FactoryGenerator->renderTemplate([])
 5 SYSTEMPATH\CLI\GeneratorTrait.php(253): App\Commands\FactoryGenerator->parseTemplate('App\\Database\\Factories\\AutoFactory')
 6 SYSTEMPATH\CLI\GeneratorTrait.php(400): App\Commands\FactoryGenerator->prepare('App\\Database\\Factories\\AutoFactory')
 7 SYSTEMPATH\CLI\GeneratorTrait.php(135): App\Commands\FactoryGenerator->buildContent('App\\Database\\Factories\\AutoFactory')
 8 APPPATH\Commands\FactoryGenerator.php(52): App\Commands\FactoryGenerator->generateClass([...])
 9 SYSTEMPATH\CLI\Commands.php(74): App\Commands\FactoryGenerator->run([...])
10 SYSTEMPATH\CLI\Console.php(47): CodeIgniter\CLI\Commands->run('make:factory', [...])
11 SYSTEMPATH\Boot.php(360): CodeIgniter\CLI\Console->run()
12 SYSTEMPATH\Boot.php(104): CodeIgniter\Boot::runCommand(Object(CodeIgniter\CLI\Console))
13 ROOTPATH\spark(87): CodeIgniter\Boot::bootSpark(Object(Config\Paths))
ERROR - 2025-06-21 08:38:58 --> CodeIgniter\View\Exceptions\ViewException: Invalid file: "C:\xampp\htdocs\notes-saas\app\Commands/Templates.php" in C:\xampp\htdocs\notes-saas\vendor\codeigniter4\framework\system\Exceptions\FrameworkException.php:39
Stack trace:
#0 C:\xampp\htdocs\notes-saas\vendor\codeigniter4\framework\system\View\View.php(212): CodeIgniter\Exceptions\FrameworkException::forInvalidFile('C:\\xampp\\htdocs...')
#1 C:\xampp\htdocs\notes-saas\vendor\codeigniter4\framework\system\Common.php(1173): CodeIgniter\View\View->render('C:\\xampp\\htdocs...', Array, true)
#2 C:\xampp\htdocs\notes-saas\vendor\codeigniter4\framework\system\CLI\GeneratorTrait.php(347): view('C:\\xampp\\htdocs...', Array, Array)
#3 C:\xampp\htdocs\notes-saas\vendor\codeigniter4\framework\system\CLI\GeneratorTrait.php(390): App\Commands\FactoryGenerator->renderTemplate(Array)
#4 C:\xampp\htdocs\notes-saas\vendor\codeigniter4\framework\system\CLI\GeneratorTrait.php(253): App\Commands\FactoryGenerator->parseTemplate('App\\Database\\Fa...')
#5 C:\xampp\htdocs\notes-saas\vendor\codeigniter4\framework\system\CLI\GeneratorTrait.php(400): App\Commands\FactoryGenerator->prepare('App\\Database\\Fa...')
#6 C:\xampp\htdocs\notes-saas\vendor\codeigniter4\framework\system\CLI\GeneratorTrait.php(135): App\Commands\FactoryGenerator->buildContent('App\\Database\\Fa...')
#7 C:\xampp\htdocs\notes-saas\app\Commands\FactoryGenerator.php(52): App\Commands\FactoryGenerator->generateClass(Array)
#8 C:\xampp\htdocs\notes-saas\vendor\codeigniter4\framework\system\CLI\Commands.php(74): App\Commands\FactoryGenerator->run(Array)
#9 C:\xampp\htdocs\notes-saas\vendor\codeigniter4\framework\system\CLI\Console.php(47): CodeIgniter\CLI\Commands->run('make:factory', Array)
#10 C:\xampp\htdocs\notes-saas\vendor\codeigniter4\framework\system\Boot.php(360): CodeIgniter\CLI\Console->run()
#11 C:\xampp\htdocs\notes-saas\vendor\codeigniter4\framework\system\Boot.php(104): CodeIgniter\Boot::runCommand(Object(CodeIgniter\CLI\Console))
#12 C:\xampp\htdocs\notes-saas\spark(87): CodeIgniter\Boot::bootSpark(Object(Config\Paths))
#13 {main}
CRITICAL - 2025-06-21 08:38:58 --> CodeIgniter\View\Exceptions\ViewException: Invalid file: "CodeIgniter\Commands\Generators\Views\factory.tpl.php"
[Method: CLI, Route: make:factory/autoFactory]
in SYSTEMPATH\Exceptions\FrameworkException.php on line 39.
 1 SYSTEMPATH\View\View.php(212): CodeIgniter\Exceptions\FrameworkException::forInvalidFile('CodeIgniter\\Commands\\Generators\\Views\\factory.tpl.php')
 2 SYSTEMPATH\Common.php(1173): CodeIgniter\View\View->render('CodeIgniter\\Commands\\Generators\\Views\\factory.tpl.php', [...], true)
 3 SYSTEMPATH\CLI\GeneratorTrait.php(354): view('CodeIgniter\\Commands\\Generators\\Views\\factory.tpl.php', [], [...])
 4 SYSTEMPATH\CLI\GeneratorTrait.php(390): App\Commands\FactoryGenerator->renderTemplate([])
 5 SYSTEMPATH\CLI\GeneratorTrait.php(253): App\Commands\FactoryGenerator->parseTemplate('App\\Database\\Factories\\AutoFactory')
 6 SYSTEMPATH\CLI\GeneratorTrait.php(400): App\Commands\FactoryGenerator->prepare('App\\Database\\Factories\\AutoFactory')
 7 SYSTEMPATH\CLI\GeneratorTrait.php(135): App\Commands\FactoryGenerator->buildContent('App\\Database\\Factories\\AutoFactory')
 8 APPPATH\Commands\FactoryGenerator.php(52): App\Commands\FactoryGenerator->generateClass([...])
 9 SYSTEMPATH\CLI\Commands.php(74): App\Commands\FactoryGenerator->run([...])
10 SYSTEMPATH\CLI\Console.php(47): CodeIgniter\CLI\Commands->run('make:factory', [...])
11 SYSTEMPATH\Boot.php(360): CodeIgniter\CLI\Console->run()
12 SYSTEMPATH\Boot.php(104): CodeIgniter\Boot::runCommand(Object(CodeIgniter\CLI\Console))
13 ROOTPATH\spark(87): CodeIgniter\Boot::bootSpark(Object(Config\Paths))
ERROR - 2025-06-21 08:39:48 --> CodeIgniter\View\Exceptions\ViewException: Invalid file: "C:\xampp\htdocs\notes-saas\app\Commands/Templates.php" in C:\xampp\htdocs\notes-saas\vendor\codeigniter4\framework\system\Exceptions\FrameworkException.php:39
Stack trace:
#0 C:\xampp\htdocs\notes-saas\vendor\codeigniter4\framework\system\View\View.php(212): CodeIgniter\Exceptions\FrameworkException::forInvalidFile('C:\\xampp\\htdocs...')
#1 C:\xampp\htdocs\notes-saas\vendor\codeigniter4\framework\system\Common.php(1173): CodeIgniter\View\View->render('C:\\xampp\\htdocs...', Array, true)
#2 C:\xampp\htdocs\notes-saas\vendor\codeigniter4\framework\system\CLI\GeneratorTrait.php(347): view('C:\\xampp\\htdocs...', Array, Array)
#3 C:\xampp\htdocs\notes-saas\vendor\codeigniter4\framework\system\CLI\GeneratorTrait.php(390): App\Commands\FactoryGenerator->renderTemplate(Array)
#4 C:\xampp\htdocs\notes-saas\vendor\codeigniter4\framework\system\CLI\GeneratorTrait.php(253): App\Commands\FactoryGenerator->parseTemplate('App\\Database\\Fa...')
#5 C:\xampp\htdocs\notes-saas\vendor\codeigniter4\framework\system\CLI\GeneratorTrait.php(400): App\Commands\FactoryGenerator->prepare('App\\Database\\Fa...')
#6 C:\xampp\htdocs\notes-saas\vendor\codeigniter4\framework\system\CLI\GeneratorTrait.php(135): App\Commands\FactoryGenerator->buildContent('App\\Database\\Fa...')
#7 C:\xampp\htdocs\notes-saas\app\Commands\FactoryGenerator.php(52): App\Commands\FactoryGenerator->generateClass(Array)
#8 C:\xampp\htdocs\notes-saas\vendor\codeigniter4\framework\system\CLI\Commands.php(74): App\Commands\FactoryGenerator->run(Array)
#9 C:\xampp\htdocs\notes-saas\vendor\codeigniter4\framework\system\CLI\Console.php(47): CodeIgniter\CLI\Commands->run('make:factory', Array)
#10 C:\xampp\htdocs\notes-saas\vendor\codeigniter4\framework\system\Boot.php(360): CodeIgniter\CLI\Console->run()
#11 C:\xampp\htdocs\notes-saas\vendor\codeigniter4\framework\system\Boot.php(104): CodeIgniter\Boot::runCommand(Object(CodeIgniter\CLI\Console))
#12 C:\xampp\htdocs\notes-saas\spark(87): CodeIgniter\Boot::bootSpark(Object(Config\Paths))
#13 {main}
CRITICAL - 2025-06-21 08:39:48 --> CodeIgniter\View\Exceptions\ViewException: Invalid file: "CodeIgniter\Commands\Generators\Views\factory.tpl.php"
[Method: CLI, Route: make:factory/autoFactory]
in SYSTEMPATH\Exceptions\FrameworkException.php on line 39.
 1 SYSTEMPATH\View\View.php(212): CodeIgniter\Exceptions\FrameworkException::forInvalidFile('CodeIgniter\\Commands\\Generators\\Views\\factory.tpl.php')
 2 SYSTEMPATH\Common.php(1173): CodeIgniter\View\View->render('CodeIgniter\\Commands\\Generators\\Views\\factory.tpl.php', [...], true)
 3 SYSTEMPATH\CLI\GeneratorTrait.php(354): view('CodeIgniter\\Commands\\Generators\\Views\\factory.tpl.php', [], [...])
 4 SYSTEMPATH\CLI\GeneratorTrait.php(390): App\Commands\FactoryGenerator->renderTemplate([])
 5 SYSTEMPATH\CLI\GeneratorTrait.php(253): App\Commands\FactoryGenerator->parseTemplate('App\\Database\\Factories\\AutoFactory')
 6 SYSTEMPATH\CLI\GeneratorTrait.php(400): App\Commands\FactoryGenerator->prepare('App\\Database\\Factories\\AutoFactory')
 7 SYSTEMPATH\CLI\GeneratorTrait.php(135): App\Commands\FactoryGenerator->buildContent('App\\Database\\Factories\\AutoFactory')
 8 APPPATH\Commands\FactoryGenerator.php(52): App\Commands\FactoryGenerator->generateClass([...])
 9 SYSTEMPATH\CLI\Commands.php(74): App\Commands\FactoryGenerator->run([...])
10 SYSTEMPATH\CLI\Console.php(47): CodeIgniter\CLI\Commands->run('make:factory', [...])
11 SYSTEMPATH\Boot.php(360): CodeIgniter\CLI\Console->run()
12 SYSTEMPATH\Boot.php(104): CodeIgniter\Boot::runCommand(Object(CodeIgniter\CLI\Console))
13 ROOTPATH\spark(87): CodeIgniter\Boot::bootSpark(Object(Config\Paths))
ERROR - 2025-06-21 08:40:02 --> CodeIgniter\View\Exceptions\ViewException: Invalid file: "C:\xampp\htdocs\notes-saas\app\Commands/Templates.php" in C:\xampp\htdocs\notes-saas\vendor\codeigniter4\framework\system\Exceptions\FrameworkException.php:39
Stack trace:
#0 C:\xampp\htdocs\notes-saas\vendor\codeigniter4\framework\system\View\View.php(212): CodeIgniter\Exceptions\FrameworkException::forInvalidFile('C:\\xampp\\htdocs...')
#1 C:\xampp\htdocs\notes-saas\vendor\codeigniter4\framework\system\Common.php(1173): CodeIgniter\View\View->render('C:\\xampp\\htdocs...', Array, true)
#2 C:\xampp\htdocs\notes-saas\vendor\codeigniter4\framework\system\CLI\GeneratorTrait.php(347): view('C:\\xampp\\htdocs...', Array, Array)
#3 C:\xampp\htdocs\notes-saas\vendor\codeigniter4\framework\system\CLI\GeneratorTrait.php(390): App\Commands\FactoryGenerator->renderTemplate(Array)
#4 C:\xampp\htdocs\notes-saas\vendor\codeigniter4\framework\system\CLI\GeneratorTrait.php(253): App\Commands\FactoryGenerator->parseTemplate('App\\Database\\Fa...')
#5 C:\xampp\htdocs\notes-saas\vendor\codeigniter4\framework\system\CLI\GeneratorTrait.php(400): App\Commands\FactoryGenerator->prepare('App\\Database\\Fa...')
#6 C:\xampp\htdocs\notes-saas\vendor\codeigniter4\framework\system\CLI\GeneratorTrait.php(135): App\Commands\FactoryGenerator->buildContent('App\\Database\\Fa...')
#7 C:\xampp\htdocs\notes-saas\app\Commands\FactoryGenerator.php(52): App\Commands\FactoryGenerator->generateClass(Array)
#8 C:\xampp\htdocs\notes-saas\vendor\codeigniter4\framework\system\CLI\Commands.php(74): App\Commands\FactoryGenerator->run(Array)
#9 C:\xampp\htdocs\notes-saas\vendor\codeigniter4\framework\system\CLI\Console.php(47): CodeIgniter\CLI\Commands->run('make:factory', Array)
#10 C:\xampp\htdocs\notes-saas\vendor\codeigniter4\framework\system\Boot.php(360): CodeIgniter\CLI\Console->run()
#11 C:\xampp\htdocs\notes-saas\vendor\codeigniter4\framework\system\Boot.php(104): CodeIgniter\Boot::runCommand(Object(CodeIgniter\CLI\Console))
#12 C:\xampp\htdocs\notes-saas\spark(87): CodeIgniter\Boot::bootSpark(Object(Config\Paths))
#13 {main}
CRITICAL - 2025-06-21 08:40:02 --> CodeIgniter\View\Exceptions\ViewException: Invalid file: "CodeIgniter\Commands\Generators\Views\factory.tpl.php"
[Method: CLI, Route: make:factory/autoFactory]
in SYSTEMPATH\Exceptions\FrameworkException.php on line 39.
 1 SYSTEMPATH\View\View.php(212): CodeIgniter\Exceptions\FrameworkException::forInvalidFile('CodeIgniter\\Commands\\Generators\\Views\\factory.tpl.php')
 2 SYSTEMPATH\Common.php(1173): CodeIgniter\View\View->render('CodeIgniter\\Commands\\Generators\\Views\\factory.tpl.php', [...], true)
 3 SYSTEMPATH\CLI\GeneratorTrait.php(354): view('CodeIgniter\\Commands\\Generators\\Views\\factory.tpl.php', [], [...])
 4 SYSTEMPATH\CLI\GeneratorTrait.php(390): App\Commands\FactoryGenerator->renderTemplate([])
 5 SYSTEMPATH\CLI\GeneratorTrait.php(253): App\Commands\FactoryGenerator->parseTemplate('App\\Database\\Factories\\AutoFactory')
 6 SYSTEMPATH\CLI\GeneratorTrait.php(400): App\Commands\FactoryGenerator->prepare('App\\Database\\Factories\\AutoFactory')
 7 SYSTEMPATH\CLI\GeneratorTrait.php(135): App\Commands\FactoryGenerator->buildContent('App\\Database\\Factories\\AutoFactory')
 8 APPPATH\Commands\FactoryGenerator.php(52): App\Commands\FactoryGenerator->generateClass([...])
 9 SYSTEMPATH\CLI\Commands.php(74): App\Commands\FactoryGenerator->run([...])
10 SYSTEMPATH\CLI\Console.php(47): CodeIgniter\CLI\Commands->run('make:factory', [...])
11 SYSTEMPATH\Boot.php(360): CodeIgniter\CLI\Console->run()
12 SYSTEMPATH\Boot.php(104): CodeIgniter\Boot::runCommand(Object(CodeIgniter\CLI\Console))
13 ROOTPATH\spark(87): CodeIgniter\Boot::bootSpark(Object(Config\Paths))
ERROR - 2025-06-21 08:43:57 --> ErrorException: Undefined array key "make:factory" in C:\xampp\htdocs\notes-saas\vendor\codeigniter4\framework\system\CLI\GeneratorTrait.php:345
Stack trace:
#0 C:\xampp\htdocs\notes-saas\vendor\codeigniter4\framework\system\CLI\GeneratorTrait.php(345): CodeIgniter\Debug\Exceptions->errorHandler(2, 'Undefined array...', 'C:\\xampp\\htdocs...', 345)
#1 C:\xampp\htdocs\notes-saas\vendor\codeigniter4\framework\system\CLI\GeneratorTrait.php(390): App\Commands\FactoryGenerator->renderTemplate(Array)
#2 C:\xampp\htdocs\notes-saas\vendor\codeigniter4\framework\system\CLI\GeneratorTrait.php(253): App\Commands\FactoryGenerator->parseTemplate('App\\Database\\Fa...')
#3 C:\xampp\htdocs\notes-saas\vendor\codeigniter4\framework\system\CLI\GeneratorTrait.php(400): App\Commands\FactoryGenerator->prepare('App\\Database\\Fa...')
#4 C:\xampp\htdocs\notes-saas\vendor\codeigniter4\framework\system\CLI\GeneratorTrait.php(135): App\Commands\FactoryGenerator->buildContent('App\\Database\\Fa...')
#5 C:\xampp\htdocs\notes-saas\app\Commands\FactoryGenerator.php(53): App\Commands\FactoryGenerator->generateClass(Array)
#6 C:\xampp\htdocs\notes-saas\vendor\codeigniter4\framework\system\CLI\Commands.php(74): App\Commands\FactoryGenerator->run(Array)
#7 C:\xampp\htdocs\notes-saas\vendor\codeigniter4\framework\system\CLI\Console.php(47): CodeIgniter\CLI\Commands->run('make:factory', Array)
#8 C:\xampp\htdocs\notes-saas\vendor\codeigniter4\framework\system\Boot.php(360): CodeIgniter\CLI\Console->run()
#9 C:\xampp\htdocs\notes-saas\vendor\codeigniter4\framework\system\Boot.php(104): CodeIgniter\Boot::runCommand(Object(CodeIgniter\CLI\Console))
#10 C:\xampp\htdocs\notes-saas\spark(87): CodeIgniter\Boot::bootSpark(Object(Config\Paths))
#11 {main}
CRITICAL - 2025-06-21 08:43:57 --> CodeIgniter\View\Exceptions\ViewException: Invalid file: "CodeIgniter\Commands\Generators\Views\factory.tpl.php"
[Method: CLI, Route: make:factory/autoFactory]
in SYSTEMPATH\Exceptions\FrameworkException.php on line 39.
 1 SYSTEMPATH\View\View.php(212): CodeIgniter\Exceptions\FrameworkException::forInvalidFile('CodeIgniter\\Commands\\Generators\\Views\\factory.tpl.php')
 2 SYSTEMPATH\Common.php(1173): CodeIgniter\View\View->render('CodeIgniter\\Commands\\Generators\\Views\\factory.tpl.php', [...], true)
 3 SYSTEMPATH\CLI\GeneratorTrait.php(354): view('CodeIgniter\\Commands\\Generators\\Views\\factory.tpl.php', [], [...])
 4 SYSTEMPATH\CLI\GeneratorTrait.php(390): App\Commands\FactoryGenerator->renderTemplate([])
 5 SYSTEMPATH\CLI\GeneratorTrait.php(253): App\Commands\FactoryGenerator->parseTemplate('App\\Database\\Factories\\AutoFactory')
 6 SYSTEMPATH\CLI\GeneratorTrait.php(400): App\Commands\FactoryGenerator->prepare('App\\Database\\Factories\\AutoFactory')
 7 SYSTEMPATH\CLI\GeneratorTrait.php(135): App\Commands\FactoryGenerator->buildContent('App\\Database\\Factories\\AutoFactory')
 8 APPPATH\Commands\FactoryGenerator.php(53): App\Commands\FactoryGenerator->generateClass([...])
 9 SYSTEMPATH\CLI\Commands.php(74): App\Commands\FactoryGenerator->run([...])
10 SYSTEMPATH\CLI\Console.php(47): CodeIgniter\CLI\Commands->run('make:factory', [...])
11 SYSTEMPATH\Boot.php(360): CodeIgniter\CLI\Console->run()
12 SYSTEMPATH\Boot.php(104): CodeIgniter\Boot::runCommand(Object(CodeIgniter\CLI\Console))
13 ROOTPATH\spark(87): CodeIgniter\Boot::bootSpark(Object(Config\Paths))
ERROR - 2025-06-21 08:46:47 --> CodeIgniter\View\Exceptions\ViewException: Invalid file: "C:\xampp\htdocs\notes-saas\app\Commands/Templates.php" in C:\xampp\htdocs\notes-saas\vendor\codeigniter4\framework\system\Exceptions\FrameworkException.php:39
Stack trace:
#0 C:\xampp\htdocs\notes-saas\vendor\codeigniter4\framework\system\View\View.php(212): CodeIgniter\Exceptions\FrameworkException::forInvalidFile('C:\\xampp\\htdocs...')
#1 C:\xampp\htdocs\notes-saas\vendor\codeigniter4\framework\system\Common.php(1173): CodeIgniter\View\View->render('C:\\xampp\\htdocs...', Array, true)
#2 C:\xampp\htdocs\notes-saas\vendor\codeigniter4\framework\system\CLI\GeneratorTrait.php(347): view('C:\\xampp\\htdocs...', Array, Array)
#3 C:\xampp\htdocs\notes-saas\vendor\codeigniter4\framework\system\CLI\GeneratorTrait.php(390): App\Commands\FactoryGenerator->renderTemplate(Array)
#4 C:\xampp\htdocs\notes-saas\vendor\codeigniter4\framework\system\CLI\GeneratorTrait.php(253): App\Commands\FactoryGenerator->parseTemplate('App\\Database\\Fa...')
#5 C:\xampp\htdocs\notes-saas\vendor\codeigniter4\framework\system\CLI\GeneratorTrait.php(400): App\Commands\FactoryGenerator->prepare('App\\Database\\Fa...')
#6 C:\xampp\htdocs\notes-saas\vendor\codeigniter4\framework\system\CLI\GeneratorTrait.php(135): App\Commands\FactoryGenerator->buildContent('App\\Database\\Fa...')
#7 C:\xampp\htdocs\notes-saas\app\Commands\FactoryGenerator.php(53): App\Commands\FactoryGenerator->generateClass(Array)
#8 C:\xampp\htdocs\notes-saas\vendor\codeigniter4\framework\system\CLI\Commands.php(74): App\Commands\FactoryGenerator->run(Array)
#9 C:\xampp\htdocs\notes-saas\vendor\codeigniter4\framework\system\CLI\Console.php(47): CodeIgniter\CLI\Commands->run('make:factory', Array)
#10 C:\xampp\htdocs\notes-saas\vendor\codeigniter4\framework\system\Boot.php(360): CodeIgniter\CLI\Console->run()
#11 C:\xampp\htdocs\notes-saas\vendor\codeigniter4\framework\system\Boot.php(104): CodeIgniter\Boot::runCommand(Object(CodeIgniter\CLI\Console))
#12 C:\xampp\htdocs\notes-saas\spark(87): CodeIgniter\Boot::bootSpark(Object(Config\Paths))
#13 {main}
CRITICAL - 2025-06-21 08:46:47 --> CodeIgniter\View\Exceptions\ViewException: Invalid file: "CodeIgniter\Commands\Generators\Views\factory.tpl.php"
[Method: CLI, Route: make:factory/autoFactory]
in SYSTEMPATH\Exceptions\FrameworkException.php on line 39.
 1 SYSTEMPATH\View\View.php(212): CodeIgniter\Exceptions\FrameworkException::forInvalidFile('CodeIgniter\\Commands\\Generators\\Views\\factory.tpl.php')
 2 SYSTEMPATH\Common.php(1173): CodeIgniter\View\View->render('CodeIgniter\\Commands\\Generators\\Views\\factory.tpl.php', [...], true)
 3 SYSTEMPATH\CLI\GeneratorTrait.php(354): view('CodeIgniter\\Commands\\Generators\\Views\\factory.tpl.php', [], [...])
 4 SYSTEMPATH\CLI\GeneratorTrait.php(390): App\Commands\FactoryGenerator->renderTemplate([])
 5 SYSTEMPATH\CLI\GeneratorTrait.php(253): App\Commands\FactoryGenerator->parseTemplate('App\\Database\\Factories\\AutoFactory')
 6 SYSTEMPATH\CLI\GeneratorTrait.php(400): App\Commands\FactoryGenerator->prepare('App\\Database\\Factories\\AutoFactory')
 7 SYSTEMPATH\CLI\GeneratorTrait.php(135): App\Commands\FactoryGenerator->buildContent('App\\Database\\Factories\\AutoFactory')
 8 APPPATH\Commands\FactoryGenerator.php(53): App\Commands\FactoryGenerator->generateClass([...])
 9 SYSTEMPATH\CLI\Commands.php(74): App\Commands\FactoryGenerator->run([...])
10 SYSTEMPATH\CLI\Console.php(47): CodeIgniter\CLI\Commands->run('make:factory', [...])
11 SYSTEMPATH\Boot.php(360): CodeIgniter\CLI\Console->run()
12 SYSTEMPATH\Boot.php(104): CodeIgniter\Boot::runCommand(Object(CodeIgniter\CLI\Console))
13 ROOTPATH\spark(87): CodeIgniter\Boot::bootSpark(Object(Config\Paths))
ERROR - 2025-06-21 08:55:01 --> CodeIgniter\View\Exceptions\ViewException: Invalid file: "C:\xampp\htdocs\notes-saas\app\Commands/Templates.php" in C:\xampp\htdocs\notes-saas\vendor\codeigniter4\framework\system\Exceptions\FrameworkException.php:39
Stack trace:
#0 C:\xampp\htdocs\notes-saas\vendor\codeigniter4\framework\system\View\View.php(212): CodeIgniter\Exceptions\FrameworkException::forInvalidFile('C:\\xampp\\htdocs...')
#1 C:\xampp\htdocs\notes-saas\vendor\codeigniter4\framework\system\Common.php(1173): CodeIgniter\View\View->render('C:\\xampp\\htdocs...', Array, true)
#2 C:\xampp\htdocs\notes-saas\vendor\codeigniter4\framework\system\CLI\GeneratorTrait.php(347): view('C:\\xampp\\htdocs...', Array, Array)
#3 C:\xampp\htdocs\notes-saas\vendor\codeigniter4\framework\system\CLI\GeneratorTrait.php(390): App\Commands\FactoryGenerator->renderTemplate(Array)
#4 C:\xampp\htdocs\notes-saas\vendor\codeigniter4\framework\system\CLI\GeneratorTrait.php(253): App\Commands\FactoryGenerator->parseTemplate('App\\Database\\Fa...')
#5 C:\xampp\htdocs\notes-saas\vendor\codeigniter4\framework\system\CLI\GeneratorTrait.php(400): App\Commands\FactoryGenerator->prepare('App\\Database\\Fa...')
#6 C:\xampp\htdocs\notes-saas\vendor\codeigniter4\framework\system\CLI\GeneratorTrait.php(135): App\Commands\FactoryGenerator->buildContent('App\\Database\\Fa...')
#7 C:\xampp\htdocs\notes-saas\app\Commands\FactoryGenerator.php(54): App\Commands\FactoryGenerator->generateClass(Array)
#8 C:\xampp\htdocs\notes-saas\vendor\codeigniter4\framework\system\CLI\Commands.php(74): App\Commands\FactoryGenerator->run(Array)
#9 C:\xampp\htdocs\notes-saas\vendor\codeigniter4\framework\system\CLI\Console.php(47): CodeIgniter\CLI\Commands->run('make:factory', Array)
#10 C:\xampp\htdocs\notes-saas\vendor\codeigniter4\framework\system\Boot.php(360): CodeIgniter\CLI\Console->run()
#11 C:\xampp\htdocs\notes-saas\vendor\codeigniter4\framework\system\Boot.php(104): CodeIgniter\Boot::runCommand(Object(CodeIgniter\CLI\Console))
#12 C:\xampp\htdocs\notes-saas\spark(87): CodeIgniter\Boot::bootSpark(Object(Config\Paths))
#13 {main}
CRITICAL - 2025-06-21 08:55:01 --> CodeIgniter\View\Exceptions\ViewException: Invalid file: "CodeIgniter\Commands\Generators\Views\factory.tpl.php"
[Method: CLI, Route: make:factory/autoFactory]
in SYSTEMPATH\Exceptions\FrameworkException.php on line 39.
 1 SYSTEMPATH\View\View.php(212): CodeIgniter\Exceptions\FrameworkException::forInvalidFile('CodeIgniter\\Commands\\Generators\\Views\\factory.tpl.php')
 2 SYSTEMPATH\Common.php(1173): CodeIgniter\View\View->render('CodeIgniter\\Commands\\Generators\\Views\\factory.tpl.php', [...], true)
 3 SYSTEMPATH\CLI\GeneratorTrait.php(354): view('CodeIgniter\\Commands\\Generators\\Views\\factory.tpl.php', [], [...])
 4 SYSTEMPATH\CLI\GeneratorTrait.php(390): App\Commands\FactoryGenerator->renderTemplate([])
 5 SYSTEMPATH\CLI\GeneratorTrait.php(253): App\Commands\FactoryGenerator->parseTemplate('App\\Database\\Factories\\AutoFactory')
 6 SYSTEMPATH\CLI\GeneratorTrait.php(400): App\Commands\FactoryGenerator->prepare('App\\Database\\Factories\\AutoFactory')
 7 SYSTEMPATH\CLI\GeneratorTrait.php(135): App\Commands\FactoryGenerator->buildContent('App\\Database\\Factories\\AutoFactory')
 8 APPPATH\Commands\FactoryGenerator.php(54): App\Commands\FactoryGenerator->generateClass([...])
 9 SYSTEMPATH\CLI\Commands.php(74): App\Commands\FactoryGenerator->run([...])
10 SYSTEMPATH\CLI\Console.php(47): CodeIgniter\CLI\Commands->run('make:factory', [...])
11 SYSTEMPATH\Boot.php(360): CodeIgniter\CLI\Console->run()
12 SYSTEMPATH\Boot.php(104): CodeIgniter\Boot::runCommand(Object(CodeIgniter\CLI\Console))
13 ROOTPATH\spark(87): CodeIgniter\Boot::bootSpark(Object(Config\Paths))
ERROR - 2025-06-21 09:02:52 --> CodeIgniter\View\Exceptions\ViewException: Invalid file: "C:\xampp\htdocs\notes-saas\app\Commands/Templates.php" in C:\xampp\htdocs\notes-saas\vendor\codeigniter4\framework\system\Exceptions\FrameworkException.php:39
Stack trace:
#0 C:\xampp\htdocs\notes-saas\vendor\codeigniter4\framework\system\View\View.php(212): CodeIgniter\Exceptions\FrameworkException::forInvalidFile('C:\\xampp\\htdocs...')
#1 C:\xampp\htdocs\notes-saas\vendor\codeigniter4\framework\system\Common.php(1173): CodeIgniter\View\View->render('C:\\xampp\\htdocs...', Array, true)
#2 C:\xampp\htdocs\notes-saas\vendor\codeigniter4\framework\system\CLI\GeneratorTrait.php(347): view('C:\\xampp\\htdocs...', Array, Array)
#3 C:\xampp\htdocs\notes-saas\vendor\codeigniter4\framework\system\CLI\GeneratorTrait.php(390): App\Commands\FactoryGenerator->renderTemplate(Array)
#4 C:\xampp\htdocs\notes-saas\vendor\codeigniter4\framework\system\CLI\GeneratorTrait.php(253): App\Commands\FactoryGenerator->parseTemplate('App\\Database\\Fa...')
#5 C:\xampp\htdocs\notes-saas\vendor\codeigniter4\framework\system\CLI\GeneratorTrait.php(400): App\Commands\FactoryGenerator->prepare('App\\Database\\Fa...')
#6 C:\xampp\htdocs\notes-saas\vendor\codeigniter4\framework\system\CLI\GeneratorTrait.php(135): App\Commands\FactoryGenerator->buildContent('App\\Database\\Fa...')
#7 C:\xampp\htdocs\notes-saas\app\Commands\FactoryGenerator.php(54): App\Commands\FactoryGenerator->generateClass(Array)
#8 C:\xampp\htdocs\notes-saas\vendor\codeigniter4\framework\system\CLI\Commands.php(74): App\Commands\FactoryGenerator->run(Array)
#9 C:\xampp\htdocs\notes-saas\vendor\codeigniter4\framework\system\CLI\Console.php(47): CodeIgniter\CLI\Commands->run('make:factory', Array)
#10 C:\xampp\htdocs\notes-saas\vendor\codeigniter4\framework\system\Boot.php(360): CodeIgniter\CLI\Console->run()
#11 C:\xampp\htdocs\notes-saas\vendor\codeigniter4\framework\system\Boot.php(104): CodeIgniter\Boot::runCommand(Object(CodeIgniter\CLI\Console))
#12 C:\xampp\htdocs\notes-saas\spark(87): CodeIgniter\Boot::bootSpark(Object(Config\Paths))
#13 {main}
CRITICAL - 2025-06-21 09:02:52 --> CodeIgniter\View\Exceptions\ViewException: Invalid file: "CodeIgniter\Commands\Generators\Views\factory.tpl.php"
[Method: CLI, Route: make:factory/autoFactory]
in SYSTEMPATH\Exceptions\FrameworkException.php on line 39.
 1 SYSTEMPATH\View\View.php(212): CodeIgniter\Exceptions\FrameworkException::forInvalidFile('CodeIgniter\\Commands\\Generators\\Views\\factory.tpl.php')
 2 SYSTEMPATH\Common.php(1173): CodeIgniter\View\View->render('CodeIgniter\\Commands\\Generators\\Views\\factory.tpl.php', [...], true)
 3 SYSTEMPATH\CLI\GeneratorTrait.php(354): view('CodeIgniter\\Commands\\Generators\\Views\\factory.tpl.php', [], [...])
 4 SYSTEMPATH\CLI\GeneratorTrait.php(390): App\Commands\FactoryGenerator->renderTemplate([])
 5 SYSTEMPATH\CLI\GeneratorTrait.php(253): App\Commands\FactoryGenerator->parseTemplate('App\\Database\\Factories\\AutoFactory')
 6 SYSTEMPATH\CLI\GeneratorTrait.php(400): App\Commands\FactoryGenerator->prepare('App\\Database\\Factories\\AutoFactory')
 7 SYSTEMPATH\CLI\GeneratorTrait.php(135): App\Commands\FactoryGenerator->buildContent('App\\Database\\Factories\\AutoFactory')
 8 APPPATH\Commands\FactoryGenerator.php(54): App\Commands\FactoryGenerator->generateClass([...])
 9 SYSTEMPATH\CLI\Commands.php(74): App\Commands\FactoryGenerator->run([...])
10 SYSTEMPATH\CLI\Console.php(47): CodeIgniter\CLI\Commands->run('make:factory', [...])
11 SYSTEMPATH\Boot.php(360): CodeIgniter\CLI\Console->run()
12 SYSTEMPATH\Boot.php(104): CodeIgniter\Boot::runCommand(Object(CodeIgniter\CLI\Console))
13 ROOTPATH\spark(87): CodeIgniter\Boot::bootSpark(Object(Config\Paths))
ERROR - 2025-06-21 09:04:32 --> CodeIgniter\View\Exceptions\ViewException: Invalid file: "C:\xampp\htdocs\notes-saas\app\Commands/Templates.php" in C:\xampp\htdocs\notes-saas\vendor\codeigniter4\framework\system\Exceptions\FrameworkException.php:39
Stack trace:
#0 C:\xampp\htdocs\notes-saas\vendor\codeigniter4\framework\system\View\View.php(212): CodeIgniter\Exceptions\FrameworkException::forInvalidFile('C:\\xampp\\htdocs...')
#1 C:\xampp\htdocs\notes-saas\vendor\codeigniter4\framework\system\Common.php(1173): CodeIgniter\View\View->render('C:\\xampp\\htdocs...', Array, true)
#2 C:\xampp\htdocs\notes-saas\vendor\codeigniter4\framework\system\CLI\GeneratorTrait.php(347): view('C:\\xampp\\htdocs...', Array, Array)
#3 C:\xampp\htdocs\notes-saas\vendor\codeigniter4\framework\system\CLI\GeneratorTrait.php(390): App\Commands\FactoryGenerator->renderTemplate(Array)
#4 C:\xampp\htdocs\notes-saas\vendor\codeigniter4\framework\system\CLI\GeneratorTrait.php(253): App\Commands\FactoryGenerator->parseTemplate('App\\Database\\Fa...')
#5 C:\xampp\htdocs\notes-saas\vendor\codeigniter4\framework\system\CLI\GeneratorTrait.php(400): App\Commands\FactoryGenerator->prepare('App\\Database\\Fa...')
#6 C:\xampp\htdocs\notes-saas\vendor\codeigniter4\framework\system\CLI\GeneratorTrait.php(135): App\Commands\FactoryGenerator->buildContent('App\\Database\\Fa...')
#7 C:\xampp\htdocs\notes-saas\app\Commands\FactoryGenerator.php(54): App\Commands\FactoryGenerator->generateClass(Array)
#8 C:\xampp\htdocs\notes-saas\vendor\codeigniter4\framework\system\CLI\Commands.php(74): App\Commands\FactoryGenerator->run(Array)
#9 C:\xampp\htdocs\notes-saas\vendor\codeigniter4\framework\system\CLI\Console.php(47): CodeIgniter\CLI\Commands->run('make:factory', Array)
#10 C:\xampp\htdocs\notes-saas\vendor\codeigniter4\framework\system\Boot.php(360): CodeIgniter\CLI\Console->run()
#11 C:\xampp\htdocs\notes-saas\vendor\codeigniter4\framework\system\Boot.php(104): CodeIgniter\Boot::runCommand(Object(CodeIgniter\CLI\Console))
#12 C:\xampp\htdocs\notes-saas\spark(87): CodeIgniter\Boot::bootSpark(Object(Config\Paths))
#13 {main}
CRITICAL - 2025-06-21 09:04:32 --> CodeIgniter\View\Exceptions\ViewException: Invalid file: "CodeIgniter\Commands\Generators\Views\factory.tpl.php"
[Method: CLI, Route: make:factory/autoFactory]
in SYSTEMPATH\Exceptions\FrameworkException.php on line 39.
 1 SYSTEMPATH\View\View.php(212): CodeIgniter\Exceptions\FrameworkException::forInvalidFile('CodeIgniter\\Commands\\Generators\\Views\\factory.tpl.php')
 2 SYSTEMPATH\Common.php(1173): CodeIgniter\View\View->render('CodeIgniter\\Commands\\Generators\\Views\\factory.tpl.php', [...], true)
 3 SYSTEMPATH\CLI\GeneratorTrait.php(354): view('CodeIgniter\\Commands\\Generators\\Views\\factory.tpl.php', [], [...])
 4 SYSTEMPATH\CLI\GeneratorTrait.php(390): App\Commands\FactoryGenerator->renderTemplate([])
 5 SYSTEMPATH\CLI\GeneratorTrait.php(253): App\Commands\FactoryGenerator->parseTemplate('App\\Database\\Factories\\AutoFactory')
 6 SYSTEMPATH\CLI\GeneratorTrait.php(400): App\Commands\FactoryGenerator->prepare('App\\Database\\Factories\\AutoFactory')
 7 SYSTEMPATH\CLI\GeneratorTrait.php(135): App\Commands\FactoryGenerator->buildContent('App\\Database\\Factories\\AutoFactory')
 8 APPPATH\Commands\FactoryGenerator.php(54): App\Commands\FactoryGenerator->generateClass([...])
 9 SYSTEMPATH\CLI\Commands.php(74): App\Commands\FactoryGenerator->run([...])
10 SYSTEMPATH\CLI\Console.php(47): CodeIgniter\CLI\Commands->run('make:factory', [...])
11 SYSTEMPATH\Boot.php(360): CodeIgniter\CLI\Console->run()
12 SYSTEMPATH\Boot.php(104): CodeIgniter\Boot::runCommand(Object(CodeIgniter\CLI\Console))
13 ROOTPATH\spark(87): CodeIgniter\Boot::bootSpark(Object(Config\Paths))
ERROR - 2025-06-21 09:04:57 --> CodeIgniter\View\Exceptions\ViewException: Invalid file: "C:\xampp\htdocs\notes-saas\app\Commands\Templates.php" in C:\xampp\htdocs\notes-saas\vendor\codeigniter4\framework\system\Exceptions\FrameworkException.php:39
Stack trace:
#0 C:\xampp\htdocs\notes-saas\vendor\codeigniter4\framework\system\View\View.php(212): CodeIgniter\Exceptions\FrameworkException::forInvalidFile('C:\\xampp\\htdocs...')
#1 C:\xampp\htdocs\notes-saas\vendor\codeigniter4\framework\system\Common.php(1173): CodeIgniter\View\View->render('C:\\xampp\\htdocs...', Array, true)
#2 C:\xampp\htdocs\notes-saas\vendor\codeigniter4\framework\system\CLI\GeneratorTrait.php(347): view('C:\\xampp\\htdocs...', Array, Array)
#3 C:\xampp\htdocs\notes-saas\vendor\codeigniter4\framework\system\CLI\GeneratorTrait.php(390): App\Commands\FactoryGenerator->renderTemplate(Array)
#4 C:\xampp\htdocs\notes-saas\vendor\codeigniter4\framework\system\CLI\GeneratorTrait.php(253): App\Commands\FactoryGenerator->parseTemplate('App\\Database\\Fa...')
#5 C:\xampp\htdocs\notes-saas\vendor\codeigniter4\framework\system\CLI\GeneratorTrait.php(400): App\Commands\FactoryGenerator->prepare('App\\Database\\Fa...')
#6 C:\xampp\htdocs\notes-saas\vendor\codeigniter4\framework\system\CLI\GeneratorTrait.php(135): App\Commands\FactoryGenerator->buildContent('App\\Database\\Fa...')
#7 C:\xampp\htdocs\notes-saas\app\Commands\FactoryGenerator.php(54): App\Commands\FactoryGenerator->generateClass(Array)
#8 C:\xampp\htdocs\notes-saas\vendor\codeigniter4\framework\system\CLI\Commands.php(74): App\Commands\FactoryGenerator->run(Array)
#9 C:\xampp\htdocs\notes-saas\vendor\codeigniter4\framework\system\CLI\Console.php(47): CodeIgniter\CLI\Commands->run('make:factory', Array)
#10 C:\xampp\htdocs\notes-saas\vendor\codeigniter4\framework\system\Boot.php(360): CodeIgniter\CLI\Console->run()
#11 C:\xampp\htdocs\notes-saas\vendor\codeigniter4\framework\system\Boot.php(104): CodeIgniter\Boot::runCommand(Object(CodeIgniter\CLI\Console))
#12 C:\xampp\htdocs\notes-saas\spark(87): CodeIgniter\Boot::bootSpark(Object(Config\Paths))
#13 {main}
CRITICAL - 2025-06-21 09:04:57 --> CodeIgniter\View\Exceptions\ViewException: Invalid file: "CodeIgniter\Commands\Generators\Views\factory.tpl.php"
[Method: CLI, Route: make:factory/autoFactory]
in SYSTEMPATH\Exceptions\FrameworkException.php on line 39.
 1 SYSTEMPATH\View\View.php(212): CodeIgniter\Exceptions\FrameworkException::forInvalidFile('CodeIgniter\\Commands\\Generators\\Views\\factory.tpl.php')
 2 SYSTEMPATH\Common.php(1173): CodeIgniter\View\View->render('CodeIgniter\\Commands\\Generators\\Views\\factory.tpl.php', [...], true)
 3 SYSTEMPATH\CLI\GeneratorTrait.php(354): view('CodeIgniter\\Commands\\Generators\\Views\\factory.tpl.php', [], [...])
 4 SYSTEMPATH\CLI\GeneratorTrait.php(390): App\Commands\FactoryGenerator->renderTemplate([])
 5 SYSTEMPATH\CLI\GeneratorTrait.php(253): App\Commands\FactoryGenerator->parseTemplate('App\\Database\\Factories\\AutoFactory')
 6 SYSTEMPATH\CLI\GeneratorTrait.php(400): App\Commands\FactoryGenerator->prepare('App\\Database\\Factories\\AutoFactory')
 7 SYSTEMPATH\CLI\GeneratorTrait.php(135): App\Commands\FactoryGenerator->buildContent('App\\Database\\Factories\\AutoFactory')
 8 APPPATH\Commands\FactoryGenerator.php(54): App\Commands\FactoryGenerator->generateClass([...])
 9 SYSTEMPATH\CLI\Commands.php(74): App\Commands\FactoryGenerator->run([...])
10 SYSTEMPATH\CLI\Console.php(47): CodeIgniter\CLI\Commands->run('make:factory', [...])
11 SYSTEMPATH\Boot.php(360): CodeIgniter\CLI\Console->run()
12 SYSTEMPATH\Boot.php(104): CodeIgniter\Boot::runCommand(Object(CodeIgniter\CLI\Console))
13 ROOTPATH\spark(87): CodeIgniter\Boot::bootSpark(Object(Config\Paths))
CRITICAL - 2025-06-21 14:25:44 --> InvalidArgumentException: key must be a string when using hmac
[Method: POST, Route: auth/loggedin]
in VENDORPATH\firebase\php-jwt\src\JWT.php on line 249.
 1 VENDORPATH\firebase\php-jwt\src\JWT.php(219): Firebase\JWT\JWT::sign('eyJ0eXAiOiJKV1QiLCJhbGciOiJIUzI1NiJ9.eyJpc3MiOiJodHRwOi8vbG9jYWxob3N0L25vdGVzLXNhYXMvcHVibGljLyIsImF1ZCI6Imh0dHA6Ly9sb2NhbGhvc3Qvbm90ZXMtc2Fhcy9wdWJsaWMvIiwiaWF0IjoxNzUwNTE1OTQyLCJleHAiOjE3NTA1MTk1NDIsInVpZCI6IjE2IiwiZW1haWwiOiJ3aWxsaWFtcHJyaXRjaGFyZEBnb29nbGVtYWlsLmNvbSJ9', false, 'HS256')
 2 APPPATH\Controllers\Auth.php(51): Firebase\JWT\JWT::encode([...], false, 'HS256')
 3 SYSTEMPATH\CodeIgniter.php(933): App\Controllers\Auth->login()
 4 SYSTEMPATH\CodeIgniter.php(507): CodeIgniter\CodeIgniter->runController(Object(App\Controllers\Auth))
 5 SYSTEMPATH\CodeIgniter.php(354): CodeIgniter\CodeIgniter->handleRequest(null, Object(Config\Cache), false)
 6 SYSTEMPATH\Boot.php(334): CodeIgniter\CodeIgniter->run()
 7 SYSTEMPATH\Boot.php(67): CodeIgniter\Boot::runCodeIgniter(Object(CodeIgniter\CodeIgniter))
 8 FCPATH\index.php(59): CodeIgniter\Boot::bootWeb(Object(Config\Paths))
CRITICAL - 2025-06-21 14:28:05 --> ErrorException: foreach() argument must be of type array|object, string given
[Method: POST, Route: api/invite/1]
in APPPATH\Controllers\Api\Team.php on line 84.
 1 APPPATH\Controllers\Api\Team.php(84): CodeIgniter\Debug\Exceptions->errorHandler(2, 'foreach() argument must be of type array|object, string given', 'C:\\xampp\\htdocs\\notes-saas\\app\\Controllers\\Api\\Team.php', 84)
 2 SYSTEMPATH\CodeIgniter.php(933): App\Controllers\Api\Team->invite('1')
 3 SYSTEMPATH\CodeIgniter.php(507): CodeIgniter\CodeIgniter->runController(Object(App\Controllers\Api\Team))
 4 SYSTEMPATH\CodeIgniter.php(354): CodeIgniter\CodeIgniter->handleRequest(null, Object(Config\Cache), false)
 5 SYSTEMPATH\Boot.php(334): CodeIgniter\CodeIgniter->run()
 6 SYSTEMPATH\Boot.php(67): CodeIgniter\Boot::runCodeIgniter(Object(CodeIgniter\CodeIgniter))
 7 FCPATH\index.php(59): CodeIgniter\Boot::bootWeb(Object(Config\Paths))
