CRITICAL - 2025-06-09 17:54:40 --> InvalidArgumentException: key must be a string when using hmac
[Method: POST, Route: auth/loggedin]
in VENDORPATH\firebase\php-jwt\src\JWT.php on line 249.
 1 VENDORPATH\firebase\php-jwt\src\JWT.php(219): Firebase\JWT\JWT::sign('eyJ0eXAiOiJKV1QiLCJhbGciOiJIUzI1NiJ9.eyJpc3MiOiJodHRwOi8vbG9jYWxob3N0L25vdGVzLXNhYXMvcHVibGljLyIsImF1ZCI6Imh0dHA6Ly9sb2NhbGhvc3Qvbm90ZXMtc2Fhcy9wdWJsaWMvIiwiaWF0IjoxNzQ5NDkxNjc5LCJleHAiOjE3NDk0OTUyNzksInVpZCI6IjE4IiwiZW1haWwiOiJ3aWxsaWFtIn0', false, 'HS256')
 2 APPPATH\Controllers\Auth.php(51): Firebase\JWT\JWT::encode([...], false, 'HS256')
 3 SYSTEMPATH\CodeIgniter.php(933): App\Controllers\Auth->login()
 4 SYSTEMPATH\CodeIgniter.php(507): CodeIgniter\CodeIgniter->runController(Object(App\Controllers\Auth))
 5 SYSTEMPATH\CodeIgniter.php(354): CodeIgniter\CodeIgniter->handleRequest(null, Object(Config\Cache), false)
 6 SYSTEMPATH\Boot.php(334): CodeIgniter\CodeIgniter->run()
 7 SYSTEMPATH\Boot.php(67): CodeIgniter\Boot::runCodeIgniter(Object(CodeIgniter\CodeIgniter))
 8 FCPATH\index.php(59): CodeIgniter\Boot::bootWeb(Object(Config\Paths))
CRITICAL - 2025-06-09 18:05:02 --> ErrorException: Undefined variable $modal_Header
[Method: GET, Route: teams]
in APPPATH\Views\templates\footer.php on line 19.
 1 APPPATH\Views\templates\footer.php(19): CodeIgniter\Debug\Exceptions->errorHandler(2, 'Undefined variable $modal_Header', 'C:\\xampp\\htdocs\\notes-saas\\app\\Views\\templates\\footer.php', 19)
 2 SYSTEMPATH\View\View.php(224): include('C:\\xampp\\htdocs\\notes-saas\\app\\Views\\templates\\footer.php')
 3 SYSTEMPATH\View\View.php(227): CodeIgniter\View\View->CodeIgniter\View\{closure}()
 4 SYSTEMPATH\Common.php(1173): CodeIgniter\View\View->render('templates/footer', [], true)
 5 APPPATH\Controllers\BaseController.php(63): view('templates/footer', [...])
 6 APPPATH\Controllers\Teams.php(42): App\Controllers\BaseController->template('teams', [...])
 7 SYSTEMPATH\CodeIgniter.php(933): App\Controllers\Teams->index()
 8 SYSTEMPATH\CodeIgniter.php(507): CodeIgniter\CodeIgniter->runController(Object(App\Controllers\Teams))
 9 SYSTEMPATH\CodeIgniter.php(354): CodeIgniter\CodeIgniter->handleRequest(null, Object(Config\Cache), false)
10 SYSTEMPATH\Boot.php(334): CodeIgniter\CodeIgniter->run()
11 SYSTEMPATH\Boot.php(67): CodeIgniter\Boot::runCodeIgniter(Object(CodeIgniter\CodeIgniter))
12 FCPATH\index.php(59): CodeIgniter\Boot::bootWeb(Object(Config\Paths))
CRITICAL - 2025-06-09 18:07:18 --> ErrorException: Undefined variable $modal_Form
[Method: GET, Route: teams]
in APPPATH\Views\templates\footer.php on line 25.
 1 APPPATH\Views\templates\footer.php(25): CodeIgniter\Debug\Exceptions->errorHandler(2, 'Undefined variable $modal_Form', 'C:\\xampp\\htdocs\\notes-saas\\app\\Views\\templates\\footer.php', 25)
 2 SYSTEMPATH\View\View.php(224): include('C:\\xampp\\htdocs\\notes-saas\\app\\Views\\templates\\footer.php')
 3 SYSTEMPATH\View\View.php(227): CodeIgniter\View\View->CodeIgniter\View\{closure}()
 4 SYSTEMPATH\Common.php(1173): CodeIgniter\View\View->render('templates/footer', [], true)
 5 APPPATH\Controllers\BaseController.php(63): view('templates/footer', [...])
 6 APPPATH\Controllers\Teams.php(44): App\Controllers\BaseController->template('teams', [...])
 7 SYSTEMPATH\CodeIgniter.php(933): App\Controllers\Teams->index()
 8 SYSTEMPATH\CodeIgniter.php(507): CodeIgniter\CodeIgniter->runController(Object(App\Controllers\Teams))
 9 SYSTEMPATH\CodeIgniter.php(354): CodeIgniter\CodeIgniter->handleRequest(null, Object(Config\Cache), false)
10 SYSTEMPATH\Boot.php(334): CodeIgniter\CodeIgniter->run()
11 SYSTEMPATH\Boot.php(67): CodeIgniter\Boot::runCodeIgniter(Object(CodeIgniter\CodeIgniter))
12 FCPATH\index.php(59): CodeIgniter\Boot::bootWeb(Object(Config\Paths))
CRITICAL - 2025-06-09 18:10:27 --> Error: Call to undefined method App\Controllers\Teams::view()
[Method: GET, Route: teams]
in APPPATH\Controllers\Teams.php on line 40.
 1 SYSTEMPATH\CodeIgniter.php(933): App\Controllers\Teams->index()
 2 SYSTEMPATH\CodeIgniter.php(507): CodeIgniter\CodeIgniter->runController(Object(App\Controllers\Teams))
 3 SYSTEMPATH\CodeIgniter.php(354): CodeIgniter\CodeIgniter->handleRequest(null, Object(Config\Cache), false)
 4 SYSTEMPATH\Boot.php(334): CodeIgniter\CodeIgniter->run()
 5 SYSTEMPATH\Boot.php(67): CodeIgniter\Boot::runCodeIgniter(Object(CodeIgniter\CodeIgniter))
 6 FCPATH\index.php(59): CodeIgniter\Boot::bootWeb(Object(Config\Paths))
CRITICAL - 2025-06-09 18:10:58 --> Error: Call to undefined method App\Controllers\Teams::view()
[Method: GET, Route: teams]
in APPPATH\Controllers\Teams.php on line 40.
 1 SYSTEMPATH\CodeIgniter.php(933): App\Controllers\Teams->index()
 2 SYSTEMPATH\CodeIgniter.php(507): CodeIgniter\CodeIgniter->runController(Object(App\Controllers\Teams))
 3 SYSTEMPATH\CodeIgniter.php(354): CodeIgniter\CodeIgniter->handleRequest(null, Object(Config\Cache), false)
 4 SYSTEMPATH\Boot.php(334): CodeIgniter\CodeIgniter->run()
 5 SYSTEMPATH\Boot.php(67): CodeIgniter\Boot::runCodeIgniter(Object(CodeIgniter\CodeIgniter))
 6 FCPATH\index.php(59): CodeIgniter\Boot::bootWeb(Object(Config\Paths))
CRITICAL - 2025-06-09 18:12:05 --> TypeError: view(): Argument #2 ($data) must be of type array, null given, called in C:\xampp\htdocs\notes-saas\app\Controllers\Teams.php on line 40
[Method: GET, Route: teams]
in SYSTEMPATH\Common.php on line 1161.
 1 APPPATH\Controllers\Teams.php(40): view('forms/tean_invite', null)
 2 SYSTEMPATH\CodeIgniter.php(933): App\Controllers\Teams->index()
 3 SYSTEMPATH\CodeIgniter.php(507): CodeIgniter\CodeIgniter->runController(Object(App\Controllers\Teams))
 4 SYSTEMPATH\CodeIgniter.php(354): CodeIgniter\CodeIgniter->handleRequest(null, Object(Config\Cache), false)
 5 SYSTEMPATH\Boot.php(334): CodeIgniter\CodeIgniter->run()
 6 SYSTEMPATH\Boot.php(67): CodeIgniter\Boot::runCodeIgniter(Object(CodeIgniter\CodeIgniter))
 7 FCPATH\index.php(59): CodeIgniter\Boot::bootWeb(Object(Config\Paths))
CRITICAL - 2025-06-09 18:12:32 --> ParseError: syntax error, unexpected token ")", expecting ":"
[Method: GET, Route: teams]
in APPPATH\Controllers\Teams.php on line 40.
 1 VENDORPATH\composer\ClassLoader.php(432): Composer\Autoload\ClassLoader::Composer\Autoload\{closure}('C:\\xampp\\htdocs\\notes-saas\\vendor\\composer/../../app\\Controllers\\Teams.php')
 2 [internal function]: Composer\Autoload\ClassLoader->loadClass('App\\Controllers\\Teams')
 3 SYSTEMPATH\CodeIgniter.php(885): class_exists('\\App\\Controllers\\Teams', true)
 4 SYSTEMPATH\CodeIgniter.php(494): CodeIgniter\CodeIgniter->startController()
 5 SYSTEMPATH\CodeIgniter.php(354): CodeIgniter\CodeIgniter->handleRequest(null, Object(Config\Cache), false)
 6 SYSTEMPATH\Boot.php(334): CodeIgniter\CodeIgniter->run()
 7 SYSTEMPATH\Boot.php(67): CodeIgniter\Boot::runCodeIgniter(Object(CodeIgniter\CodeIgniter))
 8 FCPATH\index.php(59): CodeIgniter\Boot::bootWeb(Object(Config\Paths))
CRITICAL - 2025-06-09 18:12:50 --> CodeIgniter\View\Exceptions\ViewException: Invalid file: "forms/tean_invite.php"
[Method: GET, Route: teams]
in SYSTEMPATH\Exceptions\FrameworkException.php on line 39.
 1 SYSTEMPATH\View\View.php(212): CodeIgniter\Exceptions\FrameworkException::forInvalidFile('forms/tean_invite.php')
 2 SYSTEMPATH\Common.php(1173): CodeIgniter\View\View->render('forms/tean_invite', [], true)
 3 APPPATH\Controllers\Teams.php(40): view('forms/tean_invite', [])
 4 SYSTEMPATH\CodeIgniter.php(933): App\Controllers\Teams->index()
 5 SYSTEMPATH\CodeIgniter.php(507): CodeIgniter\CodeIgniter->runController(Object(App\Controllers\Teams))
 6 SYSTEMPATH\CodeIgniter.php(354): CodeIgniter\CodeIgniter->handleRequest(null, Object(Config\Cache), false)
 7 SYSTEMPATH\Boot.php(334): CodeIgniter\CodeIgniter->run()
 8 SYSTEMPATH\Boot.php(67): CodeIgniter\Boot::runCodeIgniter(Object(CodeIgniter\CodeIgniter))
 9 FCPATH\index.php(59): CodeIgniter\Boot::bootWeb(Object(Config\Paths))
CRITICAL - 2025-06-09 18:16:39 --> ErrorException: Undefined variable $modal_Header
[Method: GET, Route: /]
in APPPATH\Views\templates\footer.php on line 19.
 1 APPPATH\Views\templates\footer.php(19): CodeIgniter\Debug\Exceptions->errorHandler(2, 'Undefined variable $modal_Header', 'C:\\xampp\\htdocs\\notes-saas\\app\\Views\\templates\\footer.php', 19)
 2 SYSTEMPATH\View\View.php(224): include('C:\\xampp\\htdocs\\notes-saas\\app\\Views\\templates\\footer.php')
 3 SYSTEMPATH\View\View.php(227): CodeIgniter\View\View->CodeIgniter\View\{closure}()
 4 SYSTEMPATH\Common.php(1173): CodeIgniter\View\View->render('templates/footer', [], true)
 5 APPPATH\Controllers\BaseController.php(63): view('templates/footer', [...])
 6 APPPATH\Controllers\Home.php(12): App\Controllers\BaseController->template('home', [...])
 7 SYSTEMPATH\CodeIgniter.php(933): App\Controllers\Home->index()
 8 SYSTEMPATH\CodeIgniter.php(507): CodeIgniter\CodeIgniter->runController(Object(App\Controllers\Home))
 9 SYSTEMPATH\CodeIgniter.php(354): CodeIgniter\CodeIgniter->handleRequest(null, Object(Config\Cache), false)
10 SYSTEMPATH\Boot.php(334): CodeIgniter\CodeIgniter->run()
11 SYSTEMPATH\Boot.php(67): CodeIgniter\Boot::runCodeIgniter(Object(CodeIgniter\CodeIgniter))
12 FCPATH\index.php(59): CodeIgniter\Boot::bootWeb(Object(Config\Paths))
CRITICAL - 2025-06-09 22:39:57 --> TypeError: CodeIgniter\HTTP\RedirectResponse::to(): Argument #1 ($uri) must be of type string, null given, called in C:\xampp\htdocs\notes-saas\app\Controllers\Auth.php on line 67
[Method: POST, Route: auth/loggedin]
in SYSTEMPATH\HTTP\RedirectResponse.php on line 35.
 1 APPPATH\Controllers\Auth.php(67): CodeIgniter\HTTP\RedirectResponse->to(null)
 2 SYSTEMPATH\CodeIgniter.php(933): App\Controllers\Auth->login()
 3 SYSTEMPATH\CodeIgniter.php(507): CodeIgniter\CodeIgniter->runController(Object(App\Controllers\Auth))
 4 SYSTEMPATH\CodeIgniter.php(354): CodeIgniter\CodeIgniter->handleRequest(null, Object(Config\Cache), false)
 5 SYSTEMPATH\Boot.php(334): CodeIgniter\CodeIgniter->run()
 6 SYSTEMPATH\Boot.php(67): CodeIgniter\Boot::runCodeIgniter(Object(CodeIgniter\CodeIgniter))
 7 FCPATH\index.php(59): CodeIgniter\Boot::bootWeb(Object(Config\Paths))
CRITICAL - 2025-06-09 22:40:06 --> TypeError: CodeIgniter\HTTP\RedirectResponse::to(): Argument #1 ($uri) must be of type string, null given, called in C:\xampp\htdocs\notes-saas\app\Controllers\Auth.php on line 67
[Method: POST, Route: auth/loggedin]
in SYSTEMPATH\HTTP\RedirectResponse.php on line 35.
 1 APPPATH\Controllers\Auth.php(67): CodeIgniter\HTTP\RedirectResponse->to(null)
 2 SYSTEMPATH\CodeIgniter.php(933): App\Controllers\Auth->login()
 3 SYSTEMPATH\CodeIgniter.php(507): CodeIgniter\CodeIgniter->runController(Object(App\Controllers\Auth))
 4 SYSTEMPATH\CodeIgniter.php(354): CodeIgniter\CodeIgniter->handleRequest(null, Object(Config\Cache), false)
 5 SYSTEMPATH\Boot.php(334): CodeIgniter\CodeIgniter->run()
 6 SYSTEMPATH\Boot.php(67): CodeIgniter\Boot::runCodeIgniter(Object(CodeIgniter\CodeIgniter))
 7 FCPATH\index.php(59): CodeIgniter\Boot::bootWeb(Object(Config\Paths))
CRITICAL - 2025-06-09 22:42:02 --> TypeError: CodeIgniter\HTTP\RedirectResponse::to(): Argument #1 ($uri) must be of type string, null given, called in C:\xampp\htdocs\notes-saas\app\Controllers\Auth.php on line 67
[Method: POST, Route: auth/loggedin]
in SYSTEMPATH\HTTP\RedirectResponse.php on line 35.
 1 APPPATH\Controllers\Auth.php(67): CodeIgniter\HTTP\RedirectResponse->to(null)
 2 SYSTEMPATH\CodeIgniter.php(933): App\Controllers\Auth->login()
 3 SYSTEMPATH\CodeIgniter.php(507): CodeIgniter\CodeIgniter->runController(Object(App\Controllers\Auth))
 4 SYSTEMPATH\CodeIgniter.php(354): CodeIgniter\CodeIgniter->handleRequest(null, Object(Config\Cache), false)
 5 SYSTEMPATH\Boot.php(334): CodeIgniter\CodeIgniter->run()
 6 SYSTEMPATH\Boot.php(67): CodeIgniter\Boot::runCodeIgniter(Object(CodeIgniter\CodeIgniter))
 7 FCPATH\index.php(59): CodeIgniter\Boot::bootWeb(Object(Config\Paths))
CRITICAL - 2025-06-09 22:50:12 --> TypeError: CodeIgniter\HTTP\RedirectResponse::to(): Argument #1 ($uri) must be of type string, null given, called in C:\xampp\htdocs\notes-saas\app\Controllers\Auth.php on line 68
[Method: POST, Route: auth/loggedin]
in SYSTEMPATH\HTTP\RedirectResponse.php on line 35.
 1 APPPATH\Controllers\Auth.php(68): CodeIgniter\HTTP\RedirectResponse->to(null)
 2 SYSTEMPATH\CodeIgniter.php(933): App\Controllers\Auth->login()
 3 SYSTEMPATH\CodeIgniter.php(507): CodeIgniter\CodeIgniter->runController(Object(App\Controllers\Auth))
 4 SYSTEMPATH\CodeIgniter.php(354): CodeIgniter\CodeIgniter->handleRequest(null, Object(Config\Cache), false)
 5 SYSTEMPATH\Boot.php(334): CodeIgniter\CodeIgniter->run()
 6 SYSTEMPATH\Boot.php(67): CodeIgniter\Boot::runCodeIgniter(Object(CodeIgniter\CodeIgniter))
 7 FCPATH\index.php(59): CodeIgniter\Boot::bootWeb(Object(Config\Paths))
