CRITICAL - 2025-05-20 22:06:48 --> ParseError: syntax error, unexpected token "class", expecting "{"
[Method: GET, Route: api/teams]
in APPPATH\Services\AuthService.php on line 5.
 1 VENDORPATH\composer\ClassLoader.php(432): Composer\Autoload\ClassLoader::Composer\Autoload\{closure}('C:\\xampp\\htdocs\\notes-saas\\vendor\\composer/../../app\\Services\\AuthService.php')
 2 APPPATH\Config\Services.php(40): Composer\Autoload\ClassLoader->loadClass('App\\Services\\AuthService')
 3 SYSTEMPATH\Config\BaseService.php(251): Config\Services::auth(false)
 4 APPPATH\Config\Services.php(37): CodeIgniter\Config\BaseService::getSharedInstance('auth')
 5 SYSTEMPATH\Config\BaseService.php(321): Config\Services::auth()
 6 SYSTEMPATH\Config\BaseService.php(202): CodeIgniter\Config\BaseService::__callStatic('auth', [])
 7 SYSTEMPATH\Common.php(1000): CodeIgniter\Config\BaseService::get('auth')
 8 APPPATH\Controllers\Api\Team.php(19): service('auth')
 9 SYSTEMPATH\CodeIgniter.php(933): App\Controllers\Api\Team->create()
10 SYSTEMPATH\CodeIgniter.php(507): CodeIgniter\CodeIgniter->runController(Object(App\Controllers\Api\Team))
11 SYSTEMPATH\CodeIgniter.php(354): CodeIgniter\CodeIgniter->handleRequest(null, Object(Config\Cache), false)
12 SYSTEMPATH\Boot.php(334): CodeIgniter\CodeIgniter->run()
13 SYSTEMPATH\Boot.php(67): CodeIgniter\Boot::runCodeIgniter(Object(CodeIgniter\CodeIgniter))
14 FCPATH\index.php(59): CodeIgniter\Boot::bootWeb(Object(Config\Paths))
CRITICAL - 2025-05-20 22:07:20 --> Error: Class "App\Services\AuthService" not found
[Method: GET, Route: api/teams]
in APPPATH\Config\Services.php on line 40.
 1 SYSTEMPATH\Config\BaseService.php(251): Config\Services::auth(false)
 2 APPPATH\Config\Services.php(37): CodeIgniter\Config\BaseService::getSharedInstance('auth')
 3 SYSTEMPATH\Config\BaseService.php(321): Config\Services::auth()
 4 SYSTEMPATH\Config\BaseService.php(202): CodeIgniter\Config\BaseService::__callStatic('auth', [])
 5 SYSTEMPATH\Common.php(1000): CodeIgniter\Config\BaseService::get('auth')
 6 APPPATH\Controllers\Api\Team.php(19): service('auth')
 7 SYSTEMPATH\CodeIgniter.php(933): App\Controllers\Api\Team->create()
 8 SYSTEMPATH\CodeIgniter.php(507): CodeIgniter\CodeIgniter->runController(Object(App\Controllers\Api\Team))
 9 SYSTEMPATH\CodeIgniter.php(354): CodeIgniter\CodeIgniter->handleRequest(null, Object(Config\Cache), false)
10 SYSTEMPATH\Boot.php(334): CodeIgniter\CodeIgniter->run()
11 SYSTEMPATH\Boot.php(67): CodeIgniter\Boot::runCodeIgniter(Object(CodeIgniter\CodeIgniter))
12 FCPATH\index.php(59): CodeIgniter\Boot::bootWeb(Object(Config\Paths))
CRITICAL - 2025-05-20 22:11:28 --> ErrorException: Undefined variable $user
[Method: GET, Route: api/teams]
in APPPATH\Controllers\Api\Team.php on line 25.
 1 APPPATH\Controllers\Api\Team.php(25): CodeIgniter\Debug\Exceptions->errorHandler(2, 'Undefined variable $user', 'C:\\xampp\\htdocs\\notes-saas\\app\\Controllers\\Api\\Team.php', 25)
 2 SYSTEMPATH\CodeIgniter.php(933): App\Controllers\Api\Team->create()
 3 SYSTEMPATH\CodeIgniter.php(507): CodeIgniter\CodeIgniter->runController(Object(App\Controllers\Api\Team))
 4 SYSTEMPATH\CodeIgniter.php(354): CodeIgniter\CodeIgniter->handleRequest(null, Object(Config\Cache), false)
 5 SYSTEMPATH\Boot.php(334): CodeIgniter\CodeIgniter->run()
 6 SYSTEMPATH\Boot.php(67): CodeIgniter\Boot::runCodeIgniter(Object(CodeIgniter\CodeIgniter))
 7 FCPATH\index.php(59): CodeIgniter\Boot::bootWeb(Object(Config\Paths))
