CRITICAL - 2025-05-24 08:35:46 --> ErrorException: Undefined variable $data
[Method: GET, Route: api/teams]
in APPPATH\Controllers\Api\Team.php on line 19.
 1 APPPATH\Controllers\Api\Team.php(19): CodeIgniter\Debug\Exceptions->errorHandler(2, 'Undefined variable $data', 'C:\\xampp\\htdocs\\notes-saas\\app\\Controllers\\Api\\Team.php', 19)
 2 SYSTEMPATH\CodeIgniter.php(933): App\Controllers\Api\Team->index()
 3 SYSTEMPATH\CodeIgniter.php(507): CodeIgniter\CodeIgniter->runController(Object(App\Controllers\Api\Team))
 4 SYSTEMPATH\CodeIgniter.php(354): CodeIgniter\CodeIgniter->handleRequest(null, Object(Config\Cache), false)
 5 SYSTEMPATH\Boot.php(334): CodeIgniter\CodeIgniter->run()
 6 SYSTEMPATH\Boot.php(67): CodeIgniter\Boot::runCodeIgniter(Object(CodeIgniter\CodeIgniter))
 7 FCPATH\index.php(59): CodeIgniter\Boot::bootWeb(Object(Config\Paths))
CRITICAL - 2025-05-24 08:58:24 --> TypeError: view(): Argument #2 ($data) must be of type array, null given, called in C:\xampp\htdocs\notes-saas\app\Controllers\Api\Team.php on line 18
[Method: GET, Route: api/teams]
in SYSTEMPATH\Common.php on line 1161.
 1 APPPATH\Controllers\Api\Team.php(18): view('teamPage', null, [...])
 2 SYSTEMPATH\CodeIgniter.php(933): App\Controllers\Api\Team->index()
 3 SYSTEMPATH\CodeIgniter.php(507): CodeIgniter\CodeIgniter->runController(Object(App\Controllers\Api\Team))
 4 SYSTEMPATH\CodeIgniter.php(354): CodeIgniter\CodeIgniter->handleRequest(null, Object(Config\Cache), false)
 5 SYSTEMPATH\Boot.php(334): CodeIgniter\CodeIgniter->run()
 6 SYSTEMPATH\Boot.php(67): CodeIgniter\Boot::runCodeIgniter(Object(CodeIgniter\CodeIgniter))
 7 FCPATH\index.php(59): CodeIgniter\Boot::bootWeb(Object(Config\Paths))
CRITICAL - 2025-05-24 09:00:31 --> TypeError: view(): Argument #3 ($options) must be of type array, bool given, called in C:\xampp\htdocs\notes-saas\app\Controllers\Api\Team.php on line 18
[Method: GET, Route: api/teams]
in SYSTEMPATH\Common.php on line 1161.
 1 APPPATH\Controllers\Api\Team.php(18): view('teamPage', [], true)
 2 SYSTEMPATH\CodeIgniter.php(933): App\Controllers\Api\Team->index()
 3 SYSTEMPATH\CodeIgniter.php(507): CodeIgniter\CodeIgniter->runController(Object(App\Controllers\Api\Team))
 4 SYSTEMPATH\CodeIgniter.php(354): CodeIgniter\CodeIgniter->handleRequest(null, Object(Config\Cache), false)
 5 SYSTEMPATH\Boot.php(334): CodeIgniter\CodeIgniter->run()
 6 SYSTEMPATH\Boot.php(67): CodeIgniter\Boot::runCodeIgniter(Object(CodeIgniter\CodeIgniter))
 7 FCPATH\index.php(59): CodeIgniter\Boot::bootWeb(Object(Config\Paths))
CRITICAL - 2025-05-24 14:34:51 --> ParseError: syntax error, unexpected token "."
[Method: GET, Route: api/teams]
in APPPATH\Controllers\Api\Team.php on line 13.
 1 VENDORPATH\composer\ClassLoader.php(432): Composer\Autoload\ClassLoader::Composer\Autoload\{closure}('C:\\xampp\\htdocs\\notes-saas\\vendor\\composer/../../app\\Controllers\\Api\\Team.php')
 2 [internal function]: Composer\Autoload\ClassLoader->loadClass('App\\Controllers\\Api\\Team')
 3 SYSTEMPATH\CodeIgniter.php(885): class_exists('\\App\\Controllers\\Api\\Team', true)
 4 SYSTEMPATH\CodeIgniter.php(494): CodeIgniter\CodeIgniter->startController()
 5 SYSTEMPATH\CodeIgniter.php(354): CodeIgniter\CodeIgniter->handleRequest(null, Object(Config\Cache), false)
 6 SYSTEMPATH\Boot.php(334): CodeIgniter\CodeIgniter->run()
 7 SYSTEMPATH\Boot.php(67): CodeIgniter\Boot::runCodeIgniter(Object(CodeIgniter\CodeIgniter))
 8 FCPATH\index.php(59): CodeIgniter\Boot::bootWeb(Object(Config\Paths))
CRITICAL - 2025-05-24 14:35:36 --> ParseError: syntax error, unexpected token "."
[Method: GET, Route: api/teams]
in APPPATH\Controllers\Api\Team.php on line 13.
 1 VENDORPATH\composer\ClassLoader.php(432): Composer\Autoload\ClassLoader::Composer\Autoload\{closure}('C:\\xampp\\htdocs\\notes-saas\\vendor\\composer/../../app\\Controllers\\Api\\Team.php')
 2 [internal function]: Composer\Autoload\ClassLoader->loadClass('App\\Controllers\\Api\\Team')
 3 SYSTEMPATH\CodeIgniter.php(885): class_exists('\\App\\Controllers\\Api\\Team', true)
 4 SYSTEMPATH\CodeIgniter.php(494): CodeIgniter\CodeIgniter->startController()
 5 SYSTEMPATH\CodeIgniter.php(354): CodeIgniter\CodeIgniter->handleRequest(null, Object(Config\Cache), false)
 6 SYSTEMPATH\Boot.php(334): CodeIgniter\CodeIgniter->run()
 7 SYSTEMPATH\Boot.php(67): CodeIgniter\Boot::runCodeIgniter(Object(CodeIgniter\CodeIgniter))
 8 FCPATH\index.php(59): CodeIgniter\Boot::bootWeb(Object(Config\Paths))
CRITICAL - 2025-05-24 14:35:57 --> ParseError: syntax error, unexpected token "."
[Method: GET, Route: api/teams]
in APPPATH\Controllers\Api\Team.php on line 13.
 1 VENDORPATH\composer\ClassLoader.php(432): Composer\Autoload\ClassLoader::Composer\Autoload\{closure}('C:\\xampp\\htdocs\\notes-saas\\vendor\\composer/../../app\\Controllers\\Api\\Team.php')
 2 [internal function]: Composer\Autoload\ClassLoader->loadClass('App\\Controllers\\Api\\Team')
 3 SYSTEMPATH\CodeIgniter.php(885): class_exists('\\App\\Controllers\\Api\\Team', true)
 4 SYSTEMPATH\CodeIgniter.php(494): CodeIgniter\CodeIgniter->startController()
 5 SYSTEMPATH\CodeIgniter.php(354): CodeIgniter\CodeIgniter->handleRequest(null, Object(Config\Cache), false)
 6 SYSTEMPATH\Boot.php(334): CodeIgniter\CodeIgniter->run()
 7 SYSTEMPATH\Boot.php(67): CodeIgniter\Boot::runCodeIgniter(Object(CodeIgniter\CodeIgniter))
 8 FCPATH\index.php(59): CodeIgniter\Boot::bootWeb(Object(Config\Paths))
CRITICAL - 2025-05-24 14:36:04 --> ParseError: syntax error, unexpected token "."
[Method: GET, Route: api/teams]
in APPPATH\Controllers\Api\Team.php on line 13.
 1 VENDORPATH\composer\ClassLoader.php(432): Composer\Autoload\ClassLoader::Composer\Autoload\{closure}('C:\\xampp\\htdocs\\notes-saas\\vendor\\composer/../../app\\Controllers\\Api\\Team.php')
 2 [internal function]: Composer\Autoload\ClassLoader->loadClass('App\\Controllers\\Api\\Team')
 3 SYSTEMPATH\CodeIgniter.php(885): class_exists('\\App\\Controllers\\Api\\Team', true)
 4 SYSTEMPATH\CodeIgniter.php(494): CodeIgniter\CodeIgniter->startController()
 5 SYSTEMPATH\CodeIgniter.php(354): CodeIgniter\CodeIgniter->handleRequest(null, Object(Config\Cache), false)
 6 SYSTEMPATH\Boot.php(334): CodeIgniter\CodeIgniter->run()
 7 SYSTEMPATH\Boot.php(67): CodeIgniter\Boot::runCodeIgniter(Object(CodeIgniter\CodeIgniter))
 8 FCPATH\index.php(59): CodeIgniter\Boot::bootWeb(Object(Config\Paths))
CRITICAL - 2025-05-24 14:36:34 --> ParseError: syntax error, unexpected token "."
[Method: GET, Route: api/teams]
in APPPATH\Controllers\Api\Team.php on line 13.
 1 VENDORPATH\composer\ClassLoader.php(432): Composer\Autoload\ClassLoader::Composer\Autoload\{closure}('C:\\xampp\\htdocs\\notes-saas\\vendor\\composer/../../app\\Controllers\\Api\\Team.php')
 2 [internal function]: Composer\Autoload\ClassLoader->loadClass('App\\Controllers\\Api\\Team')
 3 SYSTEMPATH\CodeIgniter.php(885): class_exists('\\App\\Controllers\\Api\\Team', true)
 4 SYSTEMPATH\CodeIgniter.php(494): CodeIgniter\CodeIgniter->startController()
 5 SYSTEMPATH\CodeIgniter.php(354): CodeIgniter\CodeIgniter->handleRequest(null, Object(Config\Cache), false)
 6 SYSTEMPATH\Boot.php(334): CodeIgniter\CodeIgniter->run()
 7 SYSTEMPATH\Boot.php(67): CodeIgniter\Boot::runCodeIgniter(Object(CodeIgniter\CodeIgniter))
 8 FCPATH\index.php(59): CodeIgniter\Boot::bootWeb(Object(Config\Paths))
CRITICAL - 2025-05-24 14:37:39 --> ErrorException: Attempt to read property "user" on null
[Method: GET, Route: api/teams]
in APPPATH\Controllers\Api\Team.php on line 13.
 1 APPPATH\Controllers\Api\Team.php(13): CodeIgniter\Debug\Exceptions->errorHandler(2, 'Attempt to read property "user" on null', 'C:\\xampp\\htdocs\\notes-saas\\app\\Controllers\\Api\\Team.php', 13)
 2 SYSTEMPATH\CodeIgniter.php(903): App\Controllers\Api\Team->__construct()
 3 SYSTEMPATH\CodeIgniter.php(498): CodeIgniter\CodeIgniter->createController()
 4 SYSTEMPATH\CodeIgniter.php(354): CodeIgniter\CodeIgniter->handleRequest(null, Object(Config\Cache), false)
 5 SYSTEMPATH\Boot.php(334): CodeIgniter\CodeIgniter->run()
 6 SYSTEMPATH\Boot.php(67): CodeIgniter\Boot::runCodeIgniter(Object(CodeIgniter\CodeIgniter))
 7 FCPATH\index.php(59): CodeIgniter\Boot::bootWeb(Object(Config\Paths))
CRITICAL - 2025-05-24 14:39:02 --> ErrorException: Attempt to read property "user" on null
[Method: GET, Route: api/teams]
in APPPATH\Controllers\Api\Team.php on line 13.
 1 APPPATH\Controllers\Api\Team.php(13): CodeIgniter\Debug\Exceptions->errorHandler(2, 'Attempt to read property "user" on null', 'C:\\xampp\\htdocs\\notes-saas\\app\\Controllers\\Api\\Team.php', 13)
 2 SYSTEMPATH\CodeIgniter.php(903): App\Controllers\Api\Team->__construct()
 3 SYSTEMPATH\CodeIgniter.php(498): CodeIgniter\CodeIgniter->createController()
 4 SYSTEMPATH\CodeIgniter.php(354): CodeIgniter\CodeIgniter->handleRequest(null, Object(Config\Cache), false)
 5 SYSTEMPATH\Boot.php(334): CodeIgniter\CodeIgniter->run()
 6 SYSTEMPATH\Boot.php(67): CodeIgniter\Boot::runCodeIgniter(Object(CodeIgniter\CodeIgniter))
 7 FCPATH\index.php(59): CodeIgniter\Boot::bootWeb(Object(Config\Paths))
CRITICAL - 2025-05-24 14:43:29 --> Error: Call to undefined method App\Controllers\Teams::template()
[Method: GET, Route: teams]
in APPPATH\Controllers\Teams.php on line 12.
 1 SYSTEMPATH\CodeIgniter.php(933): App\Controllers\Teams->index()
 2 SYSTEMPATH\CodeIgniter.php(507): CodeIgniter\CodeIgniter->runController(Object(App\Controllers\Teams))
 3 SYSTEMPATH\CodeIgniter.php(354): CodeIgniter\CodeIgniter->handleRequest(null, Object(Config\Cache), false)
 4 SYSTEMPATH\Boot.php(334): CodeIgniter\CodeIgniter->run()
 5 SYSTEMPATH\Boot.php(67): CodeIgniter\Boot::runCodeIgniter(Object(CodeIgniter\CodeIgniter))
 6 FCPATH\index.php(59): CodeIgniter\Boot::bootWeb(Object(Config\Paths))
CRITICAL - 2025-05-24 14:45:24 --> Error: Call to undefined method App\Controllers\Teams::template()
[Method: GET, Route: teams]
in APPPATH\Controllers\Teams.php on line 12.
 1 SYSTEMPATH\CodeIgniter.php(933): App\Controllers\Teams->index()
 2 SYSTEMPATH\CodeIgniter.php(507): CodeIgniter\CodeIgniter->runController(Object(App\Controllers\Teams))
 3 SYSTEMPATH\CodeIgniter.php(354): CodeIgniter\CodeIgniter->handleRequest(null, Object(Config\Cache), false)
 4 SYSTEMPATH\Boot.php(334): CodeIgniter\CodeIgniter->run()
 5 SYSTEMPATH\Boot.php(67): CodeIgniter\Boot::runCodeIgniter(Object(CodeIgniter\CodeIgniter))
 6 FCPATH\index.php(59): CodeIgniter\Boot::bootWeb(Object(Config\Paths))
CRITICAL - 2025-05-24 14:48:56 --> ParseError: Unclosed '[' on line 22 does not match '}'
[Method: GET, Route: api/teams]
in APPPATH\Controllers\Api\Team.php on line 27.
 1 VENDORPATH\composer\ClassLoader.php(432): Composer\Autoload\ClassLoader::Composer\Autoload\{closure}('C:\\xampp\\htdocs\\notes-saas\\vendor\\composer/../../app\\Controllers\\Api\\Team.php')
 2 [internal function]: Composer\Autoload\ClassLoader->loadClass('App\\Controllers\\Api\\Team')
 3 SYSTEMPATH\CodeIgniter.php(885): class_exists('\\App\\Controllers\\Api\\Team', true)
 4 SYSTEMPATH\CodeIgniter.php(494): CodeIgniter\CodeIgniter->startController()
 5 SYSTEMPATH\CodeIgniter.php(354): CodeIgniter\CodeIgniter->handleRequest(null, Object(Config\Cache), false)
 6 SYSTEMPATH\Boot.php(334): CodeIgniter\CodeIgniter->run()
 7 SYSTEMPATH\Boot.php(67): CodeIgniter\Boot::runCodeIgniter(Object(CodeIgniter\CodeIgniter))
 8 FCPATH\index.php(59): CodeIgniter\Boot::bootWeb(Object(Config\Paths))
CRITICAL - 2025-05-24 14:49:13 --> ParseError: Unclosed '[' on line 22 does not match '}'
[Method: GET, Route: api/teams]
in APPPATH\Controllers\Api\Team.php on line 27.
 1 VENDORPATH\composer\ClassLoader.php(432): Composer\Autoload\ClassLoader::Composer\Autoload\{closure}('C:\\xampp\\htdocs\\notes-saas\\vendor\\composer/../../app\\Controllers\\Api\\Team.php')
 2 [internal function]: Composer\Autoload\ClassLoader->loadClass('App\\Controllers\\Api\\Team')
 3 SYSTEMPATH\CodeIgniter.php(885): class_exists('\\App\\Controllers\\Api\\Team', true)
 4 SYSTEMPATH\CodeIgniter.php(494): CodeIgniter\CodeIgniter->startController()
 5 SYSTEMPATH\CodeIgniter.php(354): CodeIgniter\CodeIgniter->handleRequest(null, Object(Config\Cache), false)
 6 SYSTEMPATH\Boot.php(334): CodeIgniter\CodeIgniter->run()
 7 SYSTEMPATH\Boot.php(67): CodeIgniter\Boot::runCodeIgniter(Object(CodeIgniter\CodeIgniter))
 8 FCPATH\index.php(59): CodeIgniter\Boot::bootWeb(Object(Config\Paths))
CRITICAL - 2025-05-24 14:50:01 --> ParseError: Unclosed '(' on line 22 does not match '}'
[Method: GET, Route: api/teams]
in APPPATH\Controllers\Api\Team.php on line 25.
 1 VENDORPATH\composer\ClassLoader.php(432): Composer\Autoload\ClassLoader::Composer\Autoload\{closure}('C:\\xampp\\htdocs\\notes-saas\\vendor\\composer/../../app\\Controllers\\Api\\Team.php')
 2 [internal function]: Composer\Autoload\ClassLoader->loadClass('App\\Controllers\\Api\\Team')
 3 SYSTEMPATH\CodeIgniter.php(885): class_exists('\\App\\Controllers\\Api\\Team', true)
 4 SYSTEMPATH\CodeIgniter.php(494): CodeIgniter\CodeIgniter->startController()
 5 SYSTEMPATH\CodeIgniter.php(354): CodeIgniter\CodeIgniter->handleRequest(null, Object(Config\Cache), false)
 6 SYSTEMPATH\Boot.php(334): CodeIgniter\CodeIgniter->run()
 7 SYSTEMPATH\Boot.php(67): CodeIgniter\Boot::runCodeIgniter(Object(CodeIgniter\CodeIgniter))
 8 FCPATH\index.php(59): CodeIgniter\Boot::bootWeb(Object(Config\Paths))
CRITICAL - 2025-05-24 14:50:33 --> ErrorException: Attempt to read property "user" on null
[Method: GET, Route: api/teams]
in APPPATH\Controllers\Api\Team.php on line 14.
 1 APPPATH\Controllers\Api\Team.php(14): CodeIgniter\Debug\Exceptions->errorHandler(2, 'Attempt to read property "user" on null', 'C:\\xampp\\htdocs\\notes-saas\\app\\Controllers\\Api\\Team.php', 14)
 2 SYSTEMPATH\CodeIgniter.php(903): App\Controllers\Api\Team->__construct()
 3 SYSTEMPATH\CodeIgniter.php(498): CodeIgniter\CodeIgniter->createController()
 4 SYSTEMPATH\CodeIgniter.php(354): CodeIgniter\CodeIgniter->handleRequest(null, Object(Config\Cache), false)
 5 SYSTEMPATH\Boot.php(334): CodeIgniter\CodeIgniter->run()
 6 SYSTEMPATH\Boot.php(67): CodeIgniter\Boot::runCodeIgniter(Object(CodeIgniter\CodeIgniter))
 7 FCPATH\index.php(59): CodeIgniter\Boot::bootWeb(Object(Config\Paths))
CRITICAL - 2025-05-24 14:59:07 --> Error: Call to undefined function App\Controllers\Api\auth()
[Method: GET, Route: api/teams]
in APPPATH\Controllers\Api\Team.php on line 14.
 1 SYSTEMPATH\CodeIgniter.php(903): App\Controllers\Api\Team->__construct()
 2 SYSTEMPATH\CodeIgniter.php(498): CodeIgniter\CodeIgniter->createController()
 3 SYSTEMPATH\CodeIgniter.php(354): CodeIgniter\CodeIgniter->handleRequest(null, Object(Config\Cache), false)
 4 SYSTEMPATH\Boot.php(334): CodeIgniter\CodeIgniter->run()
 5 SYSTEMPATH\Boot.php(67): CodeIgniter\Boot::runCodeIgniter(Object(CodeIgniter\CodeIgniter))
 6 FCPATH\index.php(59): CodeIgniter\Boot::bootWeb(Object(Config\Paths))
CRITICAL - 2025-05-24 15:03:44 --> Error: Undefined constant "App\Filters\request"
[Method: GET, Route: api/teams]
in APPPATH\Filters\JWTAuth.php on line 28.
 1 SYSTEMPATH\Filters\Filters.php(241): App\Filters\JWTAuth->before(Object(CodeIgniter\HTTP\IncomingRequest), null)
 2 SYSTEMPATH\Filters\Filters.php(221): CodeIgniter\Filters\Filters->runBefore([...])
 3 SYSTEMPATH\CodeIgniter.php(479): CodeIgniter\Filters\Filters->run('api/teams', 'before')
 4 SYSTEMPATH\CodeIgniter.php(354): CodeIgniter\CodeIgniter->handleRequest(null, Object(Config\Cache), false)
 5 SYSTEMPATH\Boot.php(334): CodeIgniter\CodeIgniter->run()
 6 SYSTEMPATH\Boot.php(67): CodeIgniter\Boot::runCodeIgniter(Object(CodeIgniter\CodeIgniter))
 7 FCPATH\index.php(59): CodeIgniter\Boot::bootWeb(Object(Config\Paths))
CRITICAL - 2025-05-24 15:04:17 --> ErrorException: Attempt to read property "user" on null
[Method: GET, Route: api/teams]
in APPPATH\Controllers\Api\Team.php on line 14.
 1 APPPATH\Controllers\Api\Team.php(14): CodeIgniter\Debug\Exceptions->errorHandler(2, 'Attempt to read property "user" on null', 'C:\\xampp\\htdocs\\notes-saas\\app\\Controllers\\Api\\Team.php', 14)
 2 SYSTEMPATH\CodeIgniter.php(903): App\Controllers\Api\Team->__construct()
 3 SYSTEMPATH\CodeIgniter.php(498): CodeIgniter\CodeIgniter->createController()
 4 SYSTEMPATH\CodeIgniter.php(354): CodeIgniter\CodeIgniter->handleRequest(null, Object(Config\Cache), false)
 5 SYSTEMPATH\Boot.php(334): CodeIgniter\CodeIgniter->run()
 6 SYSTEMPATH\Boot.php(67): CodeIgniter\Boot::runCodeIgniter(Object(CodeIgniter\CodeIgniter))
 7 FCPATH\index.php(59): CodeIgniter\Boot::bootWeb(Object(Config\Paths))
CRITICAL - 2025-05-24 15:06:12 --> ErrorException: Attempt to read property "user" on null
[Method: GET, Route: api/teams]
in APPPATH\Controllers\Api\Team.php on line 14.
 1 APPPATH\Controllers\Api\Team.php(14): CodeIgniter\Debug\Exceptions->errorHandler(2, 'Attempt to read property "user" on null', 'C:\\xampp\\htdocs\\notes-saas\\app\\Controllers\\Api\\Team.php', 14)
 2 SYSTEMPATH\CodeIgniter.php(903): App\Controllers\Api\Team->__construct()
 3 SYSTEMPATH\CodeIgniter.php(498): CodeIgniter\CodeIgniter->createController()
 4 SYSTEMPATH\CodeIgniter.php(354): CodeIgniter\CodeIgniter->handleRequest(null, Object(Config\Cache), false)
 5 SYSTEMPATH\Boot.php(334): CodeIgniter\CodeIgniter->run()
 6 SYSTEMPATH\Boot.php(67): CodeIgniter\Boot::runCodeIgniter(Object(CodeIgniter\CodeIgniter))
 7 FCPATH\index.php(59): CodeIgniter\Boot::bootWeb(Object(Config\Paths))
CRITICAL - 2025-05-24 15:07:19 --> TypeError: App\Controllers\Api\Team::index(): Return value must be of type string, CodeIgniter\HTTP\Response returned
[Method: GET, Route: api/teams]
in APPPATH\Controllers\Api\Team.php on line 24.
 1 SYSTEMPATH\CodeIgniter.php(933): App\Controllers\Api\Team->index()
 2 SYSTEMPATH\CodeIgniter.php(507): CodeIgniter\CodeIgniter->runController(Object(App\Controllers\Api\Team))
 3 SYSTEMPATH\CodeIgniter.php(354): CodeIgniter\CodeIgniter->handleRequest(null, Object(Config\Cache), false)
 4 SYSTEMPATH\Boot.php(334): CodeIgniter\CodeIgniter->run()
 5 SYSTEMPATH\Boot.php(67): CodeIgniter\Boot::runCodeIgniter(Object(CodeIgniter\CodeIgniter))
 6 FCPATH\index.php(59): CodeIgniter\Boot::bootWeb(Object(Config\Paths))
