CRITICAL - 2025-06-04 21:30:06 --> CodeIgniter\HTTP\Exceptions\HTTPException: Failed to parse JSON string. Error: Syntax error
[Method: POST, Route: api/addUser]
in SYSTEMPATH\HTTP\IncomingRequest.php on line 537.
 1 SYSTEMPATH\HTTP\IncomingRequest.php(537): CodeIgniter\HTTP\Exceptions\HTTPException::forInvalidJSON('Syntax error')
 2 APPPATH\Controllers\Api\User.php(21): CodeIgniter\HTTP\IncomingRequest->getJSON(true)
 3 SYSTEMPATH\CodeIgniter.php(933): App\Controllers\Api\User->create()
 4 SYSTEMPATH\CodeIgniter.php(507): CodeIgniter\CodeIgniter->runController(Object(App\Controllers\Api\User))
 5 SYSTEMPATH\CodeIgniter.php(354): CodeIgniter\CodeIgniter->handleRequest(null, Object(Config\Cache), false)
 6 SYSTEMPATH\Boot.php(334): CodeIgniter\CodeIgniter->run()
 7 SYSTEMPATH\Boot.php(67): CodeIgniter\Boot::runCodeIgniter(Object(CodeIgniter\CodeIgniter))
 8 FCPATH\index.php(59): CodeIgniter\Boot::bootWeb(Object(Config\Paths))
CRITICAL - 2025-06-04 21:30:06 --> CodeIgniter\HTTP\Exceptions\HTTPException: Failed to parse JSON string. Error: Syntax error
[Method: POST, Route: api/addUser]
in SYSTEMPATH\HTTP\IncomingRequest.php on line 537.
 1 SYSTEMPATH\HTTP\IncomingRequest.php(537): CodeIgniter\HTTP\Exceptions\HTTPException::forInvalidJSON('Syntax error')
 2 APPPATH\Controllers\Api\User.php(21): CodeIgniter\HTTP\IncomingRequest->getJSON(true)
 3 SYSTEMPATH\CodeIgniter.php(933): App\Controllers\Api\User->create()
 4 SYSTEMPATH\CodeIgniter.php(507): CodeIgniter\CodeIgniter->runController(Object(App\Controllers\Api\User))
 5 SYSTEMPATH\CodeIgniter.php(354): CodeIgniter\CodeIgniter->handleRequest(null, Object(Config\Cache), false)
 6 SYSTEMPATH\Boot.php(334): CodeIgniter\CodeIgniter->run()
 7 SYSTEMPATH\Boot.php(67): CodeIgniter\Boot::runCodeIgniter(Object(CodeIgniter\CodeIgniter))
 8 FCPATH\index.php(59): CodeIgniter\Boot::bootWeb(Object(Config\Paths))
CRITICAL - 2025-06-04 21:30:06 --> CodeIgniter\HTTP\Exceptions\HTTPException: Failed to parse JSON string. Error: Syntax error
[Method: POST, Route: api/addUser]
in SYSTEMPATH\HTTP\IncomingRequest.php on line 537.
 1 SYSTEMPATH\HTTP\IncomingRequest.php(537): CodeIgniter\HTTP\Exceptions\HTTPException::forInvalidJSON('Syntax error')
 2 APPPATH\Controllers\Api\User.php(21): CodeIgniter\HTTP\IncomingRequest->getJSON(true)
 3 SYSTEMPATH\CodeIgniter.php(933): App\Controllers\Api\User->create()
 4 SYSTEMPATH\CodeIgniter.php(507): CodeIgniter\CodeIgniter->runController(Object(App\Controllers\Api\User))
 5 SYSTEMPATH\CodeIgniter.php(354): CodeIgniter\CodeIgniter->handleRequest(null, Object(Config\Cache), false)
 6 SYSTEMPATH\Boot.php(334): CodeIgniter\CodeIgniter->run()
 7 SYSTEMPATH\Boot.php(67): CodeIgniter\Boot::runCodeIgniter(Object(CodeIgniter\CodeIgniter))
 8 FCPATH\index.php(59): CodeIgniter\Boot::bootWeb(Object(Config\Paths))
CRITICAL - 2025-06-04 21:30:06 --> CodeIgniter\HTTP\Exceptions\HTTPException: Failed to parse JSON string. Error: Syntax error
[Method: POST, Route: api/addUser]
in SYSTEMPATH\HTTP\IncomingRequest.php on line 537.
 1 SYSTEMPATH\HTTP\IncomingRequest.php(537): CodeIgniter\HTTP\Exceptions\HTTPException::forInvalidJSON('Syntax error')
 2 APPPATH\Controllers\Api\User.php(21): CodeIgniter\HTTP\IncomingRequest->getJSON(true)
 3 SYSTEMPATH\CodeIgniter.php(933): App\Controllers\Api\User->create()
 4 SYSTEMPATH\CodeIgniter.php(507): CodeIgniter\CodeIgniter->runController(Object(App\Controllers\Api\User))
 5 SYSTEMPATH\CodeIgniter.php(354): CodeIgniter\CodeIgniter->handleRequest(null, Object(Config\Cache), false)
 6 SYSTEMPATH\Boot.php(334): CodeIgniter\CodeIgniter->run()
 7 SYSTEMPATH\Boot.php(67): CodeIgniter\Boot::runCodeIgniter(Object(CodeIgniter\CodeIgniter))
 8 FCPATH\index.php(59): CodeIgniter\Boot::bootWeb(Object(Config\Paths))
CRITICAL - 2025-06-04 21:30:06 --> CodeIgniter\HTTP\Exceptions\HTTPException: Failed to parse JSON string. Error: Syntax error
[Method: POST, Route: api/addUser]
in SYSTEMPATH\HTTP\IncomingRequest.php on line 537.
 1 SYSTEMPATH\HTTP\IncomingRequest.php(537): CodeIgniter\HTTP\Exceptions\HTTPException::forInvalidJSON('Syntax error')
 2 APPPATH\Controllers\Api\User.php(21): CodeIgniter\HTTP\IncomingRequest->getJSON(true)
 3 SYSTEMPATH\CodeIgniter.php(933): App\Controllers\Api\User->create()
 4 SYSTEMPATH\CodeIgniter.php(507): CodeIgniter\CodeIgniter->runController(Object(App\Controllers\Api\User))
 5 SYSTEMPATH\CodeIgniter.php(354): CodeIgniter\CodeIgniter->handleRequest(null, Object(Config\Cache), false)
 6 SYSTEMPATH\Boot.php(334): CodeIgniter\CodeIgniter->run()
 7 SYSTEMPATH\Boot.php(67): CodeIgniter\Boot::runCodeIgniter(Object(CodeIgniter\CodeIgniter))
 8 FCPATH\index.php(59): CodeIgniter\Boot::bootWeb(Object(Config\Paths))
CRITICAL - 2025-06-04 21:30:06 --> CodeIgniter\HTTP\Exceptions\HTTPException: Failed to parse JSON string. Error: Syntax error
[Method: POST, Route: api/addUser]
in SYSTEMPATH\HTTP\IncomingRequest.php on line 537.
 1 SYSTEMPATH\HTTP\IncomingRequest.php(537): CodeIgniter\HTTP\Exceptions\HTTPException::forInvalidJSON('Syntax error')
 2 APPPATH\Controllers\Api\User.php(21): CodeIgniter\HTTP\IncomingRequest->getJSON(true)
 3 SYSTEMPATH\CodeIgniter.php(933): App\Controllers\Api\User->create()
 4 SYSTEMPATH\CodeIgniter.php(507): CodeIgniter\CodeIgniter->runController(Object(App\Controllers\Api\User))
 5 SYSTEMPATH\CodeIgniter.php(354): CodeIgniter\CodeIgniter->handleRequest(null, Object(Config\Cache), false)
 6 SYSTEMPATH\Boot.php(334): CodeIgniter\CodeIgniter->run()
 7 SYSTEMPATH\Boot.php(67): CodeIgniter\Boot::runCodeIgniter(Object(CodeIgniter\CodeIgniter))
 8 FCPATH\index.php(59): CodeIgniter\Boot::bootWeb(Object(Config\Paths))
CRITICAL - 2025-06-04 21:30:06 --> CodeIgniter\HTTP\Exceptions\HTTPException: Failed to parse JSON string. Error: Syntax error
[Method: POST, Route: api/addUser]
in SYSTEMPATH\HTTP\IncomingRequest.php on line 537.
 1 SYSTEMPATH\HTTP\IncomingRequest.php(537): CodeIgniter\HTTP\Exceptions\HTTPException::forInvalidJSON('Syntax error')
 2 APPPATH\Controllers\Api\User.php(21): CodeIgniter\HTTP\IncomingRequest->getJSON(true)
 3 SYSTEMPATH\CodeIgniter.php(933): App\Controllers\Api\User->create()
 4 SYSTEMPATH\CodeIgniter.php(507): CodeIgniter\CodeIgniter->runController(Object(App\Controllers\Api\User))
 5 SYSTEMPATH\CodeIgniter.php(354): CodeIgniter\CodeIgniter->handleRequest(null, Object(Config\Cache), false)
 6 SYSTEMPATH\Boot.php(334): CodeIgniter\CodeIgniter->run()
 7 SYSTEMPATH\Boot.php(67): CodeIgniter\Boot::runCodeIgniter(Object(CodeIgniter\CodeIgniter))
 8 FCPATH\index.php(59): CodeIgniter\Boot::bootWeb(Object(Config\Paths))
CRITICAL - 2025-06-04 21:30:06 --> CodeIgniter\HTTP\Exceptions\HTTPException: Failed to parse JSON string. Error: Syntax error
[Method: POST, Route: api/addUser]
in SYSTEMPATH\HTTP\IncomingRequest.php on line 537.
 1 SYSTEMPATH\HTTP\IncomingRequest.php(537): CodeIgniter\HTTP\Exceptions\HTTPException::forInvalidJSON('Syntax error')
 2 APPPATH\Controllers\Api\User.php(21): CodeIgniter\HTTP\IncomingRequest->getJSON(true)
 3 SYSTEMPATH\CodeIgniter.php(933): App\Controllers\Api\User->create()
 4 SYSTEMPATH\CodeIgniter.php(507): CodeIgniter\CodeIgniter->runController(Object(App\Controllers\Api\User))
 5 SYSTEMPATH\CodeIgniter.php(354): CodeIgniter\CodeIgniter->handleRequest(null, Object(Config\Cache), false)
 6 SYSTEMPATH\Boot.php(334): CodeIgniter\CodeIgniter->run()
 7 SYSTEMPATH\Boot.php(67): CodeIgniter\Boot::runCodeIgniter(Object(CodeIgniter\CodeIgniter))
 8 FCPATH\index.php(59): CodeIgniter\Boot::bootWeb(Object(Config\Paths))
CRITICAL - 2025-06-04 21:30:06 --> CodeIgniter\HTTP\Exceptions\HTTPException: Failed to parse JSON string. Error: Syntax error
[Method: POST, Route: api/addUser]
in SYSTEMPATH\HTTP\IncomingRequest.php on line 537.
 1 SYSTEMPATH\HTTP\IncomingRequest.php(537): CodeIgniter\HTTP\Exceptions\HTTPException::forInvalidJSON('Syntax error')
 2 APPPATH\Controllers\Api\User.php(21): CodeIgniter\HTTP\IncomingRequest->getJSON(true)
 3 SYSTEMPATH\CodeIgniter.php(933): App\Controllers\Api\User->create()
 4 SYSTEMPATH\CodeIgniter.php(507): CodeIgniter\CodeIgniter->runController(Object(App\Controllers\Api\User))
 5 SYSTEMPATH\CodeIgniter.php(354): CodeIgniter\CodeIgniter->handleRequest(null, Object(Config\Cache), false)
 6 SYSTEMPATH\Boot.php(334): CodeIgniter\CodeIgniter->run()
 7 SYSTEMPATH\Boot.php(67): CodeIgniter\Boot::runCodeIgniter(Object(CodeIgniter\CodeIgniter))
 8 FCPATH\index.php(59): CodeIgniter\Boot::bootWeb(Object(Config\Paths))
CRITICAL - 2025-06-04 21:30:06 --> CodeIgniter\HTTP\Exceptions\HTTPException: Failed to parse JSON string. Error: Syntax error
[Method: POST, Route: api/addUser]
in SYSTEMPATH\HTTP\IncomingRequest.php on line 537.
 1 SYSTEMPATH\HTTP\IncomingRequest.php(537): CodeIgniter\HTTP\Exceptions\HTTPException::forInvalidJSON('Syntax error')
 2 APPPATH\Controllers\Api\User.php(21): CodeIgniter\HTTP\IncomingRequest->getJSON(true)
 3 SYSTEMPATH\CodeIgniter.php(933): App\Controllers\Api\User->create()
 4 SYSTEMPATH\CodeIgniter.php(507): CodeIgniter\CodeIgniter->runController(Object(App\Controllers\Api\User))
 5 SYSTEMPATH\CodeIgniter.php(354): CodeIgniter\CodeIgniter->handleRequest(null, Object(Config\Cache), false)
 6 SYSTEMPATH\Boot.php(334): CodeIgniter\CodeIgniter->run()
 7 SYSTEMPATH\Boot.php(67): CodeIgniter\Boot::runCodeIgniter(Object(CodeIgniter\CodeIgniter))
 8 FCPATH\index.php(59): CodeIgniter\Boot::bootWeb(Object(Config\Paths))
CRITICAL - 2025-06-04 21:30:06 --> CodeIgniter\HTTP\Exceptions\HTTPException: Failed to parse JSON string. Error: Syntax error
[Method: POST, Route: api/addUser]
in SYSTEMPATH\HTTP\IncomingRequest.php on line 537.
 1 SYSTEMPATH\HTTP\IncomingRequest.php(537): CodeIgniter\HTTP\Exceptions\HTTPException::forInvalidJSON('Syntax error')
 2 APPPATH\Controllers\Api\User.php(21): CodeIgniter\HTTP\IncomingRequest->getJSON(true)
 3 SYSTEMPATH\CodeIgniter.php(933): App\Controllers\Api\User->create()
 4 SYSTEMPATH\CodeIgniter.php(507): CodeIgniter\CodeIgniter->runController(Object(App\Controllers\Api\User))
 5 SYSTEMPATH\CodeIgniter.php(354): CodeIgniter\CodeIgniter->handleRequest(null, Object(Config\Cache), false)
 6 SYSTEMPATH\Boot.php(334): CodeIgniter\CodeIgniter->run()
 7 SYSTEMPATH\Boot.php(67): CodeIgniter\Boot::runCodeIgniter(Object(CodeIgniter\CodeIgniter))
 8 FCPATH\index.php(59): CodeIgniter\Boot::bootWeb(Object(Config\Paths))
CRITICAL - 2025-06-04 21:30:06 --> CodeIgniter\HTTP\Exceptions\HTTPException: Failed to parse JSON string. Error: Syntax error
[Method: POST, Route: api/addUser]
in SYSTEMPATH\HTTP\IncomingRequest.php on line 537.
 1 SYSTEMPATH\HTTP\IncomingRequest.php(537): CodeIgniter\HTTP\Exceptions\HTTPException::forInvalidJSON('Syntax error')
 2 APPPATH\Controllers\Api\User.php(21): CodeIgniter\HTTP\IncomingRequest->getJSON(true)
 3 SYSTEMPATH\CodeIgniter.php(933): App\Controllers\Api\User->create()
 4 SYSTEMPATH\CodeIgniter.php(507): CodeIgniter\CodeIgniter->runController(Object(App\Controllers\Api\User))
 5 SYSTEMPATH\CodeIgniter.php(354): CodeIgniter\CodeIgniter->handleRequest(null, Object(Config\Cache), false)
 6 SYSTEMPATH\Boot.php(334): CodeIgniter\CodeIgniter->run()
 7 SYSTEMPATH\Boot.php(67): CodeIgniter\Boot::runCodeIgniter(Object(CodeIgniter\CodeIgniter))
 8 FCPATH\index.php(59): CodeIgniter\Boot::bootWeb(Object(Config\Paths))
CRITICAL - 2025-06-04 21:32:23 --> CodeIgniter\HTTP\Exceptions\HTTPException: Failed to parse JSON string. Error: Syntax error
[Method: POST, Route: api/addUser]
in SYSTEMPATH\HTTP\IncomingRequest.php on line 537.
 1 SYSTEMPATH\HTTP\IncomingRequest.php(537): CodeIgniter\HTTP\Exceptions\HTTPException::forInvalidJSON('Syntax error')
 2 APPPATH\Controllers\Api\User.php(21): CodeIgniter\HTTP\IncomingRequest->getJSON(true)
 3 SYSTEMPATH\CodeIgniter.php(933): App\Controllers\Api\User->create()
 4 SYSTEMPATH\CodeIgniter.php(507): CodeIgniter\CodeIgniter->runController(Object(App\Controllers\Api\User))
 5 SYSTEMPATH\CodeIgniter.php(354): CodeIgniter\CodeIgniter->handleRequest(null, Object(Config\Cache), false)
 6 SYSTEMPATH\Boot.php(334): CodeIgniter\CodeIgniter->run()
 7 SYSTEMPATH\Boot.php(67): CodeIgniter\Boot::runCodeIgniter(Object(CodeIgniter\CodeIgniter))
 8 FCPATH\index.php(59): CodeIgniter\Boot::bootWeb(Object(Config\Paths))
CRITICAL - 2025-06-04 22:00:30 --> ErrorException: Maximum execution time of 120 seconds exceeded
[Method: GET, Route: /]
in SYSTEMPATH\ThirdParty\Kint\Parser\ColorPlugin.php on line 60.
 1 [internal function]: CodeIgniter\Debug\Exceptions->shutdownHandler()
CRITICAL - 2025-06-04 22:07:01 --> ErrorException: Maximum execution time of 120 seconds exceeded
[Method: GET, Route: /]
in SYSTEMPATH\Debug\Toolbar.php on line 496.
 1 [internal function]: CodeIgniter\Debug\Exceptions->shutdownHandler()
