DEBUG - 2025-06-03 15:15:26 --> Session: Class initialized using 'CodeIgniter\Session\Handlers\FileHandler' driver.
DEBUG - 2025-06-03 15:15:47 --> Session: Class initialized using 'CodeIgniter\Session\Handlers\FileHandler' driver.
DEBUG - 2025-06-03 15:17:06 --> Session: Class initialized using 'CodeIgniter\Session\Handlers\FileHandler' driver.
DEBUG - 2025-06-03 15:31:54 --> Session: Class initialized using 'CodeIgniter\Session\Handlers\FileHandler' driver.
DEBUG - 2025-06-03 15:40:38 --> Session: Class initialized using 'CodeIgniter\Session\Handlers\FileHandler' driver.
DEBUG - 2025-06-03 15:44:29 --> Session: Class initialized using 'CodeIgniter\Session\Handlers\FileHandler' driver.
DEBUG - 2025-06-03 15:45:01 --> Session: Class initialized using 'CodeIgniter\Session\Handlers\FileHandler' driver.
CRITICAL - 2025-06-03 16:02:20 --> Error: Object of class CodeIgniter\Email\Email could not be converted to string
[Method: POST, Route: auth/sendResetLink]
in APPPATH\Controllers\Auth.php on line 99.
 1 SYSTEMPATH\CodeIgniter.php(933): App\Controllers\Auth->sendResetLink()
 2 SYSTEMPATH\CodeIgniter.php(507): CodeIgniter\CodeIgniter->runController(Object(App\Controllers\Auth))
 3 SYSTEMPATH\CodeIgniter.php(354): CodeIgniter\CodeIgniter->handleRequest(null, Object(Config\Cache), false)
 4 SYSTEMPATH\Boot.php(334): CodeIgniter\CodeIgniter->run()
 5 SYSTEMPATH\Boot.php(67): CodeIgniter\Boot::runCodeIgniter(Object(CodeIgniter\CodeIgniter))
 6 FCPATH\index.php(59): CodeIgniter\Boot::bootWeb(Object(Config\Paths))
CRITICAL - 2025-06-03 16:04:41 --> Error: Object of class CodeIgniter\Email\Email could not be converted to string
[Method: POST, Route: auth/sendResetLink]
in SYSTEMPATH\Database\Query.php on line 339.
 1 SYSTEMPATH\Database\Query.php(339): strtr('SELECT *
FROM `users`
WHERE `email` = :email:
 LIMIT 1', [...])
 2 SYSTEMPATH\Database\Query.php(314): CodeIgniter\Database\Query->matchNamedBinds('SELECT *
FROM `users`
WHERE `email` = :email:
 LIMIT 1', [...])
 3 SYSTEMPATH\Database\Query.php(163): CodeIgniter\Database\Query->compileBinds()
 4 SYSTEMPATH\Database\BaseConnection.php(652): CodeIgniter\Database\Query->getQuery()
 5 SYSTEMPATH\Database\BaseBuilder.php(1649): CodeIgniter\Database\BaseConnection->query('SELECT *
FROM `users`
WHERE `email` = :email:
 LIMIT 1', [...], false)
 6 SYSTEMPATH\Model.php(330): CodeIgniter\Database\BaseBuilder->get()
 7 SYSTEMPATH\BaseModel.php(717): CodeIgniter\Model->doFirst()
 8 APPPATH\Controllers\Auth.php(100): CodeIgniter\BaseModel->first()
 9 SYSTEMPATH\CodeIgniter.php(933): App\Controllers\Auth->sendResetLink()
10 SYSTEMPATH\CodeIgniter.php(507): CodeIgniter\CodeIgniter->runController(Object(App\Controllers\Auth))
11 SYSTEMPATH\CodeIgniter.php(354): CodeIgniter\CodeIgniter->handleRequest(null, Object(Config\Cache), false)
12 SYSTEMPATH\Boot.php(334): CodeIgniter\CodeIgniter->run()
13 SYSTEMPATH\Boot.php(67): CodeIgniter\Boot::runCodeIgniter(Object(CodeIgniter\CodeIgniter))
14 FCPATH\index.php(59): CodeIgniter\Boot::bootWeb(Object(Config\Paths))
CRITICAL - 2025-06-03 16:04:41 --> ErrorException: Uncaught CodeIgniter\Format\Exceptions\FormatException: Failed to parse JSON string. Error: Type is not supported in C:\xampp\htdocs\notes-saas\vendor\codeigniter4\framework\system\Format\JSONFormatter.php:45
Stack trace:
#0 C:\xampp\htdocs\notes-saas\vendor\codeigniter4\framework\system\Format\JSONFormatter.php(45): CodeIgniter\Format\Exceptions\FormatException::forInvalidJSON('Type is not sup...')
#1 C:\xampp\htdocs\notes-saas\vendor\codeigniter4\framework\system\API\ResponseTrait.php(345): CodeIgniter\Format\JSONFormatter->format(Array)
#2 C:\xampp\htdocs\notes-saas\vendor\codeigniter4\framework\system\API\ResponseTrait.php(103): CodeIgniter\Debug\ExceptionHandler->format(Array)
#3 C:\xampp\htdocs\notes-saas\vendor\codeigniter4\framework\system\Debug\ExceptionHandler.php(85): CodeIgniter\Debug\ExceptionHandler->respond(Array, 500)
#4 C:\xampp\htdocs\notes-saas\vendor\codeigniter4\framework\system\Debug\Exceptions.php(163): CodeIgniter\Debug\ExceptionHandler->handle(Object(Error), Object(CodeIgniter\HTTP\IncomingRequest), Object(CodeIgniter\HTTP\Response), 500, 1)
#5 [internal function]: CodeIgniter\Debug\Exceptions->exceptionHandler(Object(Error))
#6 {main}
  thrown
【Previous Exception】
Error
Object of class CodeIgniter\Email\Email could not be converted to string
#0 C:\xampp\htdocs\notes-saas\vendor\codeigniter4\framework\system\Database\Query.php(339): strtr('SELECT *\nFROM `...', Array)
#1 C:\xampp\htdocs\notes-saas\vendor\codeigniter4\framework\system\Database\Query.php(314): CodeIgniter\Database\Query->matchNamedBinds('SELECT *\nFROM `...', Array)
#2 C:\xampp\htdocs\notes-saas\vendor\codeigniter4\framework\system\Database\Query.php(163): CodeIgniter\Database\Query->compileBinds()
#3 C:\xampp\htdocs\notes-saas\vendor\codeigniter4\framework\system\Database\BaseConnection.php(652): CodeIgniter\Database\Query->getQuery()
#4 C:\xampp\htdocs\notes-saas\vendor\codeigniter4\framework\system\Database\BaseBuilder.php(1649): CodeIgniter\Database\BaseConnection->query('SELECT *\nFROM `...', Array, false)
#5 C:\xampp\htdocs\notes-saas\vendor\codeigniter4\framework\system\Model.php(330): CodeIgniter\Database\BaseBuilder->get()
#6 C:\xampp\htdocs\notes-saas\vendor\codeigniter4\framework\system\BaseModel.php(717): CodeIgniter\Model->doFirst()
#7 C:\xampp\htdocs\notes-saas\app\Controllers\Auth.php(100): CodeIgniter\BaseModel->first()
#8 C:\xampp\htdocs\notes-saas\vendor\codeigniter4\framework\system\CodeIgniter.php(933): App\Controllers\Auth->sendResetLink()
#9 C:\xampp\htdocs\notes-saas\vendor\codeigniter4\framework\system\CodeIgniter.php(507): CodeIgniter\CodeIgniter->runController(Object(App\Controllers\Auth))
#10 C:\xampp\htdocs\notes-saas\vendor\codeigniter4\framework\system\CodeIgniter.php(354): CodeIgniter\CodeIgniter->handleRequest(NULL, Object(Config\Cache), false)
#11 C:\xampp\htdocs\notes-saas\vendor\codeigniter4\framework\system\Boot.php(334): CodeIgniter\CodeIgniter->run()
#12 C:\xampp\htdocs\notes-saas\vendor\codeigniter4\framework\system\Boot.php(67): CodeIgniter\Boot::runCodeIgniter(Object(CodeIgniter\CodeIgniter))
#13 C:\xampp\htdocs\notes-saas\public\index.php(59): CodeIgniter\Boot::bootWeb(Object(Config\Paths))
#14 {main}
[Method: POST, Route: auth/sendResetLink]
in SYSTEMPATH\Format\JSONFormatter.php on line 45.
 1 [internal function]: CodeIgniter\Debug\Exceptions->shutdownHandler()
CRITICAL - 2025-06-03 16:07:41 --> Error: Object of class CodeIgniter\Email\Email could not be converted to string
[Method: POST, Route: auth/sendResetLink]
in SYSTEMPATH\Database\Query.php on line 339.
 1 SYSTEMPATH\Database\Query.php(339): strtr('SELECT *
FROM `users`
WHERE `email` = :email:
 LIMIT 1', [...])
 2 SYSTEMPATH\Database\Query.php(314): CodeIgniter\Database\Query->matchNamedBinds('SELECT *
FROM `users`
WHERE `email` = :email:
 LIMIT 1', [...])
 3 SYSTEMPATH\Database\Query.php(163): CodeIgniter\Database\Query->compileBinds()
 4 SYSTEMPATH\Database\BaseConnection.php(652): CodeIgniter\Database\Query->getQuery()
 5 SYSTEMPATH\Database\BaseBuilder.php(1649): CodeIgniter\Database\BaseConnection->query('SELECT *
FROM `users`
WHERE `email` = :email:
 LIMIT 1', [...], false)
 6 SYSTEMPATH\Model.php(330): CodeIgniter\Database\BaseBuilder->get()
 7 SYSTEMPATH\BaseModel.php(717): CodeIgniter\Model->doFirst()
 8 APPPATH\Controllers\Auth.php(100): CodeIgniter\BaseModel->first()
 9 SYSTEMPATH\CodeIgniter.php(933): App\Controllers\Auth->sendResetLink()
10 SYSTEMPATH\CodeIgniter.php(507): CodeIgniter\CodeIgniter->runController(Object(App\Controllers\Auth))
11 SYSTEMPATH\CodeIgniter.php(354): CodeIgniter\CodeIgniter->handleRequest(null, Object(Config\Cache), false)
12 SYSTEMPATH\Boot.php(334): CodeIgniter\CodeIgniter->run()
13 SYSTEMPATH\Boot.php(67): CodeIgniter\Boot::runCodeIgniter(Object(CodeIgniter\CodeIgniter))
14 FCPATH\index.php(59): CodeIgniter\Boot::bootWeb(Object(Config\Paths))
CRITICAL - 2025-06-03 16:07:41 --> ErrorException: Uncaught CodeIgniter\Format\Exceptions\FormatException: Failed to parse JSON string. Error: Type is not supported in C:\xampp\htdocs\notes-saas\vendor\codeigniter4\framework\system\Format\JSONFormatter.php:45
Stack trace:
#0 C:\xampp\htdocs\notes-saas\vendor\codeigniter4\framework\system\Format\JSONFormatter.php(45): CodeIgniter\Format\Exceptions\FormatException::forInvalidJSON('Type is not sup...')
#1 C:\xampp\htdocs\notes-saas\vendor\codeigniter4\framework\system\API\ResponseTrait.php(345): CodeIgniter\Format\JSONFormatter->format(Array)
#2 C:\xampp\htdocs\notes-saas\vendor\codeigniter4\framework\system\API\ResponseTrait.php(103): CodeIgniter\Debug\ExceptionHandler->format(Array)
#3 C:\xampp\htdocs\notes-saas\vendor\codeigniter4\framework\system\Debug\ExceptionHandler.php(85): CodeIgniter\Debug\ExceptionHandler->respond(Array, 500)
#4 C:\xampp\htdocs\notes-saas\vendor\codeigniter4\framework\system\Debug\Exceptions.php(163): CodeIgniter\Debug\ExceptionHandler->handle(Object(Error), Object(CodeIgniter\HTTP\IncomingRequest), Object(CodeIgniter\HTTP\Response), 500, 1)
#5 [internal function]: CodeIgniter\Debug\Exceptions->exceptionHandler(Object(Error))
#6 {main}
  thrown
【Previous Exception】
Error
Object of class CodeIgniter\Email\Email could not be converted to string
#0 C:\xampp\htdocs\notes-saas\vendor\codeigniter4\framework\system\Database\Query.php(339): strtr('SELECT *\nFROM `...', Array)
#1 C:\xampp\htdocs\notes-saas\vendor\codeigniter4\framework\system\Database\Query.php(314): CodeIgniter\Database\Query->matchNamedBinds('SELECT *\nFROM `...', Array)
#2 C:\xampp\htdocs\notes-saas\vendor\codeigniter4\framework\system\Database\Query.php(163): CodeIgniter\Database\Query->compileBinds()
#3 C:\xampp\htdocs\notes-saas\vendor\codeigniter4\framework\system\Database\BaseConnection.php(652): CodeIgniter\Database\Query->getQuery()
#4 C:\xampp\htdocs\notes-saas\vendor\codeigniter4\framework\system\Database\BaseBuilder.php(1649): CodeIgniter\Database\BaseConnection->query('SELECT *\nFROM `...', Array, false)
#5 C:\xampp\htdocs\notes-saas\vendor\codeigniter4\framework\system\Model.php(330): CodeIgniter\Database\BaseBuilder->get()
#6 C:\xampp\htdocs\notes-saas\vendor\codeigniter4\framework\system\BaseModel.php(717): CodeIgniter\Model->doFirst()
#7 C:\xampp\htdocs\notes-saas\app\Controllers\Auth.php(100): CodeIgniter\BaseModel->first()
#8 C:\xampp\htdocs\notes-saas\vendor\codeigniter4\framework\system\CodeIgniter.php(933): App\Controllers\Auth->sendResetLink()
#9 C:\xampp\htdocs\notes-saas\vendor\codeigniter4\framework\system\CodeIgniter.php(507): CodeIgniter\CodeIgniter->runController(Object(App\Controllers\Auth))
#10 C:\xampp\htdocs\notes-saas\vendor\codeigniter4\framework\system\CodeIgniter.php(354): CodeIgniter\CodeIgniter->handleRequest(NULL, Object(Config\Cache), false)
#11 C:\xampp\htdocs\notes-saas\vendor\codeigniter4\framework\system\Boot.php(334): CodeIgniter\CodeIgniter->run()
#12 C:\xampp\htdocs\notes-saas\vendor\codeigniter4\framework\system\Boot.php(67): CodeIgniter\Boot::runCodeIgniter(Object(CodeIgniter\CodeIgniter))
#13 C:\xampp\htdocs\notes-saas\public\index.php(59): CodeIgniter\Boot::bootWeb(Object(Config\Paths))
#14 {main}
[Method: POST, Route: auth/sendResetLink]
in SYSTEMPATH\Format\JSONFormatter.php on line 45.
 1 [internal function]: CodeIgniter\Debug\Exceptions->shutdownHandler()
CRITICAL - 2025-06-03 16:15:25 --> Error: Object of class CodeIgniter\Email\Email could not be converted to string
[Method: POST, Route: auth/sendResetLink]
in SYSTEMPATH\Database\Query.php on line 339.
 1 SYSTEMPATH\Database\Query.php(339): strtr('SELECT *
FROM `users`
WHERE `email` = :email:
 LIMIT 1', [...])
 2 SYSTEMPATH\Database\Query.php(314): CodeIgniter\Database\Query->matchNamedBinds('SELECT *
FROM `users`
WHERE `email` = :email:
 LIMIT 1', [...])
 3 SYSTEMPATH\Database\Query.php(163): CodeIgniter\Database\Query->compileBinds()
 4 SYSTEMPATH\Database\BaseConnection.php(652): CodeIgniter\Database\Query->getQuery()
 5 SYSTEMPATH\Database\BaseBuilder.php(1649): CodeIgniter\Database\BaseConnection->query('SELECT *
FROM `users`
WHERE `email` = :email:
 LIMIT 1', [...], false)
 6 SYSTEMPATH\Model.php(330): CodeIgniter\Database\BaseBuilder->get()
 7 SYSTEMPATH\BaseModel.php(717): CodeIgniter\Model->doFirst()
 8 APPPATH\Controllers\Auth.php(100): CodeIgniter\BaseModel->first()
 9 SYSTEMPATH\CodeIgniter.php(933): App\Controllers\Auth->sendResetLink()
10 SYSTEMPATH\CodeIgniter.php(507): CodeIgniter\CodeIgniter->runController(Object(App\Controllers\Auth))
11 SYSTEMPATH\CodeIgniter.php(354): CodeIgniter\CodeIgniter->handleRequest(null, Object(Config\Cache), false)
12 SYSTEMPATH\Boot.php(334): CodeIgniter\CodeIgniter->run()
13 SYSTEMPATH\Boot.php(67): CodeIgniter\Boot::runCodeIgniter(Object(CodeIgniter\CodeIgniter))
14 FCPATH\index.php(59): CodeIgniter\Boot::bootWeb(Object(Config\Paths))
CRITICAL - 2025-06-03 16:15:25 --> ErrorException: Uncaught CodeIgniter\Format\Exceptions\FormatException: Failed to parse JSON string. Error: Type is not supported in C:\xampp\htdocs\notes-saas\vendor\codeigniter4\framework\system\Format\JSONFormatter.php:45
Stack trace:
#0 C:\xampp\htdocs\notes-saas\vendor\codeigniter4\framework\system\Format\JSONFormatter.php(45): CodeIgniter\Format\Exceptions\FormatException::forInvalidJSON('Type is not sup...')
#1 C:\xampp\htdocs\notes-saas\vendor\codeigniter4\framework\system\API\ResponseTrait.php(345): CodeIgniter\Format\JSONFormatter->format(Array)
#2 C:\xampp\htdocs\notes-saas\vendor\codeigniter4\framework\system\API\ResponseTrait.php(103): CodeIgniter\Debug\ExceptionHandler->format(Array)
#3 C:\xampp\htdocs\notes-saas\vendor\codeigniter4\framework\system\Debug\ExceptionHandler.php(85): CodeIgniter\Debug\ExceptionHandler->respond(Array, 500)
#4 C:\xampp\htdocs\notes-saas\vendor\codeigniter4\framework\system\Debug\Exceptions.php(163): CodeIgniter\Debug\ExceptionHandler->handle(Object(Error), Object(CodeIgniter\HTTP\IncomingRequest), Object(CodeIgniter\HTTP\Response), 500, 1)
#5 [internal function]: CodeIgniter\Debug\Exceptions->exceptionHandler(Object(Error))
#6 {main}
  thrown
【Previous Exception】
Error
Object of class CodeIgniter\Email\Email could not be converted to string
#0 C:\xampp\htdocs\notes-saas\vendor\codeigniter4\framework\system\Database\Query.php(339): strtr('SELECT *\nFROM `...', Array)
#1 C:\xampp\htdocs\notes-saas\vendor\codeigniter4\framework\system\Database\Query.php(314): CodeIgniter\Database\Query->matchNamedBinds('SELECT *\nFROM `...', Array)
#2 C:\xampp\htdocs\notes-saas\vendor\codeigniter4\framework\system\Database\Query.php(163): CodeIgniter\Database\Query->compileBinds()
#3 C:\xampp\htdocs\notes-saas\vendor\codeigniter4\framework\system\Database\BaseConnection.php(652): CodeIgniter\Database\Query->getQuery()
#4 C:\xampp\htdocs\notes-saas\vendor\codeigniter4\framework\system\Database\BaseBuilder.php(1649): CodeIgniter\Database\BaseConnection->query('SELECT *\nFROM `...', Array, false)
#5 C:\xampp\htdocs\notes-saas\vendor\codeigniter4\framework\system\Model.php(330): CodeIgniter\Database\BaseBuilder->get()
#6 C:\xampp\htdocs\notes-saas\vendor\codeigniter4\framework\system\BaseModel.php(717): CodeIgniter\Model->doFirst()
#7 C:\xampp\htdocs\notes-saas\app\Controllers\Auth.php(100): CodeIgniter\BaseModel->first()
#8 C:\xampp\htdocs\notes-saas\vendor\codeigniter4\framework\system\CodeIgniter.php(933): App\Controllers\Auth->sendResetLink()
#9 C:\xampp\htdocs\notes-saas\vendor\codeigniter4\framework\system\CodeIgniter.php(507): CodeIgniter\CodeIgniter->runController(Object(App\Controllers\Auth))
#10 C:\xampp\htdocs\notes-saas\vendor\codeigniter4\framework\system\CodeIgniter.php(354): CodeIgniter\CodeIgniter->handleRequest(NULL, Object(Config\Cache), false)
#11 C:\xampp\htdocs\notes-saas\vendor\codeigniter4\framework\system\Boot.php(334): CodeIgniter\CodeIgniter->run()
#12 C:\xampp\htdocs\notes-saas\vendor\codeigniter4\framework\system\Boot.php(67): CodeIgniter\Boot::runCodeIgniter(Object(CodeIgniter\CodeIgniter))
#13 C:\xampp\htdocs\notes-saas\public\index.php(59): CodeIgniter\Boot::bootWeb(Object(Config\Paths))
#14 {main}
[Method: POST, Route: auth/sendResetLink]
in SYSTEMPATH\Format\JSONFormatter.php on line 45.
 1 [internal function]: CodeIgniter\Debug\Exceptions->shutdownHandler()
CRITICAL - 2025-06-03 16:20:59 --> Error: Object of class CodeIgniter\Email\Email could not be converted to string
[Method: POST, Route: auth/sendResetLink]
in SYSTEMPATH\Database\Query.php on line 339.
 1 SYSTEMPATH\Database\Query.php(339): strtr('SELECT *
FROM `users`
WHERE `email` = :email:
 LIMIT 1', [...])
 2 SYSTEMPATH\Database\Query.php(314): CodeIgniter\Database\Query->matchNamedBinds('SELECT *
FROM `users`
WHERE `email` = :email:
 LIMIT 1', [...])
 3 SYSTEMPATH\Database\Query.php(163): CodeIgniter\Database\Query->compileBinds()
 4 SYSTEMPATH\Database\BaseConnection.php(652): CodeIgniter\Database\Query->getQuery()
 5 SYSTEMPATH\Database\BaseBuilder.php(1649): CodeIgniter\Database\BaseConnection->query('SELECT *
FROM `users`
WHERE `email` = :email:
 LIMIT 1', [...], false)
 6 SYSTEMPATH\Model.php(330): CodeIgniter\Database\BaseBuilder->get()
 7 SYSTEMPATH\BaseModel.php(717): CodeIgniter\Model->doFirst()
 8 APPPATH\Controllers\Auth.php(100): CodeIgniter\BaseModel->first()
 9 SYSTEMPATH\CodeIgniter.php(933): App\Controllers\Auth->sendResetLink()
10 SYSTEMPATH\CodeIgniter.php(507): CodeIgniter\CodeIgniter->runController(Object(App\Controllers\Auth))
11 SYSTEMPATH\CodeIgniter.php(354): CodeIgniter\CodeIgniter->handleRequest(null, Object(Config\Cache), false)
12 SYSTEMPATH\Boot.php(334): CodeIgniter\CodeIgniter->run()
13 SYSTEMPATH\Boot.php(67): CodeIgniter\Boot::runCodeIgniter(Object(CodeIgniter\CodeIgniter))
14 FCPATH\index.php(59): CodeIgniter\Boot::bootWeb(Object(Config\Paths))
CRITICAL - 2025-06-03 16:20:59 --> ErrorException: Uncaught CodeIgniter\Format\Exceptions\FormatException: Failed to parse JSON string. Error: Type is not supported in C:\xampp\htdocs\notes-saas\vendor\codeigniter4\framework\system\Format\JSONFormatter.php:45
Stack trace:
#0 C:\xampp\htdocs\notes-saas\vendor\codeigniter4\framework\system\Format\JSONFormatter.php(45): CodeIgniter\Format\Exceptions\FormatException::forInvalidJSON('Type is not sup...')
#1 C:\xampp\htdocs\notes-saas\vendor\codeigniter4\framework\system\API\ResponseTrait.php(345): CodeIgniter\Format\JSONFormatter->format(Array)
#2 C:\xampp\htdocs\notes-saas\vendor\codeigniter4\framework\system\API\ResponseTrait.php(103): CodeIgniter\Debug\ExceptionHandler->format(Array)
#3 C:\xampp\htdocs\notes-saas\vendor\codeigniter4\framework\system\Debug\ExceptionHandler.php(85): CodeIgniter\Debug\ExceptionHandler->respond(Array, 500)
#4 C:\xampp\htdocs\notes-saas\vendor\codeigniter4\framework\system\Debug\Exceptions.php(163): CodeIgniter\Debug\ExceptionHandler->handle(Object(Error), Object(CodeIgniter\HTTP\IncomingRequest), Object(CodeIgniter\HTTP\Response), 500, 1)
#5 [internal function]: CodeIgniter\Debug\Exceptions->exceptionHandler(Object(Error))
#6 {main}
  thrown
【Previous Exception】
Error
Object of class CodeIgniter\Email\Email could not be converted to string
#0 C:\xampp\htdocs\notes-saas\vendor\codeigniter4\framework\system\Database\Query.php(339): strtr('SELECT *\nFROM `...', Array)
#1 C:\xampp\htdocs\notes-saas\vendor\codeigniter4\framework\system\Database\Query.php(314): CodeIgniter\Database\Query->matchNamedBinds('SELECT *\nFROM `...', Array)
#2 C:\xampp\htdocs\notes-saas\vendor\codeigniter4\framework\system\Database\Query.php(163): CodeIgniter\Database\Query->compileBinds()
#3 C:\xampp\htdocs\notes-saas\vendor\codeigniter4\framework\system\Database\BaseConnection.php(652): CodeIgniter\Database\Query->getQuery()
#4 C:\xampp\htdocs\notes-saas\vendor\codeigniter4\framework\system\Database\BaseBuilder.php(1649): CodeIgniter\Database\BaseConnection->query('SELECT *\nFROM `...', Array, false)
#5 C:\xampp\htdocs\notes-saas\vendor\codeigniter4\framework\system\Model.php(330): CodeIgniter\Database\BaseBuilder->get()
#6 C:\xampp\htdocs\notes-saas\vendor\codeigniter4\framework\system\BaseModel.php(717): CodeIgniter\Model->doFirst()
#7 C:\xampp\htdocs\notes-saas\app\Controllers\Auth.php(100): CodeIgniter\BaseModel->first()
#8 C:\xampp\htdocs\notes-saas\vendor\codeigniter4\framework\system\CodeIgniter.php(933): App\Controllers\Auth->sendResetLink()
#9 C:\xampp\htdocs\notes-saas\vendor\codeigniter4\framework\system\CodeIgniter.php(507): CodeIgniter\CodeIgniter->runController(Object(App\Controllers\Auth))
#10 C:\xampp\htdocs\notes-saas\vendor\codeigniter4\framework\system\CodeIgniter.php(354): CodeIgniter\CodeIgniter->handleRequest(NULL, Object(Config\Cache), false)
#11 C:\xampp\htdocs\notes-saas\vendor\codeigniter4\framework\system\Boot.php(334): CodeIgniter\CodeIgniter->run()
#12 C:\xampp\htdocs\notes-saas\vendor\codeigniter4\framework\system\Boot.php(67): CodeIgniter\Boot::runCodeIgniter(Object(CodeIgniter\CodeIgniter))
#13 C:\xampp\htdocs\notes-saas\public\index.php(59): CodeIgniter\Boot::bootWeb(Object(Config\Paths))
#14 {main}
[Method: POST, Route: auth/sendResetLink]
in SYSTEMPATH\Format\JSONFormatter.php on line 45.
 1 [internal function]: CodeIgniter\Debug\Exceptions->shutdownHandler()
DEBUG - 2025-06-03 16:21:20 --> Session: Class initialized using 'CodeIgniter\Session\Handlers\FileHandler' driver.
CRITICAL - 2025-06-03 16:21:54 --> Error: Object of class CodeIgniter\Email\Email could not be converted to string
[Method: POST, Route: auth/sendResetLink]
in SYSTEMPATH\Database\Query.php on line 339.
 1 SYSTEMPATH\Database\Query.php(339): strtr('SELECT *
FROM `users`
WHERE `email` = :email:
 LIMIT 1', [...])
 2 SYSTEMPATH\Database\Query.php(314): CodeIgniter\Database\Query->matchNamedBinds('SELECT *
FROM `users`
WHERE `email` = :email:
 LIMIT 1', [...])
 3 SYSTEMPATH\Database\Query.php(163): CodeIgniter\Database\Query->compileBinds()
 4 SYSTEMPATH\Database\BaseConnection.php(652): CodeIgniter\Database\Query->getQuery()
 5 SYSTEMPATH\Database\BaseBuilder.php(1649): CodeIgniter\Database\BaseConnection->query('SELECT *
FROM `users`
WHERE `email` = :email:
 LIMIT 1', [...], false)
 6 SYSTEMPATH\Model.php(330): CodeIgniter\Database\BaseBuilder->get()
 7 SYSTEMPATH\BaseModel.php(717): CodeIgniter\Model->doFirst()
 8 APPPATH\Controllers\Auth.php(100): CodeIgniter\BaseModel->first()
 9 SYSTEMPATH\CodeIgniter.php(933): App\Controllers\Auth->sendResetLink()
10 SYSTEMPATH\CodeIgniter.php(507): CodeIgniter\CodeIgniter->runController(Object(App\Controllers\Auth))
11 SYSTEMPATH\CodeIgniter.php(354): CodeIgniter\CodeIgniter->handleRequest(null, Object(Config\Cache), false)
12 SYSTEMPATH\Boot.php(334): CodeIgniter\CodeIgniter->run()
13 SYSTEMPATH\Boot.php(67): CodeIgniter\Boot::runCodeIgniter(Object(CodeIgniter\CodeIgniter))
14 FCPATH\index.php(59): CodeIgniter\Boot::bootWeb(Object(Config\Paths))
CRITICAL - 2025-06-03 16:21:54 --> ErrorException: Uncaught CodeIgniter\Format\Exceptions\FormatException: Failed to parse JSON string. Error: Type is not supported in C:\xampp\htdocs\notes-saas\vendor\codeigniter4\framework\system\Format\JSONFormatter.php:45
Stack trace:
#0 C:\xampp\htdocs\notes-saas\vendor\codeigniter4\framework\system\Format\JSONFormatter.php(45): CodeIgniter\Format\Exceptions\FormatException::forInvalidJSON('Type is not sup...')
#1 C:\xampp\htdocs\notes-saas\vendor\codeigniter4\framework\system\API\ResponseTrait.php(345): CodeIgniter\Format\JSONFormatter->format(Array)
#2 C:\xampp\htdocs\notes-saas\vendor\codeigniter4\framework\system\API\ResponseTrait.php(103): CodeIgniter\Debug\ExceptionHandler->format(Array)
#3 C:\xampp\htdocs\notes-saas\vendor\codeigniter4\framework\system\Debug\ExceptionHandler.php(85): CodeIgniter\Debug\ExceptionHandler->respond(Array, 500)
#4 C:\xampp\htdocs\notes-saas\vendor\codeigniter4\framework\system\Debug\Exceptions.php(163): CodeIgniter\Debug\ExceptionHandler->handle(Object(Error), Object(CodeIgniter\HTTP\IncomingRequest), Object(CodeIgniter\HTTP\Response), 500, 1)
#5 [internal function]: CodeIgniter\Debug\Exceptions->exceptionHandler(Object(Error))
#6 {main}
  thrown
【Previous Exception】
Error
Object of class CodeIgniter\Email\Email could not be converted to string
#0 C:\xampp\htdocs\notes-saas\vendor\codeigniter4\framework\system\Database\Query.php(339): strtr('SELECT *\nFROM `...', Array)
#1 C:\xampp\htdocs\notes-saas\vendor\codeigniter4\framework\system\Database\Query.php(314): CodeIgniter\Database\Query->matchNamedBinds('SELECT *\nFROM `...', Array)
#2 C:\xampp\htdocs\notes-saas\vendor\codeigniter4\framework\system\Database\Query.php(163): CodeIgniter\Database\Query->compileBinds()
#3 C:\xampp\htdocs\notes-saas\vendor\codeigniter4\framework\system\Database\BaseConnection.php(652): CodeIgniter\Database\Query->getQuery()
#4 C:\xampp\htdocs\notes-saas\vendor\codeigniter4\framework\system\Database\BaseBuilder.php(1649): CodeIgniter\Database\BaseConnection->query('SELECT *\nFROM `...', Array, false)
#5 C:\xampp\htdocs\notes-saas\vendor\codeigniter4\framework\system\Model.php(330): CodeIgniter\Database\BaseBuilder->get()
#6 C:\xampp\htdocs\notes-saas\vendor\codeigniter4\framework\system\BaseModel.php(717): CodeIgniter\Model->doFirst()
#7 C:\xampp\htdocs\notes-saas\app\Controllers\Auth.php(100): CodeIgniter\BaseModel->first()
#8 C:\xampp\htdocs\notes-saas\vendor\codeigniter4\framework\system\CodeIgniter.php(933): App\Controllers\Auth->sendResetLink()
#9 C:\xampp\htdocs\notes-saas\vendor\codeigniter4\framework\system\CodeIgniter.php(507): CodeIgniter\CodeIgniter->runController(Object(App\Controllers\Auth))
#10 C:\xampp\htdocs\notes-saas\vendor\codeigniter4\framework\system\CodeIgniter.php(354): CodeIgniter\CodeIgniter->handleRequest(NULL, Object(Config\Cache), false)
#11 C:\xampp\htdocs\notes-saas\vendor\codeigniter4\framework\system\Boot.php(334): CodeIgniter\CodeIgniter->run()
#12 C:\xampp\htdocs\notes-saas\vendor\codeigniter4\framework\system\Boot.php(67): CodeIgniter\Boot::runCodeIgniter(Object(CodeIgniter\CodeIgniter))
#13 C:\xampp\htdocs\notes-saas\public\index.php(59): CodeIgniter\Boot::bootWeb(Object(Config\Paths))
#14 {main}
[Method: POST, Route: auth/sendResetLink]
in SYSTEMPATH\Format\JSONFormatter.php on line 45.
 1 [internal function]: CodeIgniter\Debug\Exceptions->shutdownHandler()
CRITICAL - 2025-06-03 16:28:42 --> Error: Object of class CodeIgniter\Email\Email could not be converted to string
[Method: POST, Route: auth/sendResetLink]
in SYSTEMPATH\Database\Query.php on line 339.
 1 SYSTEMPATH\Database\Query.php(339): strtr('SELECT *
FROM `users`
WHERE `email` = :email:
 LIMIT 1', [...])
 2 SYSTEMPATH\Database\Query.php(314): CodeIgniter\Database\Query->matchNamedBinds('SELECT *
FROM `users`
WHERE `email` = :email:
 LIMIT 1', [...])
 3 SYSTEMPATH\Database\Query.php(163): CodeIgniter\Database\Query->compileBinds()
 4 SYSTEMPATH\Database\BaseConnection.php(652): CodeIgniter\Database\Query->getQuery()
 5 SYSTEMPATH\Database\BaseBuilder.php(1649): CodeIgniter\Database\BaseConnection->query('SELECT *
FROM `users`
WHERE `email` = :email:
 LIMIT 1', [...], false)
 6 SYSTEMPATH\Model.php(330): CodeIgniter\Database\BaseBuilder->get()
 7 SYSTEMPATH\BaseModel.php(717): CodeIgniter\Model->doFirst()
 8 APPPATH\Controllers\Auth.php(100): CodeIgniter\BaseModel->first()
 9 SYSTEMPATH\CodeIgniter.php(933): App\Controllers\Auth->sendResetLink()
10 SYSTEMPATH\CodeIgniter.php(507): CodeIgniter\CodeIgniter->runController(Object(App\Controllers\Auth))
11 SYSTEMPATH\CodeIgniter.php(354): CodeIgniter\CodeIgniter->handleRequest(null, Object(Config\Cache), false)
12 SYSTEMPATH\Boot.php(334): CodeIgniter\CodeIgniter->run()
13 SYSTEMPATH\Boot.php(67): CodeIgniter\Boot::runCodeIgniter(Object(CodeIgniter\CodeIgniter))
14 FCPATH\index.php(59): CodeIgniter\Boot::bootWeb(Object(Config\Paths))
CRITICAL - 2025-06-03 16:40:13 --> Error: Object of class CodeIgniter\Email\Email could not be converted to string
[Method: POST, Route: auth/sendResetLink]
in SYSTEMPATH\Database\Query.php on line 339.
 1 SYSTEMPATH\Database\Query.php(339): strtr('SELECT *
FROM `users`
WHERE `email` = :email:
 LIMIT 1', [...])
 2 SYSTEMPATH\Database\Query.php(314): CodeIgniter\Database\Query->matchNamedBinds('SELECT *
FROM `users`
WHERE `email` = :email:
 LIMIT 1', [...])
 3 SYSTEMPATH\Database\Query.php(163): CodeIgniter\Database\Query->compileBinds()
 4 SYSTEMPATH\Database\BaseConnection.php(652): CodeIgniter\Database\Query->getQuery()
 5 SYSTEMPATH\Database\BaseBuilder.php(1649): CodeIgniter\Database\BaseConnection->query('SELECT *
FROM `users`
WHERE `email` = :email:
 LIMIT 1', [...], false)
 6 SYSTEMPATH\Model.php(330): CodeIgniter\Database\BaseBuilder->get()
 7 SYSTEMPATH\BaseModel.php(717): CodeIgniter\Model->doFirst()
 8 APPPATH\Controllers\Auth.php(100): CodeIgniter\BaseModel->first()
 9 SYSTEMPATH\CodeIgniter.php(933): App\Controllers\Auth->sendResetLink()
10 SYSTEMPATH\CodeIgniter.php(507): CodeIgniter\CodeIgniter->runController(Object(App\Controllers\Auth))
11 SYSTEMPATH\CodeIgniter.php(354): CodeIgniter\CodeIgniter->handleRequest(null, Object(Config\Cache), false)
12 SYSTEMPATH\Boot.php(334): CodeIgniter\CodeIgniter->run()
13 SYSTEMPATH\Boot.php(67): CodeIgniter\Boot::runCodeIgniter(Object(CodeIgniter\CodeIgniter))
14 FCPATH\index.php(59): CodeIgniter\Boot::bootWeb(Object(Config\Paths))
CRITICAL - 2025-06-03 16:40:13 --> ErrorException: Uncaught CodeIgniter\Format\Exceptions\FormatException: Failed to parse JSON string. Error: Type is not supported in C:\xampp\htdocs\notes-saas\vendor\codeigniter4\framework\system\Format\JSONFormatter.php:45
Stack trace:
#0 C:\xampp\htdocs\notes-saas\vendor\codeigniter4\framework\system\Format\JSONFormatter.php(45): CodeIgniter\Format\Exceptions\FormatException::forInvalidJSON('Type is not sup...')
#1 C:\xampp\htdocs\notes-saas\vendor\codeigniter4\framework\system\API\ResponseTrait.php(345): CodeIgniter\Format\JSONFormatter->format(Array)
#2 C:\xampp\htdocs\notes-saas\vendor\codeigniter4\framework\system\API\ResponseTrait.php(103): CodeIgniter\Debug\ExceptionHandler->format(Array)
#3 C:\xampp\htdocs\notes-saas\vendor\codeigniter4\framework\system\Debug\ExceptionHandler.php(85): CodeIgniter\Debug\ExceptionHandler->respond(Array, 500)
#4 C:\xampp\htdocs\notes-saas\vendor\codeigniter4\framework\system\Debug\Exceptions.php(163): CodeIgniter\Debug\ExceptionHandler->handle(Object(Error), Object(CodeIgniter\HTTP\IncomingRequest), Object(CodeIgniter\HTTP\Response), 500, 1)
#5 [internal function]: CodeIgniter\Debug\Exceptions->exceptionHandler(Object(Error))
#6 {main}
  thrown
【Previous Exception】
Error
Object of class CodeIgniter\Email\Email could not be converted to string
#0 C:\xampp\htdocs\notes-saas\vendor\codeigniter4\framework\system\Database\Query.php(339): strtr('SELECT *\nFROM `...', Array)
#1 C:\xampp\htdocs\notes-saas\vendor\codeigniter4\framework\system\Database\Query.php(314): CodeIgniter\Database\Query->matchNamedBinds('SELECT *\nFROM `...', Array)
#2 C:\xampp\htdocs\notes-saas\vendor\codeigniter4\framework\system\Database\Query.php(163): CodeIgniter\Database\Query->compileBinds()
#3 C:\xampp\htdocs\notes-saas\vendor\codeigniter4\framework\system\Database\BaseConnection.php(652): CodeIgniter\Database\Query->getQuery()
#4 C:\xampp\htdocs\notes-saas\vendor\codeigniter4\framework\system\Database\BaseBuilder.php(1649): CodeIgniter\Database\BaseConnection->query('SELECT *\nFROM `...', Array, false)
#5 C:\xampp\htdocs\notes-saas\vendor\codeigniter4\framework\system\Model.php(330): CodeIgniter\Database\BaseBuilder->get()
#6 C:\xampp\htdocs\notes-saas\vendor\codeigniter4\framework\system\BaseModel.php(717): CodeIgniter\Model->doFirst()
#7 C:\xampp\htdocs\notes-saas\app\Controllers\Auth.php(100): CodeIgniter\BaseModel->first()
#8 C:\xampp\htdocs\notes-saas\vendor\codeigniter4\framework\system\CodeIgniter.php(933): App\Controllers\Auth->sendResetLink()
#9 C:\xampp\htdocs\notes-saas\vendor\codeigniter4\framework\system\CodeIgniter.php(507): CodeIgniter\CodeIgniter->runController(Object(App\Controllers\Auth))
#10 C:\xampp\htdocs\notes-saas\vendor\codeigniter4\framework\system\CodeIgniter.php(354): CodeIgniter\CodeIgniter->handleRequest(NULL, Object(Config\Cache), false)
#11 C:\xampp\htdocs\notes-saas\vendor\codeigniter4\framework\system\Boot.php(334): CodeIgniter\CodeIgniter->run()
#12 C:\xampp\htdocs\notes-saas\vendor\codeigniter4\framework\system\Boot.php(67): CodeIgniter\Boot::runCodeIgniter(Object(CodeIgniter\CodeIgniter))
#13 C:\xampp\htdocs\notes-saas\public\index.php(59): CodeIgniter\Boot::bootWeb(Object(Config\Paths))
#14 {main}
[Method: POST, Route: auth/sendResetLink]
in SYSTEMPATH\Format\JSONFormatter.php on line 45.
 1 [internal function]: CodeIgniter\Debug\Exceptions->shutdownHandler()
CRITICAL - 2025-06-03 16:41:38 --> CodeIgniter\HTTP\Exceptions\HTTPException: Failed to parse JSON string. Error: Syntax error
[Method: POST, Route: auth/sendResetLink]
in SYSTEMPATH\HTTP\IncomingRequest.php on line 537.
 1 SYSTEMPATH\HTTP\IncomingRequest.php(537): CodeIgniter\HTTP\Exceptions\HTTPException::forInvalidJSON('Syntax error')
 2 APPPATH\Controllers\Auth.php(60): CodeIgniter\HTTP\IncomingRequest->getJSON(true)
 3 SYSTEMPATH\CodeIgniter.php(933): App\Controllers\Auth->sendResetLink()
 4 SYSTEMPATH\CodeIgniter.php(507): CodeIgniter\CodeIgniter->runController(Object(App\Controllers\Auth))
 5 SYSTEMPATH\CodeIgniter.php(354): CodeIgniter\CodeIgniter->handleRequest(null, Object(Config\Cache), false)
 6 SYSTEMPATH\Boot.php(334): CodeIgniter\CodeIgniter->run()
 7 SYSTEMPATH\Boot.php(67): CodeIgniter\Boot::runCodeIgniter(Object(CodeIgniter\CodeIgniter))
 8 FCPATH\index.php(59): CodeIgniter\Boot::bootWeb(Object(Config\Paths))
CRITICAL - 2025-06-03 18:13:08 --> ErrorException: Undefined variable $email
[Method: POST, Route: auth/sendResetLink]
in APPPATH\Controllers\Auth.php on line 65.
 1 APPPATH\Controllers\Auth.php(65): CodeIgniter\Debug\Exceptions->errorHandler(2, 'Undefined variable $email', 'C:\\xampp\\htdocs\\notes-saas\\app\\Controllers\\Auth.php', 65)
 2 SYSTEMPATH\CodeIgniter.php(933): App\Controllers\Auth->sendResetLink()
 3 SYSTEMPATH\CodeIgniter.php(507): CodeIgniter\CodeIgniter->runController(Object(App\Controllers\Auth))
 4 SYSTEMPATH\CodeIgniter.php(354): CodeIgniter\CodeIgniter->handleRequest(null, Object(Config\Cache), false)
 5 SYSTEMPATH\Boot.php(334): CodeIgniter\CodeIgniter->run()
 6 SYSTEMPATH\Boot.php(67): CodeIgniter\Boot::runCodeIgniter(Object(CodeIgniter\CodeIgniter))
 7 FCPATH\index.php(59): CodeIgniter\Boot::bootWeb(Object(Config\Paths))
ERROR - 2025-06-03 18:13:55 --> Email: sendWithSmtp throwed ErrorException: fsockopen(): php_network_getaddresses: getaddrinfo for smtp.livemail.co.uk failed: No such host is known.  in C:\xampp\htdocs\notes-saas\vendor\codeigniter4\framework\system\Email\Email.php:1905
Stack trace:
#0 [internal function]: CodeIgniter\Debug\Exceptions->errorHandler(2, 'fsockopen(): ph...', 'C:\\xampp\\htdocs...', 1905)
#1 C:\xampp\htdocs\notes-saas\vendor\codeigniter4\framework\system\Email\Email.php(1905): fsockopen('smtp.livemail.c...', 587, NULL, NULL, 5)
#2 C:\xampp\htdocs\notes-saas\vendor\codeigniter4\framework\system\Email\Email.php(1813): CodeIgniter\Email\Email->SMTPConnect()
#3 C:\xampp\htdocs\notes-saas\vendor\codeigniter4\framework\system\Email\Email.php(1698): CodeIgniter\Email\Email->sendWithSmtp()
#4 C:\xampp\htdocs\notes-saas\vendor\codeigniter4\framework\system\Email\Email.php(1592): CodeIgniter\Email\Email->spoolEmail()
#5 C:\xampp\htdocs\notes-saas\app\Controllers\Auth.php(92): CodeIgniter\Email\Email->send()
#6 C:\xampp\htdocs\notes-saas\vendor\codeigniter4\framework\system\CodeIgniter.php(933): App\Controllers\Auth->sendResetLink()
#7 C:\xampp\htdocs\notes-saas\vendor\codeigniter4\framework\system\CodeIgniter.php(507): CodeIgniter\CodeIgniter->runController(Object(App\Controllers\Auth))
#8 C:\xampp\htdocs\notes-saas\vendor\codeigniter4\framework\system\CodeIgniter.php(354): CodeIgniter\CodeIgniter->handleRequest(NULL, Object(Config\Cache), false)
#9 C:\xampp\htdocs\notes-saas\vendor\codeigniter4\framework\system\Boot.php(334): CodeIgniter\CodeIgniter->run()
#10 C:\xampp\htdocs\notes-saas\vendor\codeigniter4\framework\system\Boot.php(67): CodeIgniter\Boot::runCodeIgniter(Object(CodeIgniter\CodeIgniter))
#11 C:\xampp\htdocs\notes-saas\public\index.php(59): CodeIgniter\Boot::bootWeb(Object(Config\Paths))
#12 {main}
ERROR - 2025-06-03 18:13:55 --> Email: Unable to send email using SMTP. Your server might not be configured to send mail using this method.
ERROR - 2025-06-03 18:13:55 --> 
ERROR - 2025-06-03 18:15:47 --> Email: sendWithSmtp throwed ErrorException: fsockopen(): php_network_getaddresses: getaddrinfo for smtp.livemail.co.uk failed: No such host is known.  in C:\xampp\htdocs\notes-saas\vendor\codeigniter4\framework\system\Email\Email.php:1905
Stack trace:
#0 [internal function]: CodeIgniter\Debug\Exceptions->errorHandler(2, 'fsockopen(): ph...', 'C:\\xampp\\htdocs...', 1905)
#1 C:\xampp\htdocs\notes-saas\vendor\codeigniter4\framework\system\Email\Email.php(1905): fsockopen('smtp.livemail.c...', 587, NULL, NULL, 5)
#2 C:\xampp\htdocs\notes-saas\vendor\codeigniter4\framework\system\Email\Email.php(1813): CodeIgniter\Email\Email->SMTPConnect()
#3 C:\xampp\htdocs\notes-saas\vendor\codeigniter4\framework\system\Email\Email.php(1698): CodeIgniter\Email\Email->sendWithSmtp()
#4 C:\xampp\htdocs\notes-saas\vendor\codeigniter4\framework\system\Email\Email.php(1592): CodeIgniter\Email\Email->spoolEmail()
#5 C:\xampp\htdocs\notes-saas\app\Controllers\Auth.php(92): CodeIgniter\Email\Email->send()
#6 C:\xampp\htdocs\notes-saas\vendor\codeigniter4\framework\system\CodeIgniter.php(933): App\Controllers\Auth->sendResetLink()
#7 C:\xampp\htdocs\notes-saas\vendor\codeigniter4\framework\system\CodeIgniter.php(507): CodeIgniter\CodeIgniter->runController(Object(App\Controllers\Auth))
#8 C:\xampp\htdocs\notes-saas\vendor\codeigniter4\framework\system\CodeIgniter.php(354): CodeIgniter\CodeIgniter->handleRequest(NULL, Object(Config\Cache), false)
#9 C:\xampp\htdocs\notes-saas\vendor\codeigniter4\framework\system\Boot.php(334): CodeIgniter\CodeIgniter->run()
#10 C:\xampp\htdocs\notes-saas\vendor\codeigniter4\framework\system\Boot.php(67): CodeIgniter\Boot::runCodeIgniter(Object(CodeIgniter\CodeIgniter))
#11 C:\xampp\htdocs\notes-saas\public\index.php(59): CodeIgniter\Boot::bootWeb(Object(Config\Paths))
#12 {main}
ERROR - 2025-06-03 18:15:47 --> Email: Unable to send email using SMTP. Your server might not be configured to send mail using this method.
ERROR - 2025-06-03 18:15:47 --> 
ERROR - 2025-06-03 18:17:03 --> Email: sendWithSmtp throwed ErrorException: fsockopen(): php_network_getaddresses: getaddrinfo for smtp.livemail.co.uk failed: No such host is known.  in C:\xampp\htdocs\notes-saas\vendor\codeigniter4\framework\system\Email\Email.php:1905
Stack trace:
#0 [internal function]: CodeIgniter\Debug\Exceptions->errorHandler(2, 'fsockopen(): ph...', 'C:\\xampp\\htdocs...', 1905)
#1 C:\xampp\htdocs\notes-saas\vendor\codeigniter4\framework\system\Email\Email.php(1905): fsockopen('smtp.livemail.c...', 587, NULL, NULL, 5)
#2 C:\xampp\htdocs\notes-saas\vendor\codeigniter4\framework\system\Email\Email.php(1813): CodeIgniter\Email\Email->SMTPConnect()
#3 C:\xampp\htdocs\notes-saas\vendor\codeigniter4\framework\system\Email\Email.php(1698): CodeIgniter\Email\Email->sendWithSmtp()
#4 C:\xampp\htdocs\notes-saas\vendor\codeigniter4\framework\system\Email\Email.php(1592): CodeIgniter\Email\Email->spoolEmail()
#5 C:\xampp\htdocs\notes-saas\app\Controllers\Auth.php(92): CodeIgniter\Email\Email->send()
#6 C:\xampp\htdocs\notes-saas\vendor\codeigniter4\framework\system\CodeIgniter.php(933): App\Controllers\Auth->sendResetLink()
#7 C:\xampp\htdocs\notes-saas\vendor\codeigniter4\framework\system\CodeIgniter.php(507): CodeIgniter\CodeIgniter->runController(Object(App\Controllers\Auth))
#8 C:\xampp\htdocs\notes-saas\vendor\codeigniter4\framework\system\CodeIgniter.php(354): CodeIgniter\CodeIgniter->handleRequest(NULL, Object(Config\Cache), false)
#9 C:\xampp\htdocs\notes-saas\vendor\codeigniter4\framework\system\Boot.php(334): CodeIgniter\CodeIgniter->run()
#10 C:\xampp\htdocs\notes-saas\vendor\codeigniter4\framework\system\Boot.php(67): CodeIgniter\Boot::runCodeIgniter(Object(CodeIgniter\CodeIgniter))
#11 C:\xampp\htdocs\notes-saas\public\index.php(59): CodeIgniter\Boot::bootWeb(Object(Config\Paths))
#12 {main}
ERROR - 2025-06-03 18:17:03 --> Email: Unable to send email using SMTP. Your server might not be configured to send mail using this method.
ERROR - 2025-06-03 18:17:03 --> 
ERROR - 2025-06-03 18:17:48 --> Email: sendWithSmtp throwed ErrorException: fsockopen(): php_network_getaddresses: getaddrinfo for smtp.livemail.co.uk failed: No such host is known.  in C:\xampp\htdocs\notes-saas\vendor\codeigniter4\framework\system\Email\Email.php:1905
Stack trace:
#0 [internal function]: CodeIgniter\Debug\Exceptions->errorHandler(2, 'fsockopen(): ph...', 'C:\\xampp\\htdocs...', 1905)
#1 C:\xampp\htdocs\notes-saas\vendor\codeigniter4\framework\system\Email\Email.php(1905): fsockopen('smtp.livemail.c...', 587, NULL, NULL, 5)
#2 C:\xampp\htdocs\notes-saas\vendor\codeigniter4\framework\system\Email\Email.php(1813): CodeIgniter\Email\Email->SMTPConnect()
#3 C:\xampp\htdocs\notes-saas\vendor\codeigniter4\framework\system\Email\Email.php(1698): CodeIgniter\Email\Email->sendWithSmtp()
#4 C:\xampp\htdocs\notes-saas\vendor\codeigniter4\framework\system\Email\Email.php(1592): CodeIgniter\Email\Email->spoolEmail()
#5 C:\xampp\htdocs\notes-saas\app\Controllers\Auth.php(92): CodeIgniter\Email\Email->send()
#6 C:\xampp\htdocs\notes-saas\vendor\codeigniter4\framework\system\CodeIgniter.php(933): App\Controllers\Auth->sendResetLink()
#7 C:\xampp\htdocs\notes-saas\vendor\codeigniter4\framework\system\CodeIgniter.php(507): CodeIgniter\CodeIgniter->runController(Object(App\Controllers\Auth))
#8 C:\xampp\htdocs\notes-saas\vendor\codeigniter4\framework\system\CodeIgniter.php(354): CodeIgniter\CodeIgniter->handleRequest(NULL, Object(Config\Cache), false)
#9 C:\xampp\htdocs\notes-saas\vendor\codeigniter4\framework\system\Boot.php(334): CodeIgniter\CodeIgniter->run()
#10 C:\xampp\htdocs\notes-saas\vendor\codeigniter4\framework\system\Boot.php(67): CodeIgniter\Boot::runCodeIgniter(Object(CodeIgniter\CodeIgniter))
#11 C:\xampp\htdocs\notes-saas\public\index.php(59): CodeIgniter\Boot::bootWeb(Object(Config\Paths))
#12 {main}
ERROR - 2025-06-03 18:17:48 --> Email: Unable to send email using SMTP. Your server might not be configured to send mail using this method.
ERROR - 2025-06-03 18:17:48 --> 
ERROR - 2025-06-03 18:18:15 --> Email: sendWithSmtp throwed ErrorException: fsockopen(): php_network_getaddresses: getaddrinfo for smtp.livemail.co.uk failed: No such host is known.  in C:\xampp\htdocs\notes-saas\vendor\codeigniter4\framework\system\Email\Email.php:1905
Stack trace:
#0 [internal function]: CodeIgniter\Debug\Exceptions->errorHandler(2, 'fsockopen(): ph...', 'C:\\xampp\\htdocs...', 1905)
#1 C:\xampp\htdocs\notes-saas\vendor\codeigniter4\framework\system\Email\Email.php(1905): fsockopen('smtp.livemail.c...', 587, NULL, NULL, 5)
#2 C:\xampp\htdocs\notes-saas\vendor\codeigniter4\framework\system\Email\Email.php(1813): CodeIgniter\Email\Email->SMTPConnect()
#3 C:\xampp\htdocs\notes-saas\vendor\codeigniter4\framework\system\Email\Email.php(1698): CodeIgniter\Email\Email->sendWithSmtp()
#4 C:\xampp\htdocs\notes-saas\vendor\codeigniter4\framework\system\Email\Email.php(1592): CodeIgniter\Email\Email->spoolEmail()
#5 C:\xampp\htdocs\notes-saas\app\Controllers\Auth.php(92): CodeIgniter\Email\Email->send()
#6 C:\xampp\htdocs\notes-saas\vendor\codeigniter4\framework\system\CodeIgniter.php(933): App\Controllers\Auth->sendResetLink()
#7 C:\xampp\htdocs\notes-saas\vendor\codeigniter4\framework\system\CodeIgniter.php(507): CodeIgniter\CodeIgniter->runController(Object(App\Controllers\Auth))
#8 C:\xampp\htdocs\notes-saas\vendor\codeigniter4\framework\system\CodeIgniter.php(354): CodeIgniter\CodeIgniter->handleRequest(NULL, Object(Config\Cache), false)
#9 C:\xampp\htdocs\notes-saas\vendor\codeigniter4\framework\system\Boot.php(334): CodeIgniter\CodeIgniter->run()
#10 C:\xampp\htdocs\notes-saas\vendor\codeigniter4\framework\system\Boot.php(67): CodeIgniter\Boot::runCodeIgniter(Object(CodeIgniter\CodeIgniter))
#11 C:\xampp\htdocs\notes-saas\public\index.php(59): CodeIgniter\Boot::bootWeb(Object(Config\Paths))
#12 {main}
ERROR - 2025-06-03 18:18:15 --> Email: Unable to send email using SMTP. Your server might not be configured to send mail using this method.
ERROR - 2025-06-03 18:18:15 --> 
CRITICAL - 2025-06-03 19:24:34 --> Error: Class "App\Controllers\EmailService" not found
[Method: POST, Route: auth/sendResetLink]
in APPPATH\Controllers\Auth.php on line 78.
 1 SYSTEMPATH\CodeIgniter.php(933): App\Controllers\Auth->sendResetLink()
 2 SYSTEMPATH\CodeIgniter.php(507): CodeIgniter\CodeIgniter->runController(Object(App\Controllers\Auth))
 3 SYSTEMPATH\CodeIgniter.php(354): CodeIgniter\CodeIgniter->handleRequest(null, Object(Config\Cache), false)
 4 SYSTEMPATH\Boot.php(334): CodeIgniter\CodeIgniter->run()
 5 SYSTEMPATH\Boot.php(67): CodeIgniter\Boot::runCodeIgniter(Object(CodeIgniter\CodeIgniter))
 6 FCPATH\index.php(59): CodeIgniter\Boot::bootWeb(Object(Config\Paths))
CRITICAL - 2025-06-03 19:25:44 --> ParseError: syntax error, unexpected token "}"
[Method: POST, Route: auth/sendResetLink]
in APPPATH\Services\EmailService.php on line 15.
 1 VENDORPATH\composer\ClassLoader.php(432): Composer\Autoload\ClassLoader::Composer\Autoload\{closure}('C:\\xampp\\htdocs\\notes-saas\\vendor\\composer/../../app\\Services\\EmailService.php')
 2 APPPATH\Controllers\Auth.php(78): Composer\Autoload\ClassLoader->loadClass('App\\Services\\EmailService')
 3 SYSTEMPATH\CodeIgniter.php(933): App\Controllers\Auth->sendResetLink()
 4 SYSTEMPATH\CodeIgniter.php(507): CodeIgniter\CodeIgniter->runController(Object(App\Controllers\Auth))
 5 SYSTEMPATH\CodeIgniter.php(354): CodeIgniter\CodeIgniter->handleRequest(null, Object(Config\Cache), false)
 6 SYSTEMPATH\Boot.php(334): CodeIgniter\CodeIgniter->run()
 7 SYSTEMPATH\Boot.php(67): CodeIgniter\Boot::runCodeIgniter(Object(CodeIgniter\CodeIgniter))
 8 FCPATH\index.php(59): CodeIgniter\Boot::bootWeb(Object(Config\Paths))
CRITICAL - 2025-06-03 19:26:26 --> ParseError: syntax error, unexpected token "}"
[Method: POST, Route: auth/sendResetLink]
in APPPATH\Services\EmailService.php on line 15.
 1 VENDORPATH\composer\ClassLoader.php(432): Composer\Autoload\ClassLoader::Composer\Autoload\{closure}('C:\\xampp\\htdocs\\notes-saas\\vendor\\composer/../../app\\Services\\EmailService.php')
 2 APPPATH\Controllers\Auth.php(78): Composer\Autoload\ClassLoader->loadClass('App\\Services\\EmailService')
 3 SYSTEMPATH\CodeIgniter.php(933): App\Controllers\Auth->sendResetLink()
 4 SYSTEMPATH\CodeIgniter.php(507): CodeIgniter\CodeIgniter->runController(Object(App\Controllers\Auth))
 5 SYSTEMPATH\CodeIgniter.php(354): CodeIgniter\CodeIgniter->handleRequest(null, Object(Config\Cache), false)
 6 SYSTEMPATH\Boot.php(334): CodeIgniter\CodeIgniter->run()
 7 SYSTEMPATH\Boot.php(67): CodeIgniter\Boot::runCodeIgniter(Object(CodeIgniter\CodeIgniter))
 8 FCPATH\index.php(59): CodeIgniter\Boot::bootWeb(Object(Config\Paths))
CRITICAL - 2025-06-03 19:26:52 --> Error: Call to private App\Services\EmailService::__construct() from scope App\Controllers\Auth
[Method: POST, Route: auth/sendResetLink]
in APPPATH\Controllers\Auth.php on line 78.
 1 SYSTEMPATH\CodeIgniter.php(933): App\Controllers\Auth->sendResetLink()
 2 SYSTEMPATH\CodeIgniter.php(507): CodeIgniter\CodeIgniter->runController(Object(App\Controllers\Auth))
 3 SYSTEMPATH\CodeIgniter.php(354): CodeIgniter\CodeIgniter->handleRequest(null, Object(Config\Cache), false)
 4 SYSTEMPATH\Boot.php(334): CodeIgniter\CodeIgniter->run()
 5 SYSTEMPATH\Boot.php(67): CodeIgniter\Boot::runCodeIgniter(Object(CodeIgniter\CodeIgniter))
 6 FCPATH\index.php(59): CodeIgniter\Boot::bootWeb(Object(Config\Paths))
CRITICAL - 2025-06-03 21:26:24 --> ErrorException: Undefined variable $name
[Method: POST, Route: auth/sendResetLink]
in APPPATH\Views\emails\resetPasswordLink.php on line 1.
 1 APPPATH\Views\emails\resetPasswordLink.php(1): CodeIgniter\Debug\Exceptions->errorHandler(2, 'Undefined variable $name', 'C:\\xampp\\htdocs\\notes-saas\\app\\Views\\emails\\resetPasswordLink.php', 1)
 2 SYSTEMPATH\View\View.php(224): include('C:\\xampp\\htdocs\\notes-saas\\app\\Views\\emails\\resetPasswordLink.php')
 3 SYSTEMPATH\View\View.php(227): CodeIgniter\View\View->CodeIgniter\View\{closure}()
 4 SYSTEMPATH\Common.php(1173): CodeIgniter\View\View->render('emails/resetPasswordLink', [], true)
 5 APPPATH\Controllers\Auth.php(80): view('emails/resetPasswordLink', [...])
 6 SYSTEMPATH\CodeIgniter.php(933): App\Controllers\Auth->sendResetLink()
 7 SYSTEMPATH\CodeIgniter.php(507): CodeIgniter\CodeIgniter->runController(Object(App\Controllers\Auth))
 8 SYSTEMPATH\CodeIgniter.php(354): CodeIgniter\CodeIgniter->handleRequest(null, Object(Config\Cache), false)
 9 SYSTEMPATH\Boot.php(334): CodeIgniter\CodeIgniter->run()
10 SYSTEMPATH\Boot.php(67): CodeIgniter\Boot::runCodeIgniter(Object(CodeIgniter\CodeIgniter))
11 FCPATH\index.php(59): CodeIgniter\Boot::bootWeb(Object(Config\Paths))
