CRITICAL - 2025-07-26 12:54:57 --> Error: Call to undefined method App\Controllers\Api\Tasks::respondEdited()
[Method: PUT, Route: api/editTask/54]
in APPPATH\Controllers\Api\Tasks.php on line 82.
 1 SYSTEMPATH\CodeIgniter.php(933): App\Controllers\Api\Tasks->editTask('54')
 2 SYSTEMPATH\CodeIgniter.php(507): CodeIgniter\CodeIgniter->runController(Object(App\Controllers\Api\Tasks))
 3 SYSTEMPATH\CodeIgniter.php(354): CodeIgniter\CodeIgniter->handleRequest(null, Object(Config\Cache), false)
 4 SYSTEMPATH\Boot.php(334): CodeIgniter\CodeIgniter->run()
 5 SYSTEMPATH\Boot.php(67): CodeIgniter\Boot::runCodeIgniter(Object(CodeIgniter\CodeIgniter))
 6 FCPATH\index.php(59): CodeIgniter\Boot::bootWeb(Object(Config\Paths))
CRITICAL - 2025-07-26 14:21:01 --> CodeIgniter\View\Exceptions\ViewException: Invalid file: "bulkAdd.php"
[Method: GET, Route: bulkAdd]
in SYSTEMPATH\Exceptions\FrameworkException.php on line 39.
 1 SYSTEMPATH\View\View.php(212): CodeIgniter\Exceptions\FrameworkException::forInvalidFile('bulkAdd.php')
 2 SYSTEMPATH\Common.php(1173): CodeIgniter\View\View->render('bulkAdd', [], true)
 3 APPPATH\Controllers\BaseController.php(62): view('bulkAdd', [...])
 4 APPPATH\Controllers\Home.php(16): App\Controllers\BaseController->template('bulkAdd', [...])
 5 SYSTEMPATH\CodeIgniter.php(933): App\Controllers\Home->bulkAdd()
 6 SYSTEMPATH\CodeIgniter.php(507): CodeIgniter\CodeIgniter->runController(Object(App\Controllers\Home))
 7 SYSTEMPATH\CodeIgniter.php(354): CodeIgniter\CodeIgniter->handleRequest(null, Object(Config\Cache), false)
 8 SYSTEMPATH\Boot.php(334): CodeIgniter\CodeIgniter->run()
 9 SYSTEMPATH\Boot.php(67): CodeIgniter\Boot::runCodeIgniter(Object(CodeIgniter\CodeIgniter))
10 FCPATH\index.php(59): CodeIgniter\Boot::bootWeb(Object(Config\Paths))
