CRITICAL - 2025-07-06 15:25:07 --> ParseError: Unclosed '{' on line 24 does not match ']'
[Method: GET, Route: api/addUser]
in APPPATH\Controllers\Api\User.php on line 28.
 1 VENDORPATH\composer\ClassLoader.php(432): Composer\Autoload\ClassLoader::Composer\Autoload\{closure}('C:\\xampp\\htdocs\\notes-saas\\vendor\\composer/../../app/Controllers/Api/User.php')
 2 [internal function]: Composer\Autoload\ClassLoader->loadClass('App\\Controllers\\Api\\User')
 3 SYSTEMPATH\CodeIgniter.php(885): class_exists('\\App\\Controllers\\Api\\User', true)
 4 SYSTEMPATH\CodeIgniter.php(494): CodeIgniter\CodeIgniter->startController()
 5 SYSTEMPATH\CodeIgniter.php(354): CodeIgniter\CodeIgniter->handleRequest(null, Object(Config\Cache), false)
 6 SYSTEMPATH\Boot.php(334): CodeIgniter\CodeIgniter->run()
 7 SYSTEMPATH\Boot.php(67): CodeIgniter\Boot::runCodeIgniter(Object(CodeIgniter\CodeIgniter))
 8 FCPATH\index.php(59): CodeIgniter\Boot::bootWeb(Object(Config\Paths))
CRITICAL - 2025-07-06 15:26:08 --> ParseError: Unclosed '{' on line 24 does not match ')'
[Method: GET, Route: api/addUser]
in APPPATH\Controllers\Api\User.php on line 29.
 1 VENDORPATH\composer\ClassLoader.php(432): Composer\Autoload\ClassLoader::Composer\Autoload\{closure}('C:\\xampp\\htdocs\\notes-saas\\vendor\\composer/../../app/Controllers/Api/User.php')
 2 [internal function]: Composer\Autoload\ClassLoader->loadClass('App\\Controllers\\Api\\User')
 3 SYSTEMPATH\CodeIgniter.php(885): class_exists('\\App\\Controllers\\Api\\User', true)
 4 SYSTEMPATH\CodeIgniter.php(494): CodeIgniter\CodeIgniter->startController()
 5 SYSTEMPATH\CodeIgniter.php(354): CodeIgniter\CodeIgniter->handleRequest(null, Object(Config\Cache), false)
 6 SYSTEMPATH\Boot.php(334): CodeIgniter\CodeIgniter->run()
 7 SYSTEMPATH\Boot.php(67): CodeIgniter\Boot::runCodeIgniter(Object(CodeIgniter\CodeIgniter))
 8 FCPATH\index.php(59): CodeIgniter\Boot::bootWeb(Object(Config\Paths))
CRITICAL - 2025-07-06 15:26:40 --> ErrorException: Trying to access array offset on value of type null
[Method: GET, Route: api/addUser]
in APPPATH\Controllers\Api\User.php on line 22.
 1 APPPATH\Controllers\Api\User.php(22): CodeIgniter\Debug\Exceptions->errorHandler(2, 'Trying to access array offset on value of type null', 'C:\\xampp\\htdocs\\notes-saas\\app\\Controllers\\Api\\User.php', 22)
 2 SYSTEMPATH\CodeIgniter.php(933): App\Controllers\Api\User->create()
 3 SYSTEMPATH\CodeIgniter.php(507): CodeIgniter\CodeIgniter->runController(Object(App\Controllers\Api\User))
 4 SYSTEMPATH\CodeIgniter.php(354): CodeIgniter\CodeIgniter->handleRequest(null, Object(Config\Cache), false)
 5 SYSTEMPATH\Boot.php(334): CodeIgniter\CodeIgniter->run()
 6 SYSTEMPATH\Boot.php(67): CodeIgniter\Boot::runCodeIgniter(Object(CodeIgniter\CodeIgniter))
 7 FCPATH\index.php(59): CodeIgniter\Boot::bootWeb(Object(Config\Paths))
CRITICAL - 2025-07-06 15:35:59 --> ErrorException: Trying to access array offset on value of type null
[Method: GET, Route: api/addUser]
in APPPATH\Controllers\Api\User.php on line 22.
 1 APPPATH\Controllers\Api\User.php(22): CodeIgniter\Debug\Exceptions->errorHandler(2, 'Trying to access array offset on value of type null', 'C:\\xampp\\htdocs\\notes-saas\\app\\Controllers\\Api\\User.php', 22)
 2 SYSTEMPATH\CodeIgniter.php(933): App\Controllers\Api\User->create()
 3 SYSTEMPATH\CodeIgniter.php(507): CodeIgniter\CodeIgniter->runController(Object(App\Controllers\Api\User))
 4 SYSTEMPATH\CodeIgniter.php(354): CodeIgniter\CodeIgniter->handleRequest(null, Object(Config\Cache), false)
 5 SYSTEMPATH\Boot.php(334): CodeIgniter\CodeIgniter->run()
 6 SYSTEMPATH\Boot.php(67): CodeIgniter\Boot::runCodeIgniter(Object(CodeIgniter\CodeIgniter))
 7 FCPATH\index.php(59): CodeIgniter\Boot::bootWeb(Object(Config\Paths))
CRITICAL - 2025-07-06 15:38:56 --> ErrorException: Trying to access array offset on value of type null
[Method: GET, Route: api/addUser]
in APPPATH\Controllers\Api\User.php on line 22.
 1 APPPATH\Controllers\Api\User.php(22): CodeIgniter\Debug\Exceptions->errorHandler(2, 'Trying to access array offset on value of type null', 'C:\\xampp\\htdocs\\notes-saas\\app\\Controllers\\Api\\User.php', 22)
 2 SYSTEMPATH\CodeIgniter.php(933): App\Controllers\Api\User->create()
 3 SYSTEMPATH\CodeIgniter.php(507): CodeIgniter\CodeIgniter->runController(Object(App\Controllers\Api\User))
 4 SYSTEMPATH\CodeIgniter.php(354): CodeIgniter\CodeIgniter->handleRequest(null, Object(Config\Cache), false)
 5 SYSTEMPATH\Boot.php(334): CodeIgniter\CodeIgniter->run()
 6 SYSTEMPATH\Boot.php(67): CodeIgniter\Boot::runCodeIgniter(Object(CodeIgniter\CodeIgniter))
 7 FCPATH\index.php(59): CodeIgniter\Boot::bootWeb(Object(Config\Paths))
CRITICAL - 2025-07-06 15:43:18 --> ErrorException: Trying to access array offset on value of type null
[Method: GET, Route: api/addUser]
in APPPATH\Controllers\Api\User.php on line 22.
 1 APPPATH\Controllers\Api\User.php(22): CodeIgniter\Debug\Exceptions->errorHandler(2, 'Trying to access array offset on value of type null', 'C:\\xampp\\htdocs\\notes-saas\\app\\Controllers\\Api\\User.php', 22)
 2 SYSTEMPATH\CodeIgniter.php(933): App\Controllers\Api\User->create()
 3 SYSTEMPATH\CodeIgniter.php(507): CodeIgniter\CodeIgniter->runController(Object(App\Controllers\Api\User))
 4 SYSTEMPATH\CodeIgniter.php(354): CodeIgniter\CodeIgniter->handleRequest(null, Object(Config\Cache), false)
 5 SYSTEMPATH\Boot.php(334): CodeIgniter\CodeIgniter->run()
 6 SYSTEMPATH\Boot.php(67): CodeIgniter\Boot::runCodeIgniter(Object(CodeIgniter\CodeIgniter))
 7 FCPATH\index.php(59): CodeIgniter\Boot::bootWeb(Object(Config\Paths))
CRITICAL - 2025-07-06 15:45:37 --> ErrorException: Trying to access array offset on value of type null
[Method: GET, Route: api/addUser]
in APPPATH\Controllers\Api\User.php on line 22.
 1 APPPATH\Controllers\Api\User.php(22): CodeIgniter\Debug\Exceptions->errorHandler(2, 'Trying to access array offset on value of type null', 'C:\\xampp\\htdocs\\notes-saas\\app\\Controllers\\Api\\User.php', 22)
 2 SYSTEMPATH\CodeIgniter.php(933): App\Controllers\Api\User->create()
 3 SYSTEMPATH\CodeIgniter.php(507): CodeIgniter\CodeIgniter->runController(Object(App\Controllers\Api\User))
 4 SYSTEMPATH\CodeIgniter.php(354): CodeIgniter\CodeIgniter->handleRequest(null, Object(Config\Cache), false)
 5 SYSTEMPATH\Boot.php(334): CodeIgniter\CodeIgniter->run()
 6 SYSTEMPATH\Boot.php(67): CodeIgniter\Boot::runCodeIgniter(Object(CodeIgniter\CodeIgniter))
 7 FCPATH\index.php(59): CodeIgniter\Boot::bootWeb(Object(Config\Paths))
CRITICAL - 2025-07-06 15:49:10 --> ErrorException: Trying to access array offset on value of type null
[Method: GET, Route: api/addUser]
in APPPATH\Controllers\Api\User.php on line 22.
 1 APPPATH\Controllers\Api\User.php(22): CodeIgniter\Debug\Exceptions->errorHandler(2, 'Trying to access array offset on value of type null', 'C:\\xampp\\htdocs\\notes-saas\\app\\Controllers\\Api\\User.php', 22)
 2 SYSTEMPATH\CodeIgniter.php(933): App\Controllers\Api\User->create()
 3 SYSTEMPATH\CodeIgniter.php(507): CodeIgniter\CodeIgniter->runController(Object(App\Controllers\Api\User))
 4 SYSTEMPATH\CodeIgniter.php(354): CodeIgniter\CodeIgniter->handleRequest(null, Object(Config\Cache), false)
 5 SYSTEMPATH\Boot.php(334): CodeIgniter\CodeIgniter->run()
 6 SYSTEMPATH\Boot.php(67): CodeIgniter\Boot::runCodeIgniter(Object(CodeIgniter\CodeIgniter))
 7 FCPATH\index.php(59): CodeIgniter\Boot::bootWeb(Object(Config\Paths))
CRITICAL - 2025-07-06 15:56:05 --> TypeError: password_hash(): Argument #1 ($password) must be of type string, array given
[Method: POST, Route: api/addUser]
in APPPATH\Controllers\Api\User.php on line 22.
 1 APPPATH\Controllers\Api\User.php(22): password_hash([...], '2y')
 2 SYSTEMPATH\CodeIgniter.php(933): App\Controllers\Api\User->create()
 3 SYSTEMPATH\CodeIgniter.php(507): CodeIgniter\CodeIgniter->runController(Object(App\Controllers\Api\User))
 4 SYSTEMPATH\CodeIgniter.php(354): CodeIgniter\CodeIgniter->handleRequest(null, Object(Config\Cache), false)
 5 SYSTEMPATH\Boot.php(334): CodeIgniter\CodeIgniter->run()
 6 SYSTEMPATH\Boot.php(67): CodeIgniter\Boot::runCodeIgniter(Object(CodeIgniter\CodeIgniter))
 7 FCPATH\index.php(59): CodeIgniter\Boot::bootWeb(Object(Config\Paths))
CRITICAL - 2025-07-06 15:58:20 --> ParseError: syntax error, unexpected token ";"
[Method: GET, Route: /]
in APPPATH\Views\forms\registrationForm.php on line 14.
 1 SYSTEMPATH\View\View.php(227): CodeIgniter\View\View->CodeIgniter\View\{closure}()
 2 SYSTEMPATH\Common.php(1173): CodeIgniter\View\View->render('forms/registrationForm', [], true)
 3 APPPATH\Views\home.php(7): view('forms/registrationForm')
 4 SYSTEMPATH\View\View.php(224): include('C:\\xampp\\htdocs\\notes-saas\\app\\Views\\home.php')
 5 SYSTEMPATH\View\View.php(227): CodeIgniter\View\View->CodeIgniter\View\{closure}()
 6 SYSTEMPATH\Common.php(1173): CodeIgniter\View\View->render('home', [], true)
 7 APPPATH\Controllers\BaseController.php(62): view('home', [...])
 8 APPPATH\Controllers\Home.php(11): App\Controllers\BaseController->template('home', [...])
 9 SYSTEMPATH\CodeIgniter.php(933): App\Controllers\Home->index()
10 SYSTEMPATH\CodeIgniter.php(507): CodeIgniter\CodeIgniter->runController(Object(App\Controllers\Home))
11 SYSTEMPATH\CodeIgniter.php(354): CodeIgniter\CodeIgniter->handleRequest(null, Object(Config\Cache), false)
12 SYSTEMPATH\Boot.php(334): CodeIgniter\CodeIgniter->run()
13 SYSTEMPATH\Boot.php(67): CodeIgniter\Boot::runCodeIgniter(Object(CodeIgniter\CodeIgniter))
14 FCPATH\index.php(59): CodeIgniter\Boot::bootWeb(Object(Config\Paths))
CRITICAL - 2025-07-06 15:58:59 --> TypeError: password_hash(): Argument #1 ($password) must be of type string, array given
[Method: POST, Route: api/addUser]
in APPPATH\Controllers\Api\User.php on line 22.
 1 APPPATH\Controllers\Api\User.php(22): password_hash([...], '2y')
 2 SYSTEMPATH\CodeIgniter.php(933): App\Controllers\Api\User->create()
 3 SYSTEMPATH\CodeIgniter.php(507): CodeIgniter\CodeIgniter->runController(Object(App\Controllers\Api\User))
 4 SYSTEMPATH\CodeIgniter.php(354): CodeIgniter\CodeIgniter->handleRequest(null, Object(Config\Cache), false)
 5 SYSTEMPATH\Boot.php(334): CodeIgniter\CodeIgniter->run()
 6 SYSTEMPATH\Boot.php(67): CodeIgniter\Boot::runCodeIgniter(Object(CodeIgniter\CodeIgniter))
 7 FCPATH\index.php(59): CodeIgniter\Boot::bootWeb(Object(Config\Paths))
