CRITICAL - 2025-06-18 06:51:05 --> CodeIgniter\HTTP\Exceptions\BadRequestException: The URI you submitted has disallowed characters: "[object HTMLInputElement]"
[Method: GET, Route: api/users/%5Bobject%20HTMLInputElement%5D/rf]
in SYSTEMPATH\Router\Router.php on line 741.
 1 SYSTEMPATH\Router\Router.php(207): CodeIgniter\Router\Router->checkDisallowedChars('api/users/[object HTMLInputElement]/rf')
 2 SYSTEMPATH\CodeIgniter.php(832): CodeIgniter\Router\Router->handle('api/users/[object HTMLInputElement]/rf')
 3 SYSTEMPATH\CodeIgniter.php(455): CodeIgniter\CodeIgniter->tryToRouteIt(Object(CodeIgniter\Router\RouteCollection))
 4 SYSTEMPATH\CodeIgniter.php(354): CodeIgniter\CodeIgniter->handleRequest(null, Object(Config\Cache), false)
 5 SYSTEMPATH\Boot.php(334): CodeIgniter\CodeIgniter->run()
 6 SYSTEMPATH\Boot.php(67): CodeIgniter\Boot::runCodeIgniter(Object(CodeIgniter\CodeIgniter))
 7 FCPATH\index.php(59): CodeIgniter\Boot::bootWeb(Object(Config\Paths))
CRITICAL - 2025-06-18 06:51:05 --> CodeIgniter\HTTP\Exceptions\BadRequestException: The URI you submitted has disallowed characters: "[object HTMLInputElement]"
[Method: GET, Route: api/users/%5Bobject%20HTMLInputElement%5D/rfgg]
in SYSTEMPATH\Router\Router.php on line 741.
 1 SYSTEMPATH\Router\Router.php(207): CodeIgniter\Router\Router->checkDisallowedChars('api/users/[object HTMLInputElement]/rfgg')
 2 SYSTEMPATH\CodeIgniter.php(832): CodeIgniter\Router\Router->handle('api/users/[object HTMLInputElement]/rfgg')
 3 SYSTEMPATH\CodeIgniter.php(455): CodeIgniter\CodeIgniter->tryToRouteIt(Object(CodeIgniter\Router\RouteCollection))
 4 SYSTEMPATH\CodeIgniter.php(354): CodeIgniter\CodeIgniter->handleRequest(null, Object(Config\Cache), false)
 5 SYSTEMPATH\Boot.php(334): CodeIgniter\CodeIgniter->run()
 6 SYSTEMPATH\Boot.php(67): CodeIgniter\Boot::runCodeIgniter(Object(CodeIgniter\CodeIgniter))
 7 FCPATH\index.php(59): CodeIgniter\Boot::bootWeb(Object(Config\Paths))
CRITICAL - 2025-06-18 06:51:05 --> CodeIgniter\HTTP\Exceptions\BadRequestException: The URI you submitted has disallowed characters: "[object HTMLInputElement]"
[Method: GET, Route: api/users/%5Bobject%20HTMLInputElement%5D/r]
in SYSTEMPATH\Router\Router.php on line 741.
 1 SYSTEMPATH\Router\Router.php(207): CodeIgniter\Router\Router->checkDisallowedChars('api/users/[object HTMLInputElement]/r')
 2 SYSTEMPATH\CodeIgniter.php(832): CodeIgniter\Router\Router->handle('api/users/[object HTMLInputElement]/r')
 3 SYSTEMPATH\CodeIgniter.php(455): CodeIgniter\CodeIgniter->tryToRouteIt(Object(CodeIgniter\Router\RouteCollection))
 4 SYSTEMPATH\CodeIgniter.php(354): CodeIgniter\CodeIgniter->handleRequest(null, Object(Config\Cache), false)
 5 SYSTEMPATH\Boot.php(334): CodeIgniter\CodeIgniter->run()
 6 SYSTEMPATH\Boot.php(67): CodeIgniter\Boot::runCodeIgniter(Object(CodeIgniter\CodeIgniter))
 7 FCPATH\index.php(59): CodeIgniter\Boot::bootWeb(Object(Config\Paths))
CRITICAL - 2025-06-18 06:52:17 --> CodeIgniter\HTTP\Exceptions\BadRequestException: The URI you submitted has disallowed characters: "' team_id '"
[Method: GET, Route: api/users/%27%20team_id%20%27/%27%20encodeURIComponent%28search%29]
in SYSTEMPATH\Router\Router.php on line 741.
 1 SYSTEMPATH\Router\Router.php(207): CodeIgniter\Router\Router->checkDisallowedChars('api/users/\' team_id \'/\' encodeURIComponent(search)')
 2 SYSTEMPATH\CodeIgniter.php(832): CodeIgniter\Router\Router->handle('api/users/\' team_id \'/\' encodeURIComponent(search)')
 3 SYSTEMPATH\CodeIgniter.php(455): CodeIgniter\CodeIgniter->tryToRouteIt(Object(CodeIgniter\Router\RouteCollection))
 4 SYSTEMPATH\CodeIgniter.php(354): CodeIgniter\CodeIgniter->handleRequest(null, Object(Config\Cache), false)
 5 SYSTEMPATH\Boot.php(334): CodeIgniter\CodeIgniter->run()
 6 SYSTEMPATH\Boot.php(67): CodeIgniter\Boot::runCodeIgniter(Object(CodeIgniter\CodeIgniter))
 7 FCPATH\index.php(59): CodeIgniter\Boot::bootWeb(Object(Config\Paths))
ERROR - 2025-06-18 06:53:53 --> mysqli_sql_exception: You have an error in your SQL syntax; check the manual that corresponds to your MariaDB server version for the right syntax to use near '?
            ) (1)' at line 5 in C:\xampp\htdocs\notes-saas\vendor\codeigniter4\framework\system\Database\MySQLi\Connection.php:327
Stack trace:
#0 C:\xampp\htdocs\notes-saas\vendor\codeigniter4\framework\system\Database\MySQLi\Connection.php(327): mysqli->query('SELECT `users`....', 0)
#1 C:\xampp\htdocs\notes-saas\vendor\codeigniter4\framework\system\Database\BaseConnection.php(738): CodeIgniter\Database\MySQLi\Connection->execute('SELECT `users`....')
#2 C:\xampp\htdocs\notes-saas\vendor\codeigniter4\framework\system\Database\BaseConnection.php(652): CodeIgniter\Database\BaseConnection->simpleQuery('SELECT `users`....')
#3 C:\xampp\htdocs\notes-saas\vendor\codeigniter4\framework\system\Database\BaseBuilder.php(1649): CodeIgniter\Database\BaseConnection->query('SELECT `users`....', Array, false)
#4 C:\xampp\htdocs\notes-saas\app\Models\UserModel.php(62): CodeIgniter\Database\BaseBuilder->get()
#5 C:\xampp\htdocs\notes-saas\app\Controllers\Api\User.php(43): App\Models\UserModel->getUsersNotInTeam('1', 't')
#6 C:\xampp\htdocs\notes-saas\vendor\codeigniter4\framework\system\CodeIgniter.php(933): App\Controllers\Api\User->getUsers('1', 't')
#7 C:\xampp\htdocs\notes-saas\vendor\codeigniter4\framework\system\CodeIgniter.php(507): CodeIgniter\CodeIgniter->runController(Object(App\Controllers\Api\User))
#8 C:\xampp\htdocs\notes-saas\vendor\codeigniter4\framework\system\CodeIgniter.php(354): CodeIgniter\CodeIgniter->handleRequest(NULL, Object(Config\Cache), false)
#9 C:\xampp\htdocs\notes-saas\vendor\codeigniter4\framework\system\Boot.php(334): CodeIgniter\CodeIgniter->run()
#10 C:\xampp\htdocs\notes-saas\vendor\codeigniter4\framework\system\Boot.php(67): CodeIgniter\Boot::runCodeIgniter(Object(CodeIgniter\CodeIgniter))
#11 C:\xampp\htdocs\notes-saas\public\index.php(59): CodeIgniter\Boot::bootWeb(Object(Config\Paths))
#12 {main}
CRITICAL - 2025-06-18 06:53:53 --> CodeIgniter\Database\Exceptions\DatabaseException: You have an error in your SQL syntax; check the manual that corresponds to your MariaDB server version for the right syntax to use near '?
            ) (1)' at line 5
[Method: GET, Route: api/users/1/t]
in SYSTEMPATH\Database\BaseConnection.php on line 692.
 1 SYSTEMPATH\Database\BaseBuilder.php(1649): CodeIgniter\Database\BaseConnection->query('SELECT `users`.`id`, `users`.`email`
FROM `users`
WHERE `users`.`email` LIKE :users.email: ESCAPE \'!\'
AND users.id NOT IN (
                SELECT user_id FROM team_users WHERE team_id = ?
            ) :users.id NOT IN (
                SELECT user_id FROM team_users WHERE team_id = ?
            ):', [...], false)
 2 APPPATH\Models\UserModel.php(62): CodeIgniter\Database\BaseBuilder->get()
 3 APPPATH\Controllers\Api\User.php(43): App\Models\UserModel->getUsersNotInTeam('1', 't')
 4 SYSTEMPATH\CodeIgniter.php(933): App\Controllers\Api\User->getUsers('1', 't')
 5 SYSTEMPATH\CodeIgniter.php(507): CodeIgniter\CodeIgniter->runController(Object(App\Controllers\Api\User))
 6 SYSTEMPATH\CodeIgniter.php(354): CodeIgniter\CodeIgniter->handleRequest(null, Object(Config\Cache), false)
 7 SYSTEMPATH\Boot.php(334): CodeIgniter\CodeIgniter->run()
 8 SYSTEMPATH\Boot.php(67): CodeIgniter\Boot::runCodeIgniter(Object(CodeIgniter\CodeIgniter))
 9 FCPATH\index.php(59): CodeIgniter\Boot::bootWeb(Object(Config\Paths))
CRITICAL - 2025-06-18 06:53:53 --> [Caused by] CodeIgniter\Database\Exceptions\DatabaseException: You have an error in your SQL syntax; check the manual that corresponds to your MariaDB server version for the right syntax to use near '?
            ) (1)' at line 5
in SYSTEMPATH\Database\MySQLi\Connection.php on line 332.
 1 SYSTEMPATH\Database\BaseConnection.php(738): CodeIgniter\Database\MySQLi\Connection->execute('SELECT `users`.`id`, `users`.`email`
FROM `users`
WHERE `users`.`email` LIKE \'%t%\' ESCAPE \'!\'
AND users.id NOT IN (
                SELECT user_id FROM team_users WHERE team_id = ?
            ) (1)')
 2 SYSTEMPATH\Database\BaseConnection.php(652): CodeIgniter\Database\BaseConnection->simpleQuery('SELECT `users`.`id`, `users`.`email`
FROM `users`
WHERE `users`.`email` LIKE \'%t%\' ESCAPE \'!\'
AND users.id NOT IN (
                SELECT user_id FROM team_users WHERE team_id = ?
            ) (1)')
 3 SYSTEMPATH\Database\BaseBuilder.php(1649): CodeIgniter\Database\BaseConnection->query('SELECT `users`.`id`, `users`.`email`
FROM `users`
WHERE `users`.`email` LIKE :users.email: ESCAPE \'!\'
AND users.id NOT IN (
                SELECT user_id FROM team_users WHERE team_id = ?
            ) :users.id NOT IN (
                SELECT user_id FROM team_users WHERE team_id = ?
            ):', [...], false)
 4 APPPATH\Models\UserModel.php(62): CodeIgniter\Database\BaseBuilder->get()
 5 APPPATH\Controllers\Api\User.php(43): App\Models\UserModel->getUsersNotInTeam('1', 't')
 6 SYSTEMPATH\CodeIgniter.php(933): App\Controllers\Api\User->getUsers('1', 't')
 7 SYSTEMPATH\CodeIgniter.php(507): CodeIgniter\CodeIgniter->runController(Object(App\Controllers\Api\User))
 8 SYSTEMPATH\CodeIgniter.php(354): CodeIgniter\CodeIgniter->handleRequest(null, Object(Config\Cache), false)
 9 SYSTEMPATH\Boot.php(334): CodeIgniter\CodeIgniter->run()
10 SYSTEMPATH\Boot.php(67): CodeIgniter\Boot::runCodeIgniter(Object(CodeIgniter\CodeIgniter))
11 FCPATH\index.php(59): CodeIgniter\Boot::bootWeb(Object(Config\Paths))
CRITICAL - 2025-06-18 06:53:53 --> [Caused by] mysqli_sql_exception: You have an error in your SQL syntax; check the manual that corresponds to your MariaDB server version for the right syntax to use near '?
            ) (1)' at line 5
in SYSTEMPATH\Database\MySQLi\Connection.php on line 327.
 1 SYSTEMPATH\Database\MySQLi\Connection.php(327): mysqli->query('SELECT `users`.`id`, `users`.`email`
FROM `users`
WHERE `users`.`email` LIKE \'%t%\' ESCAPE \'!\'
AND users.id NOT IN (
                SELECT user_id FROM team_users WHERE team_id = ?
            ) (1)', 0)
 2 SYSTEMPATH\Database\BaseConnection.php(738): CodeIgniter\Database\MySQLi\Connection->execute('SELECT `users`.`id`, `users`.`email`
FROM `users`
WHERE `users`.`email` LIKE \'%t%\' ESCAPE \'!\'
AND users.id NOT IN (
                SELECT user_id FROM team_users WHERE team_id = ?
            ) (1)')
 3 SYSTEMPATH\Database\BaseConnection.php(652): CodeIgniter\Database\BaseConnection->simpleQuery('SELECT `users`.`id`, `users`.`email`
FROM `users`
WHERE `users`.`email` LIKE \'%t%\' ESCAPE \'!\'
AND users.id NOT IN (
                SELECT user_id FROM team_users WHERE team_id = ?
            ) (1)')
 4 SYSTEMPATH\Database\BaseBuilder.php(1649): CodeIgniter\Database\BaseConnection->query('SELECT `users`.`id`, `users`.`email`
FROM `users`
WHERE `users`.`email` LIKE :users.email: ESCAPE \'!\'
AND users.id NOT IN (
                SELECT user_id FROM team_users WHERE team_id = ?
            ) :users.id NOT IN (
                SELECT user_id FROM team_users WHERE team_id = ?
            ):', [...], false)
 5 APPPATH\Models\UserModel.php(62): CodeIgniter\Database\BaseBuilder->get()
 6 APPPATH\Controllers\Api\User.php(43): App\Models\UserModel->getUsersNotInTeam('1', 't')
 7 SYSTEMPATH\CodeIgniter.php(933): App\Controllers\Api\User->getUsers('1', 't')
 8 SYSTEMPATH\CodeIgniter.php(507): CodeIgniter\CodeIgniter->runController(Object(App\Controllers\Api\User))
 9 SYSTEMPATH\CodeIgniter.php(354): CodeIgniter\CodeIgniter->handleRequest(null, Object(Config\Cache), false)
10 SYSTEMPATH\Boot.php(334): CodeIgniter\CodeIgniter->run()
11 SYSTEMPATH\Boot.php(67): CodeIgniter\Boot::runCodeIgniter(Object(CodeIgniter\CodeIgniter))
12 FCPATH\index.php(59): CodeIgniter\Boot::bootWeb(Object(Config\Paths))
ERROR - 2025-06-18 06:53:56 --> mysqli_sql_exception: You have an error in your SQL syntax; check the manual that corresponds to your MariaDB server version for the right syntax to use near '?
            ) (1)' at line 5 in C:\xampp\htdocs\notes-saas\vendor\codeigniter4\framework\system\Database\MySQLi\Connection.php:327
Stack trace:
#0 C:\xampp\htdocs\notes-saas\vendor\codeigniter4\framework\system\Database\MySQLi\Connection.php(327): mysqli->query('SELECT `users`....', 0)
#1 C:\xampp\htdocs\notes-saas\vendor\codeigniter4\framework\system\Database\BaseConnection.php(738): CodeIgniter\Database\MySQLi\Connection->execute('SELECT `users`....')
#2 C:\xampp\htdocs\notes-saas\vendor\codeigniter4\framework\system\Database\BaseConnection.php(652): CodeIgniter\Database\BaseConnection->simpleQuery('SELECT `users`....')
#3 C:\xampp\htdocs\notes-saas\vendor\codeigniter4\framework\system\Database\BaseBuilder.php(1649): CodeIgniter\Database\BaseConnection->query('SELECT `users`....', Array, false)
#4 C:\xampp\htdocs\notes-saas\app\Models\UserModel.php(62): CodeIgniter\Database\BaseBuilder->get()
#5 C:\xampp\htdocs\notes-saas\app\Controllers\Api\User.php(43): App\Models\UserModel->getUsersNotInTeam('1', 's')
#6 C:\xampp\htdocs\notes-saas\vendor\codeigniter4\framework\system\CodeIgniter.php(933): App\Controllers\Api\User->getUsers('1', 's')
#7 C:\xampp\htdocs\notes-saas\vendor\codeigniter4\framework\system\CodeIgniter.php(507): CodeIgniter\CodeIgniter->runController(Object(App\Controllers\Api\User))
#8 C:\xampp\htdocs\notes-saas\vendor\codeigniter4\framework\system\CodeIgniter.php(354): CodeIgniter\CodeIgniter->handleRequest(NULL, Object(Config\Cache), false)
#9 C:\xampp\htdocs\notes-saas\vendor\codeigniter4\framework\system\Boot.php(334): CodeIgniter\CodeIgniter->run()
#10 C:\xampp\htdocs\notes-saas\vendor\codeigniter4\framework\system\Boot.php(67): CodeIgniter\Boot::runCodeIgniter(Object(CodeIgniter\CodeIgniter))
#11 C:\xampp\htdocs\notes-saas\public\index.php(59): CodeIgniter\Boot::bootWeb(Object(Config\Paths))
#12 {main}
CRITICAL - 2025-06-18 06:53:56 --> CodeIgniter\Database\Exceptions\DatabaseException: You have an error in your SQL syntax; check the manual that corresponds to your MariaDB server version for the right syntax to use near '?
            ) (1)' at line 5
[Method: GET, Route: api/users/1/s]
in SYSTEMPATH\Database\BaseConnection.php on line 692.
 1 SYSTEMPATH\Database\BaseBuilder.php(1649): CodeIgniter\Database\BaseConnection->query('SELECT `users`.`id`, `users`.`email`
FROM `users`
WHERE `users`.`email` LIKE :users.email: ESCAPE \'!\'
AND users.id NOT IN (
                SELECT user_id FROM team_users WHERE team_id = ?
            ) :users.id NOT IN (
                SELECT user_id FROM team_users WHERE team_id = ?
            ):', [...], false)
 2 APPPATH\Models\UserModel.php(62): CodeIgniter\Database\BaseBuilder->get()
 3 APPPATH\Controllers\Api\User.php(43): App\Models\UserModel->getUsersNotInTeam('1', 's')
 4 SYSTEMPATH\CodeIgniter.php(933): App\Controllers\Api\User->getUsers('1', 's')
 5 SYSTEMPATH\CodeIgniter.php(507): CodeIgniter\CodeIgniter->runController(Object(App\Controllers\Api\User))
 6 SYSTEMPATH\CodeIgniter.php(354): CodeIgniter\CodeIgniter->handleRequest(null, Object(Config\Cache), false)
 7 SYSTEMPATH\Boot.php(334): CodeIgniter\CodeIgniter->run()
 8 SYSTEMPATH\Boot.php(67): CodeIgniter\Boot::runCodeIgniter(Object(CodeIgniter\CodeIgniter))
 9 FCPATH\index.php(59): CodeIgniter\Boot::bootWeb(Object(Config\Paths))
CRITICAL - 2025-06-18 06:53:56 --> [Caused by] CodeIgniter\Database\Exceptions\DatabaseException: You have an error in your SQL syntax; check the manual that corresponds to your MariaDB server version for the right syntax to use near '?
            ) (1)' at line 5
in SYSTEMPATH\Database\MySQLi\Connection.php on line 332.
 1 SYSTEMPATH\Database\BaseConnection.php(738): CodeIgniter\Database\MySQLi\Connection->execute('SELECT `users`.`id`, `users`.`email`
FROM `users`
WHERE `users`.`email` LIKE \'%s%\' ESCAPE \'!\'
AND users.id NOT IN (
                SELECT user_id FROM team_users WHERE team_id = ?
            ) (1)')
 2 SYSTEMPATH\Database\BaseConnection.php(652): CodeIgniter\Database\BaseConnection->simpleQuery('SELECT `users`.`id`, `users`.`email`
FROM `users`
WHERE `users`.`email` LIKE \'%s%\' ESCAPE \'!\'
AND users.id NOT IN (
                SELECT user_id FROM team_users WHERE team_id = ?
            ) (1)')
 3 SYSTEMPATH\Database\BaseBuilder.php(1649): CodeIgniter\Database\BaseConnection->query('SELECT `users`.`id`, `users`.`email`
FROM `users`
WHERE `users`.`email` LIKE :users.email: ESCAPE \'!\'
AND users.id NOT IN (
                SELECT user_id FROM team_users WHERE team_id = ?
            ) :users.id NOT IN (
                SELECT user_id FROM team_users WHERE team_id = ?
            ):', [...], false)
 4 APPPATH\Models\UserModel.php(62): CodeIgniter\Database\BaseBuilder->get()
 5 APPPATH\Controllers\Api\User.php(43): App\Models\UserModel->getUsersNotInTeam('1', 's')
 6 SYSTEMPATH\CodeIgniter.php(933): App\Controllers\Api\User->getUsers('1', 's')
 7 SYSTEMPATH\CodeIgniter.php(507): CodeIgniter\CodeIgniter->runController(Object(App\Controllers\Api\User))
 8 SYSTEMPATH\CodeIgniter.php(354): CodeIgniter\CodeIgniter->handleRequest(null, Object(Config\Cache), false)
 9 SYSTEMPATH\Boot.php(334): CodeIgniter\CodeIgniter->run()
10 SYSTEMPATH\Boot.php(67): CodeIgniter\Boot::runCodeIgniter(Object(CodeIgniter\CodeIgniter))
11 FCPATH\index.php(59): CodeIgniter\Boot::bootWeb(Object(Config\Paths))
CRITICAL - 2025-06-18 06:53:56 --> [Caused by] mysqli_sql_exception: You have an error in your SQL syntax; check the manual that corresponds to your MariaDB server version for the right syntax to use near '?
            ) (1)' at line 5
in SYSTEMPATH\Database\MySQLi\Connection.php on line 327.
 1 SYSTEMPATH\Database\MySQLi\Connection.php(327): mysqli->query('SELECT `users`.`id`, `users`.`email`
FROM `users`
WHERE `users`.`email` LIKE \'%s%\' ESCAPE \'!\'
AND users.id NOT IN (
                SELECT user_id FROM team_users WHERE team_id = ?
            ) (1)', 0)
 2 SYSTEMPATH\Database\BaseConnection.php(738): CodeIgniter\Database\MySQLi\Connection->execute('SELECT `users`.`id`, `users`.`email`
FROM `users`
WHERE `users`.`email` LIKE \'%s%\' ESCAPE \'!\'
AND users.id NOT IN (
                SELECT user_id FROM team_users WHERE team_id = ?
            ) (1)')
 3 SYSTEMPATH\Database\BaseConnection.php(652): CodeIgniter\Database\BaseConnection->simpleQuery('SELECT `users`.`id`, `users`.`email`
FROM `users`
WHERE `users`.`email` LIKE \'%s%\' ESCAPE \'!\'
AND users.id NOT IN (
                SELECT user_id FROM team_users WHERE team_id = ?
            ) (1)')
 4 SYSTEMPATH\Database\BaseBuilder.php(1649): CodeIgniter\Database\BaseConnection->query('SELECT `users`.`id`, `users`.`email`
FROM `users`
WHERE `users`.`email` LIKE :users.email: ESCAPE \'!\'
AND users.id NOT IN (
                SELECT user_id FROM team_users WHERE team_id = ?
            ) :users.id NOT IN (
                SELECT user_id FROM team_users WHERE team_id = ?
            ):', [...], false)
 5 APPPATH\Models\UserModel.php(62): CodeIgniter\Database\BaseBuilder->get()
 6 APPPATH\Controllers\Api\User.php(43): App\Models\UserModel->getUsersNotInTeam('1', 's')
 7 SYSTEMPATH\CodeIgniter.php(933): App\Controllers\Api\User->getUsers('1', 's')
 8 SYSTEMPATH\CodeIgniter.php(507): CodeIgniter\CodeIgniter->runController(Object(App\Controllers\Api\User))
 9 SYSTEMPATH\CodeIgniter.php(354): CodeIgniter\CodeIgniter->handleRequest(null, Object(Config\Cache), false)
10 SYSTEMPATH\Boot.php(334): CodeIgniter\CodeIgniter->run()
11 SYSTEMPATH\Boot.php(67): CodeIgniter\Boot::runCodeIgniter(Object(CodeIgniter\CodeIgniter))
12 FCPATH\index.php(59): CodeIgniter\Boot::bootWeb(Object(Config\Paths))
ERROR - 2025-06-18 06:54:27 --> mysqli_sql_exception: You have an error in your SQL syntax; check the manual that corresponds to your MariaDB server version for the right syntax to use near '?
            ) (1)' at line 5 in C:\xampp\htdocs\notes-saas\vendor\codeigniter4\framework\system\Database\MySQLi\Connection.php:327
Stack trace:
#0 C:\xampp\htdocs\notes-saas\vendor\codeigniter4\framework\system\Database\MySQLi\Connection.php(327): mysqli->query('SELECT `users`....', 0)
#1 C:\xampp\htdocs\notes-saas\vendor\codeigniter4\framework\system\Database\BaseConnection.php(738): CodeIgniter\Database\MySQLi\Connection->execute('SELECT `users`....')
#2 C:\xampp\htdocs\notes-saas\vendor\codeigniter4\framework\system\Database\BaseConnection.php(652): CodeIgniter\Database\BaseConnection->simpleQuery('SELECT `users`....')
#3 C:\xampp\htdocs\notes-saas\vendor\codeigniter4\framework\system\Database\BaseBuilder.php(1649): CodeIgniter\Database\BaseConnection->query('SELECT `users`....', Array, false)
#4 C:\xampp\htdocs\notes-saas\app\Models\UserModel.php(62): CodeIgniter\Database\BaseBuilder->get()
#5 C:\xampp\htdocs\notes-saas\app\Controllers\Api\User.php(43): App\Models\UserModel->getUsersNotInTeam('1', 'sttt')
#6 C:\xampp\htdocs\notes-saas\vendor\codeigniter4\framework\system\CodeIgniter.php(933): App\Controllers\Api\User->getUsers('1', 'sttt')
#7 C:\xampp\htdocs\notes-saas\vendor\codeigniter4\framework\system\CodeIgniter.php(507): CodeIgniter\CodeIgniter->runController(Object(App\Controllers\Api\User))
#8 C:\xampp\htdocs\notes-saas\vendor\codeigniter4\framework\system\CodeIgniter.php(354): CodeIgniter\CodeIgniter->handleRequest(NULL, Object(Config\Cache), false)
#9 C:\xampp\htdocs\notes-saas\vendor\codeigniter4\framework\system\Boot.php(334): CodeIgniter\CodeIgniter->run()
#10 C:\xampp\htdocs\notes-saas\vendor\codeigniter4\framework\system\Boot.php(67): CodeIgniter\Boot::runCodeIgniter(Object(CodeIgniter\CodeIgniter))
#11 C:\xampp\htdocs\notes-saas\public\index.php(59): CodeIgniter\Boot::bootWeb(Object(Config\Paths))
#12 {main}
CRITICAL - 2025-06-18 06:54:27 --> CodeIgniter\Database\Exceptions\DatabaseException: You have an error in your SQL syntax; check the manual that corresponds to your MariaDB server version for the right syntax to use near '?
            ) (1)' at line 5
[Method: GET, Route: api/users/1/sttt]
in SYSTEMPATH\Database\BaseConnection.php on line 692.
 1 SYSTEMPATH\Database\BaseBuilder.php(1649): CodeIgniter\Database\BaseConnection->query('SELECT `users`.`id`, `users`.`email`
FROM `users`
WHERE `users`.`email` LIKE :users.email: ESCAPE \'!\'
AND users.id NOT IN (
                SELECT user_id FROM team_users WHERE team_id = ?
            ) :users.id NOT IN (
                SELECT user_id FROM team_users WHERE team_id = ?
            ):', [...], false)
 2 APPPATH\Models\UserModel.php(62): CodeIgniter\Database\BaseBuilder->get()
 3 APPPATH\Controllers\Api\User.php(43): App\Models\UserModel->getUsersNotInTeam('1', 'sttt')
 4 SYSTEMPATH\CodeIgniter.php(933): App\Controllers\Api\User->getUsers('1', 'sttt')
 5 SYSTEMPATH\CodeIgniter.php(507): CodeIgniter\CodeIgniter->runController(Object(App\Controllers\Api\User))
 6 SYSTEMPATH\CodeIgniter.php(354): CodeIgniter\CodeIgniter->handleRequest(null, Object(Config\Cache), false)
 7 SYSTEMPATH\Boot.php(334): CodeIgniter\CodeIgniter->run()
 8 SYSTEMPATH\Boot.php(67): CodeIgniter\Boot::runCodeIgniter(Object(CodeIgniter\CodeIgniter))
 9 FCPATH\index.php(59): CodeIgniter\Boot::bootWeb(Object(Config\Paths))
CRITICAL - 2025-06-18 06:54:27 --> [Caused by] CodeIgniter\Database\Exceptions\DatabaseException: You have an error in your SQL syntax; check the manual that corresponds to your MariaDB server version for the right syntax to use near '?
            ) (1)' at line 5
in SYSTEMPATH\Database\MySQLi\Connection.php on line 332.
 1 SYSTEMPATH\Database\BaseConnection.php(738): CodeIgniter\Database\MySQLi\Connection->execute('SELECT `users`.`id`, `users`.`email`
FROM `users`
WHERE `users`.`email` LIKE \'%sttt%\' ESCAPE \'!\'
AND users.id NOT IN (
                SELECT user_id FROM team_users WHERE team_id = ?
            ) (1)')
 2 SYSTEMPATH\Database\BaseConnection.php(652): CodeIgniter\Database\BaseConnection->simpleQuery('SELECT `users`.`id`, `users`.`email`
FROM `users`
WHERE `users`.`email` LIKE \'%sttt%\' ESCAPE \'!\'
AND users.id NOT IN (
                SELECT user_id FROM team_users WHERE team_id = ?
            ) (1)')
 3 SYSTEMPATH\Database\BaseBuilder.php(1649): CodeIgniter\Database\BaseConnection->query('SELECT `users`.`id`, `users`.`email`
FROM `users`
WHERE `users`.`email` LIKE :users.email: ESCAPE \'!\'
AND users.id NOT IN (
                SELECT user_id FROM team_users WHERE team_id = ?
            ) :users.id NOT IN (
                SELECT user_id FROM team_users WHERE team_id = ?
            ):', [...], false)
 4 APPPATH\Models\UserModel.php(62): CodeIgniter\Database\BaseBuilder->get()
 5 APPPATH\Controllers\Api\User.php(43): App\Models\UserModel->getUsersNotInTeam('1', 'sttt')
 6 SYSTEMPATH\CodeIgniter.php(933): App\Controllers\Api\User->getUsers('1', 'sttt')
 7 SYSTEMPATH\CodeIgniter.php(507): CodeIgniter\CodeIgniter->runController(Object(App\Controllers\Api\User))
 8 SYSTEMPATH\CodeIgniter.php(354): CodeIgniter\CodeIgniter->handleRequest(null, Object(Config\Cache), false)
 9 SYSTEMPATH\Boot.php(334): CodeIgniter\CodeIgniter->run()
10 SYSTEMPATH\Boot.php(67): CodeIgniter\Boot::runCodeIgniter(Object(CodeIgniter\CodeIgniter))
11 FCPATH\index.php(59): CodeIgniter\Boot::bootWeb(Object(Config\Paths))
CRITICAL - 2025-06-18 06:54:27 --> [Caused by] mysqli_sql_exception: You have an error in your SQL syntax; check the manual that corresponds to your MariaDB server version for the right syntax to use near '?
            ) (1)' at line 5
in SYSTEMPATH\Database\MySQLi\Connection.php on line 327.
 1 SYSTEMPATH\Database\MySQLi\Connection.php(327): mysqli->query('SELECT `users`.`id`, `users`.`email`
FROM `users`
WHERE `users`.`email` LIKE \'%sttt%\' ESCAPE \'!\'
AND users.id NOT IN (
                SELECT user_id FROM team_users WHERE team_id = ?
            ) (1)', 0)
 2 SYSTEMPATH\Database\BaseConnection.php(738): CodeIgniter\Database\MySQLi\Connection->execute('SELECT `users`.`id`, `users`.`email`
FROM `users`
WHERE `users`.`email` LIKE \'%sttt%\' ESCAPE \'!\'
AND users.id NOT IN (
                SELECT user_id FROM team_users WHERE team_id = ?
            ) (1)')
 3 SYSTEMPATH\Database\BaseConnection.php(652): CodeIgniter\Database\BaseConnection->simpleQuery('SELECT `users`.`id`, `users`.`email`
FROM `users`
WHERE `users`.`email` LIKE \'%sttt%\' ESCAPE \'!\'
AND users.id NOT IN (
                SELECT user_id FROM team_users WHERE team_id = ?
            ) (1)')
 4 SYSTEMPATH\Database\BaseBuilder.php(1649): CodeIgniter\Database\BaseConnection->query('SELECT `users`.`id`, `users`.`email`
FROM `users`
WHERE `users`.`email` LIKE :users.email: ESCAPE \'!\'
AND users.id NOT IN (
                SELECT user_id FROM team_users WHERE team_id = ?
            ) :users.id NOT IN (
                SELECT user_id FROM team_users WHERE team_id = ?
            ):', [...], false)
 5 APPPATH\Models\UserModel.php(62): CodeIgniter\Database\BaseBuilder->get()
 6 APPPATH\Controllers\Api\User.php(43): App\Models\UserModel->getUsersNotInTeam('1', 'sttt')
 7 SYSTEMPATH\CodeIgniter.php(933): App\Controllers\Api\User->getUsers('1', 'sttt')
 8 SYSTEMPATH\CodeIgniter.php(507): CodeIgniter\CodeIgniter->runController(Object(App\Controllers\Api\User))
 9 SYSTEMPATH\CodeIgniter.php(354): CodeIgniter\CodeIgniter->handleRequest(null, Object(Config\Cache), false)
10 SYSTEMPATH\Boot.php(334): CodeIgniter\CodeIgniter->run()
11 SYSTEMPATH\Boot.php(67): CodeIgniter\Boot::runCodeIgniter(Object(CodeIgniter\CodeIgniter))
12 FCPATH\index.php(59): CodeIgniter\Boot::bootWeb(Object(Config\Paths))
CRITICAL - 2025-06-18 20:22:31 --> ErrorException: Undefined array key "users"
[Method: POST, Route: api/invite/1]
in APPPATH\Controllers\Api\Team.php on line 79.
 1 APPPATH\Controllers\Api\Team.php(79): CodeIgniter\Debug\Exceptions->errorHandler(2, 'Undefined array key "users"', 'C:\\xampp\\htdocs\\notes-saas\\app\\Controllers\\Api\\Team.php', 79)
 2 SYSTEMPATH\CodeIgniter.php(933): App\Controllers\Api\Team->invite('1')
 3 SYSTEMPATH\CodeIgniter.php(507): CodeIgniter\CodeIgniter->runController(Object(App\Controllers\Api\Team))
 4 SYSTEMPATH\CodeIgniter.php(354): CodeIgniter\CodeIgniter->handleRequest(null, Object(Config\Cache), false)
 5 SYSTEMPATH\Boot.php(334): CodeIgniter\CodeIgniter->run()
 6 SYSTEMPATH\Boot.php(67): CodeIgniter\Boot::runCodeIgniter(Object(CodeIgniter\CodeIgniter))
 7 FCPATH\index.php(59): CodeIgniter\Boot::bootWeb(Object(Config\Paths))
